Processing anamva_608.C...
                         : Parsing option string: 
                         : ... "V:!Silent:Color:Transformations=I:DrawProgressBar:AnalysisType=Classification"
                         : The following options are set:
                         : - By User:
                         :     V: "True" [Verbose flag]
                         :     Color: "True" [Flag for coloured screen output (default: True, if in batch mode: False)]
                         :     Transformations: "I" [List of transformations to test; formatting example: "Transformations=I;D;P;U;G,D", for identity, decorrelation, PCA, Uniform and Gaussianisation followed by decorrelation transformations]
                         :     Silent: "False" [Batch mode: boolean silent flag inhibiting any output from TMVA after the creation of the factory class object (default: False)]
                         :     DrawProgressBar: "True" [Draw progress bar to display training, testing and evaluation schedule (default: True)]
                         :     AnalysisType: "Classification" [Set the analysis type (Classification, Regression, Multiclass, Auto) (default: Auto)]
                         : - Default:
                         :     Correlations: "False" [boolean to show correlation in output]
                         :     ROC: "True" [boolean to show ROC in output]
                         :     ModelPersistence: "True" [Option to save the trained model in xml file or using serialization]
DataSetInfo              : [train] : Added class "Signal"
                         : Add Tree tmva_AntiTop_Hut of type Signal with 274202 events
                         : Add Tree tmva_AntiTop_Hct of type Signal with 281803 events
                         : Add Tree tmva_Top_Hut of type Signal with 282555 events
                         : Add Tree tmva_Top_Hct of type Signal with 282998 events
DataSetInfo              : [train] : Added class "Background"
                         : Add Tree tmva_ttbb of type Background with 165840 events
Factory                  : Booking method: MLP
                         : 
MLP                      : [train] : Create Transformation "N" with events from all classes.
                         : 
                         : Transformation, Variable selection : 
                         : Input : variable 'NJets' <---> Output : variable 'NJets'
                         : Input : variable 'NBJets_M' <---> Output : variable 'NBJets_M'
                         : Input : variable 'NCJets_M' <---> Output : variable 'NCJets_M'
                         : Input : variable 'BJMDPhi' <---> Output : variable 'BJMDPhi'
                         : Input : variable 'BJMDEta' <---> Output : variable 'BJMDEta'
MLP                      : Building Network. 
                         : Initializing weights
Factory                  : Booking method: BDT
                         : 
DataSetFactory           : [train] : Number of events in input trees
                         : Dataset[train] :     Signal     requirement: "(NJets > 0 && NBJets_M > 0 && NCJets_M >0 && BJMDPhi < 10 && BJMDEta < 10)"
                         : Dataset[train] :     Signal          -- number of events passed: 485010  / sum of weights: 485010
                         : Dataset[train] :     Signal          -- efficiency             : 0.432443
                         : Dataset[train] :     Background requirement: "(NJets > 0 && NBJets_M > 0 && NCJets_M >0 && BJMDPhi < 10 && BJMDEta < 10)"
                         : Dataset[train] :     Background      -- number of events passed: 102149  / sum of weights: 102149
                         : Dataset[train] :     Background      -- efficiency             : 0.615949
                         : Dataset[train] :  you have opted for interpreting the requested number of training/testing events
                         :  to be the number of events AFTER your preselection cuts
                         : 
                         : Dataset[train] :  you have opted for interpreting the requested number of training/testing events
                         :  to be the number of events AFTER your preselection cuts
                         : 
                         : Number of training and testing events
                         : ---------------------------------------------------------------------------
                         : Signal     -- training events            : 100000
                         : Signal     -- testing events             : 5000
                         : Signal     -- training and testing events: 105000
                         : Dataset[train] : Signal     -- due to the preselection a scaling factor has been applied to the numbers of requested events: 0.432443
                         : Background -- training events            : 100000
                         : Background -- testing events             : 2149
                         : Background -- training and testing events: 102149
                         : Dataset[train] : Background -- due to the preselection a scaling factor has been applied to the numbers of requested events: 0.615949
                         : 
DataSetInfo              : Correlation matrix (Signal):
                         : ---------------------------------------------------
                         :             NJets NBJets_M NCJets_M BJMDPhi BJMDEta
                         :    NJets:  +1.000   +0.094   +0.292  -0.001  +0.007
                         : NBJets_M:  +0.094   +1.000   +0.458  -0.005  +0.003
                         : NCJets_M:  +0.292   +0.458   +1.000  -0.001  +0.009
                         :  BJMDPhi:  -0.001   -0.005   -0.001  +1.000  +0.004
                         :  BJMDEta:  +0.007   +0.003   +0.009  +0.004  +1.000
                         : ---------------------------------------------------
DataSetInfo              : Correlation matrix (Background):
                         : ---------------------------------------------------
                         :             NJets NBJets_M NCJets_M BJMDPhi BJMDEta
                         :    NJets:  +1.000   +0.205   +0.427  -0.002  +0.002
                         : NBJets_M:  +0.205   +1.000   +0.478  -0.002  +0.002
                         : NCJets_M:  +0.427   +0.478   +1.000  +0.001  +0.004
                         :  BJMDPhi:  -0.002   -0.002   +0.001  +1.000  -0.003
                         :  BJMDEta:  +0.002   +0.002   +0.004  -0.003  +1.000
                         : ---------------------------------------------------
DataSetFactory           : [train] :  
                         : 
Factory                  : Booking method: DNN
                         : 
                         : Parsing option string: 
                         : ... "!H:V:VarTransform=N:ErrorStrategy=CROSSENTROPY:WeightInitialization=XAVIERUNIFORM:Layout=TANH|50,TANH|100,TANH|70,TANH|30,TANH|10,LINEAR:TrainingStrategy=LearningRate=0.03,Momentum=0.5,Repetitions=1,ConvergenceSteps=300,BatchSize=1500,DropConfig=0.0+0.3+0.3+0.0,WeightDecay=0.001,Regularization=L2,TestRepetitions=5,Multithreading=True"
                         : The following options are set:
                         : - By User:
                         :     <none>
                         : - Default:
                         :     Boost_num: "0" [Number of times the classifier will be boosted]
                         : Parsing option string: 
                         : ... "!H:V:VarTransform=N:ErrorStrategy=CROSSENTROPY:WeightInitialization=XAVIERUNIFORM:Layout=TANH|50,TANH|100,TANH|70,TANH|30,TANH|10,LINEAR:TrainingStrategy=LearningRate=0.03,Momentum=0.5,Repetitions=1,ConvergenceSteps=300,BatchSize=1500,DropConfig=0.0+0.3+0.3+0.0,WeightDecay=0.001,Regularization=L2,TestRepetitions=5,Multithreading=True"
                         : The following options are set:
                         : - By User:
                         :     V: "True" [Verbose output (short form of "VerbosityLevel" below - overrides the latter one)]
                         :     VarTransform: "N" [List of variable transformations performed before training, e.g., "D_Background,P_Signal,G,N_AllClasses" for: "Decorrelation, PCA-transformation, Gaussianisation, Normalisation, each for the given class of events ('AllClasses' denotes all events of all classes, if no class indication is given, 'All' is assumed)"]
                         :     H: "False" [Print method-specific help message]
                         :     Layout: "TANH|50,TANH|100,TANH|70,TANH|30,TANH|10,LINEAR" [Layou of the network.]
                         :     ErrorStrategy: "CROSSENTROPY" [Loss function: Mean squared error (regression) or cross entropy (binary classifcation).]
                         :     WeightInitialization: "XAVIERUNIFORM" [Weight initialization strategy]
                         :     TrainingStrategy: "LearningRate=0.03,Momentum=0.5,Repetitions=1,ConvergenceSteps=300,BatchSize=1500,DropConfig=0.0+0.3+0.3+0.0,WeightDecay=0.001,Regularization=L2,TestRepetitions=5,Multithreading=True" [Defines the training strategies.]
                         : - Default:
                         :     VerbosityLevel: "Default" [Verbosity level]
                         :     CreateMVAPdfs: "False" [Create PDFs for classifier outputs (signal and background)]
                         :     IgnoreNegWeightsInTraining: "False" [Events with negative weights are ignored in the training (but are included for testing and performance evaluation)]
                         :     Architecture: "STANDARD" [Which architecture to perfrom the training on.]
DNN                      : [train] : Create Transformation "N" with events from all classes.
                         : 
                         : Transformation, Variable selection : 
                         : Input : variable 'NJets' <---> Output : variable 'NJets'
                         : Input : variable 'NBJets_M' <---> Output : variable 'NBJets_M'
                         : Input : variable 'NCJets_M' <---> Output : variable 'NCJets_M'
                         : Input : variable 'BJMDPhi' <---> Output : variable 'BJMDPhi'
                         : Input : variable 'BJMDEta' <---> Output : variable 'BJMDEta'
Factory                  : Train all methods
Factory                  : [train] : Create Transformation "I" with events from all classes.
                         : 
                         : Transformation, Variable selection : 
                         : Input : variable 'NJets' <---> Output : variable 'NJets'
                         : Input : variable 'NBJets_M' <---> Output : variable 'NBJets_M'
                         : Input : variable 'NCJets_M' <---> Output : variable 'NCJets_M'
                         : Input : variable 'BJMDPhi' <---> Output : variable 'BJMDPhi'
                         : Input : variable 'BJMDEta' <---> Output : variable 'BJMDEta'
TFHandler_Factory        : Variable        Mean        RMS   [        Min        Max ]
                         : -----------------------------------------------------------
                         :    NJets:     5.2144     1.2629   [     4.0000     17.000 ]
                         : NBJets_M:     2.3459    0.71164   [     1.0000     7.0000 ]
                         : NCJets_M:     3.2002    0.96597   [     1.0000     10.000 ]
                         :  BJMDPhi:  0.0010599     1.9395   [    -3.1416     3.1416 ]
                         :  BJMDEta: -0.0013883     1.4216   [    -4.7550     4.7645 ]
                         : -----------------------------------------------------------
                         : Ranking input variables (method unspecific)...
IdTransformation         : Ranking result (top variable is best ranked)
                         : ---------------------------------
                         : Rank : Variable  : Separation
                         : ---------------------------------
                         :    1 : NJets     : 1.388e-01
                         :    2 : NCJets_M  : 7.648e-02
                         :    3 : NBJets_M  : 7.214e-02
                         :    4 : BJMDEta   : 9.250e-03
                         :    5 : BJMDPhi   : 1.319e-03
                         : ---------------------------------
Factory                  : Train method: MLP for Classification
                         : 
                         : 
                         : ================================================================
                         : H e l p   f o r   M V A   m e t h o d   [ MLP ] :
                         : 
                         : --- Short description:
                         : 
                         : The MLP artificial neural network (ANN) is a traditional feed-
                         : forward multilayer perceptron impementation. The MLP has a user-
                         : defined hidden layer architecture, while the number of input (output)
                         : nodes is determined by the input variables (output classes, i.e., 
                         : signal and one background). 
                         : 
                         : --- Performance optimisation:
                         : 
                         : Neural networks are stable and performing for a large variety of 
                         : linear and non-linear classification problems. However, in contrast
                         : to (e.g.) boosted decision trees, the user is advised to reduce the 
                         : number of input variables that have only little discrimination power. 
                         : 
                         : In the tests we have carried out so far, the MLP and ROOT networks
                         : (TMlpANN, interfaced via TMVA) performed equally well, with however
                         : a clear speed advantage for the MLP. The Clermont-Ferrand neural 
                         : net (CFMlpANN) exhibited worse classification performance in these
                         : tests, which is partly due to the slow convergence of its training
                         : (at least 10k training cycles are required to achieve approximately
                         : competitive results).
                         : 
                         : Overtraining: only the TMlpANN performs an explicit separation of the
                         : full training sample into independent training and validation samples.
                         : We have found that in most high-energy physics applications the 
                         : avaliable degrees of freedom (training events) are sufficient to 
                         : constrain the weights of the relatively simple architectures required
                         : to achieve good performance. Hence no overtraining should occur, and 
                         : the use of validation samples would only reduce the available training
                         : information. However, if the perrormance on the training sample is 
                         : found to be significantly better than the one found with the inde-
                         : pendent test sample, caution is needed. The results for these samples 
                         : are printed to standard output at the end of each training job.
                         : 
                         : --- Performance tuning via configuration options:
                         : 
                         : The hidden layer architecture for all ANNs is defined by the option
                         : "HiddenLayers=N+1,N,...", where here the first hidden layer has N+1
                         : neurons and the second N neurons (and so on), and where N is the number  
                         : of input variables. Excessive numbers of hidden layers should be avoided,
                         : in favour of more neurons in the first hidden layer.
                         : 
                         : The number of cycles should be above 500. As said, if the number of
                         : adjustable weights is small compared to the training sample size,
                         : using a large number of training samples should not lead to overtraining.
                         : 
                         : <Suppress this message by specifying "!H" in the booking option>
                         : ================================================================
                         : 
TFHandler_MLP            : Variable        Mean        RMS   [        Min        Max ]
                         : -----------------------------------------------------------
                         :    NJets:   -0.81317    0.19429   [    -1.0000     1.0000 ]
                         : NBJets_M:   -0.55136    0.23721   [    -1.0000     1.0000 ]
                         : NCJets_M:   -0.51106    0.21466   [    -1.0000     1.0000 ]
                         :  BJMDPhi: 0.00034186    0.61736   [    -1.0000     1.0000 ]
                         :  BJMDEta: -0.0012920    0.29867   [    -1.0000     1.0000 ]
                         : -----------------------------------------------------------
                         : Training Network
                         : 
                         : Elapsed time for training with 200000 events: 761 sec         : 1.177/1.171]   
MLP                      : [train] : Evaluation of MLP on training sample (200000 events)
                         : Elapsed time for evaluation of 200000 events: 0.326 sec       
                         : Creating xml weight file: train/weights/TMVAClassification_MLP.weights.xml
                         : Creating standalone class: train/weights/TMVAClassification_MLP.class.C
                         : Write special histos to file: output_608.root:/train/Method_MLP/MLP
Factory                  : Training finished
                         : 
Factory                  : Train method: BDT for Classification
                         : 
BDT                      : #events: (reweighted) sig: 100000 bkg: 100000
                         : #events: (unweighted) sig: 100000 bkg: 100000
                         : Training 1500 Decision Trees ... patience please
                         : Elapsed time for training with 200000 events: 176 sec         
BDT                      : [train] : Evaluation of BDT on training sample (200000 events)
                         : Elapsed time for evaluation of 200000 events: 36.8 sec       
                         : Creating xml weight file: train/weights/TMVAClassification_BDT.weights.xml
                         : Creating standalone class: train/weights/TMVAClassification_BDT.class.C
Factory                  : Training finished
                         : 
Factory                  : Train method: DNN for Classification
                         : 
TFHandler_DNN            : Variable        Mean        RMS   [        Min        Max ]
                         : -----------------------------------------------------------
                         :    NJets:   -0.81317    0.19429   [    -1.0000     1.0000 ]
                         : NBJets_M:   -0.55136    0.23721   [    -1.0000     1.0000 ]
                         : NCJets_M:   -0.51106    0.21466   [    -1.0000     1.0000 ]
                         :  BJMDPhi: 0.00034186    0.61736   [    -1.0000     1.0000 ]
                         :  BJMDEta: -0.0012920    0.29867   [    -1.0000     1.0000 ]
                         : -----------------------------------------------------------
TFHandler_DNN            : Variable        Mean        RMS   [        Min        Max ]
                         : -----------------------------------------------------------
                         :    NJets:   -0.81317    0.19429   [    -1.0000     1.0000 ]
                         : NBJets_M:   -0.55136    0.23721   [    -1.0000     1.0000 ]
                         : NCJets_M:   -0.51106    0.21466   [    -1.0000     1.0000 ]
                         :  BJMDPhi: 0.00034186    0.61736   [    -1.0000     1.0000 ]
                         :  BJMDEta: -0.0012920    0.29867   [    -1.0000     1.0000 ]
                         : -----------------------------------------------------------
TFHandler_DNN            : Variable        Mean        RMS   [        Min        Max ]
                         : -----------------------------------------------------------
                         :    NJets:   -0.83976    0.18469   [    -1.0000    0.69231 ]
                         : NBJets_M:   -0.57547    0.23159   [    -1.0000    0.66667 ]
                         : NCJets_M:   -0.53672    0.20582   [    -1.0000    0.77778 ]
                         :  BJMDPhi:  -0.010801    0.62424   [   -0.99962    0.99910 ]
                         :  BJMDEta:  0.0013016    0.29070   [   -0.97885    0.96416 ]
                         : -----------------------------------------------------------
                         : Using Standard Implementation.Training with learning rate = 0.03, momentum = 0.5, repetitions = 1
                         : 
                         : [...............] (1%, time left: unknown) [(train/test/epoch): 0.6343/0.628/2461]  2460/299/299]   
                         : Elapsed time for training with 200000 events: 6.97e+03 sec         
DNN                      : [train] : Evaluation of DNN on training sample (200000 events)
                         : Elapsed time for evaluation of 200000 events: 5.87 sec       
                         : Creating xml weight file: train/weights/TMVAClassification_DNN.weights.xml
                         : Creating standalone class: train/weights/TMVAClassification_DNN.class.C
Factory                  : Training finished
                         : 
                         : Ranking input variables (method specific)...
MLP                      : Ranking result (top variable is best ranked)
                         : ---------------------------------
                         : Rank : Variable  : Importance
                         : ---------------------------------
                         :    1 : NJets     : 9.432e+01
                         :    2 : NBJets_M  : 5.066e+01
                         :    3 : NCJets_M  : 5.348e+00
                         :    4 : BJMDEta   : 2.195e+00
                         :    5 : BJMDPhi   : 2.403e-02
                         : ---------------------------------
BDT                      : Ranking result (top variable is best ranked)
                         : ------------------------------------------
                         : Rank : Variable  : Variable Importance
                         : ------------------------------------------
                         :    1 : BJMDPhi   : 2.468e-01
                         :    2 : BJMDEta   : 2.351e-01
                         :    3 : NBJets_M  : 1.948e-01
                         :    4 : NJets     : 1.859e-01
                         :    5 : NCJets_M  : 1.374e-01
                         : ------------------------------------------
DNN                      : Ranking result (top variable is best ranked)
                         : ---------------------------------
                         : Rank : Variable  : Importance
                         : ---------------------------------
                         :    1 : NJets     : 1.000e+00
                         :    2 : NBJets_M  : 1.000e+00
                         :    3 : NCJets_M  : 1.000e+00
                         :    4 : BJMDPhi   : 1.000e+00
                         :    5 : BJMDEta   : 1.000e+00
                         : ---------------------------------
Factory                  : === Destroy and recreate all methods via weight files for testing ===
                         : 
MLP                      : Building Network. 
                         : Initializing weights
Factory                  : Test all methods
Factory                  : Test method: MLP for Classification performance
                         : 
MLP                      : [train] : Evaluation of MLP on testing sample (7149 events)
                         : Elapsed time for evaluation of 7149 events: 0.0177 sec       
Factory                  : Test method: BDT for Classification performance
                         : 
BDT                      : [train] : Evaluation of BDT on testing sample (7149 events)
                         : Elapsed time for evaluation of 7149 events: 1.17 sec       
Factory                  : Test method: DNN for Classification performance
                         : 
DNN                      : [train] : Evaluation of DNN on testing sample (7149 events)
                         : Elapsed time for evaluation of 7149 events: 0.213 sec       
Factory                  : Evaluate all methods
Factory                  : Evaluate classifier: MLP
                         : 
TFHandler_MLP            : Variable        Mean        RMS   [        Min        Max ]
                         : -----------------------------------------------------------
                         :    NJets:   -0.83976    0.18469   [    -1.0000    0.69231 ]
                         : NBJets_M:   -0.57547    0.23159   [    -1.0000    0.66667 ]
                         : NCJets_M:   -0.53672    0.20582   [    -1.0000    0.77778 ]
                         :  BJMDPhi:  -0.010801    0.62424   [   -0.99962    0.99910 ]
                         :  BJMDEta:  0.0013016    0.29070   [   -0.97885    0.96416 ]
                         : -----------------------------------------------------------
MLP                      : [train] : Loop over test events and fill histograms with classifier response...
                         : 
TFHandler_MLP            : Variable        Mean        RMS   [        Min        Max ]
                         : -----------------------------------------------------------
                         :    NJets:   -0.83976    0.18469   [    -1.0000    0.69231 ]
                         : NBJets_M:   -0.57547    0.23159   [    -1.0000    0.66667 ]
                         : NCJets_M:   -0.53672    0.20582   [    -1.0000    0.77778 ]
                         :  BJMDPhi:  -0.010801    0.62424   [   -0.99962    0.99910 ]
                         :  BJMDEta:  0.0013016    0.29070   [   -0.97885    0.96416 ]
                         : -----------------------------------------------------------
Factory                  : Evaluate classifier: BDT
                         : 
BDT                      : [train] : Loop over test events and fill histograms with classifier response...
                         : 
TFHandler_BDT            : Variable        Mean        RMS   [        Min        Max ]
                         : -----------------------------------------------------------
                         :    NJets:     5.0415     1.2005   [     4.0000     15.000 ]
                         : NBJets_M:     2.2736    0.69477   [     1.0000     6.0000 ]
                         : NCJets_M:     3.0848    0.92619   [     1.0000     9.0000 ]
                         :  BJMDPhi:  -0.033947     1.9611   [    -3.1404     3.1387 ]
                         :  BJMDEta:   0.010957     1.3837   [    -4.6543     4.5939 ]
                         : -----------------------------------------------------------
Factory                  : Evaluate classifier: DNN
                         : 
TFHandler_DNN            : Variable        Mean        RMS   [        Min        Max ]
                         : -----------------------------------------------------------
                         :    NJets:   -0.83976    0.18469   [    -1.0000    0.69231 ]
                         : NBJets_M:   -0.57547    0.23159   [    -1.0000    0.66667 ]
                         : NCJets_M:   -0.53672    0.20582   [    -1.0000    0.77778 ]
                         :  BJMDPhi:  -0.010801    0.62424   [   -0.99962    0.99910 ]
                         :  BJMDEta:  0.0013016    0.29070   [   -0.97885    0.96416 ]
                         : -----------------------------------------------------------
DNN                      : [train] : Loop over test events and fill histograms with classifier response...
                         : 
TFHandler_DNN            : Variable        Mean        RMS   [        Min        Max ]
                         : -----------------------------------------------------------
                         :    NJets:   -0.83976    0.18469   [    -1.0000    0.69231 ]
                         : NBJets_M:   -0.57547    0.23159   [    -1.0000    0.66667 ]
                         : NCJets_M:   -0.53672    0.20582   [    -1.0000    0.77778 ]
                         :  BJMDPhi:  -0.010801    0.62424   [   -0.99962    0.99910 ]
                         :  BJMDEta:  0.0013016    0.29070   [   -0.97885    0.96416 ]
                         : -----------------------------------------------------------
                         : 
                         : Evaluation results ranked by best signal efficiency and purity (area)
                         : -------------------------------------------------------------------------------------------------------------------
                         : DataSet       MVA                       
                         : Name:         Method:          ROC-integ
                         : train         DNN            : 0.677
                         : train         MLP            : 0.678
                         : train         BDT            : 0.632
                         : -------------------------------------------------------------------------------------------------------------------
                         : 
                         : Testing efficiency compared to training efficiency (overtraining check)
                         : -------------------------------------------------------------------------------------------------------------------
                         : DataSet              MVA              Signal efficiency: from test sample (from training sample) 
                         : Name:                Method:          @B=0.01             @B=0.10            @B=0.30   
                         : -------------------------------------------------------------------------------------------------------------------
                         : train                DNN            : 0.114 (0.102)       0.383 (0.353)      0.677 (0.672)
                         : train                MLP            : 0.111 (0.103)       0.371 (0.346)      0.678 (0.674)
                         : train                BDT            : 0.104 (0.103)       0.373 (0.357)      0.673 (0.675)
                         : -------------------------------------------------------------------------------------------------------------------
                         : 
Dataset:train            : Created tree 'TestTree' with 7149 events
                         : 
Dataset:train            : Created tree 'TrainTree' with 200000 events
                         : 
Factory                  : Thank you for using TMVA!
                         : For citation information, please visit: http://tmva.sf.net/citeTMVA.html
root [1] .q

