root [0] 
Processing anamva_608.C...
                         : Parsing option string: 
                         : ... "V:!Silent:Color:Transformations=I:DrawProgressBar:AnalysisType=Classification"
                         : The following options are set:
                         : - By User:
                         :     V: "True" [Verbose flag]
                         :     Color: "True" [Flag for coloured screen output (default: True, if in batch mode: False)]
                         :     Transformations: "I" [List of transformations to test; formatting example: "Transformations=I;D;P;U;G,D", for identity, decorrelation, PCA, Uniform and Gaussianisation followed by decorrelation transformations]
                         :     Silent: "False" [Batch mode: boolean silent flag inhibiting any output from TMVA after the creation of the factory class object (default: False)]
                         :     DrawProgressBar: "True" [Draw progress bar to display training, testing and evaluation schedule (default: True)]
                         :     AnalysisType: "Classification" [Set the analysis type (Classification, Regression, Multiclass, Auto) (default: Auto)]
                         : - Default:
                         :     Correlations: "False" [boolean to show correlation in output]
                         :     ROC: "True" [boolean to show ROC in output]
                         :     ModelPersistence: "True" [Option to save the trained model in xml file or using serialization]
DataSetInfo              : [train_2] : Added class "Signal"
                         : Add Tree tmva_AntiTop_Hut of type Signal with 274202 events
                         : Add Tree tmva_AntiTop_Hct of type Signal with 281803 events
                         : Add Tree tmva_Top_Hut of type Signal with 282555 events
                         : Add Tree tmva_Top_Hct of type Signal with 282998 events
DataSetInfo              : [train_2] : Added class "Background"
                         : Add Tree tmva_ttbb of type Background with 165840 events
Factory                  : Booking method: MLP
                         : 
MLP                      : [train_2] : Create Transformation "N" with events from all classes.
                         : 
                         : Transformation, Variable selection : 
                         : Input : variable 'NJets' <---> Output : variable 'NJets'
                         : Input : variable 'NBJets_M' <---> Output : variable 'NBJets_M'
                         : Input : variable 'NCJets_M' <---> Output : variable 'NCJets_M'
                         : Input : variable 'BJMDPhi' <---> Output : variable 'BJMDPhi'
                         : Input : variable 'BJMDEta' <---> Output : variable 'BJMDEta'
MLP                      : Building Network. 
                         : Initializing weights
Factory                  : Booking method: BDT
                         : 
DataSetFactory           : [train_2] : Number of events in input trees
                         : Dataset[train_2] :     Signal     requirement: "(NJets > 0 && NBJets_M > 0 && NCJets_M >0 && BJMDPhi < 10 && BJMDEta < 10)"
                         : Dataset[train_2] :     Signal          -- number of events passed: 485010  / sum of weights: 485010
                         : Dataset[train_2] :     Signal          -- efficiency             : 0.432443
                         : Dataset[train_2] :     Background requirement: "(NJets > 0 && NBJets_M > 0 && NCJets_M >0 && BJMDPhi < 10 && BJMDEta < 10)"
                         : Dataset[train_2] :     Background      -- number of events passed: 102149  / sum of weights: 102149
                         : Dataset[train_2] :     Background      -- efficiency             : 0.615949
                         : Dataset[train_2] :  you have opted for interpreting the requested number of training/testing events
                         :  to be the number of events AFTER your preselection cuts
                         : 
                         : Dataset[train_2] :  you have opted for interpreting the requested number of training/testing events
                         :  to be the number of events AFTER your preselection cuts
                         : 
                         : Number of training and testing events
                         : ---------------------------------------------------------------------------
                         : Signal     -- training events            : 150000
                         : Signal     -- testing events             : 5000
                         : Signal     -- training and testing events: 155000
                         : Dataset[train_2] : Signal     -- due to the preselection a scaling factor has been applied to the numbers of requested events: 0.432443
                         : Background -- training events            : 100000
                         : Background -- testing events             : 2149
                         : Background -- training and testing events: 102149
                         : Dataset[train_2] : Background -- due to the preselection a scaling factor has been applied to the numbers of requested events: 0.615949
                         : 
DataSetInfo              : Correlation matrix (Signal):
                         : ---------------------------------------------------
                         :             NJets NBJets_M NCJets_M BJMDPhi BJMDEta
                         :    NJets:  +1.000   +0.094   +0.291  +0.000  +0.005
                         : NBJets_M:  +0.094   +1.000   +0.459  -0.005  +0.002
                         : NCJets_M:  +0.291   +0.459   +1.000  -0.002  +0.010
                         :  BJMDPhi:  +0.000   -0.005   -0.002  +1.000  +0.004
                         :  BJMDEta:  +0.005   +0.002   +0.010  +0.004  +1.000
                         : ---------------------------------------------------
DataSetInfo              : Correlation matrix (Background):
                         : ---------------------------------------------------
                         :             NJets NBJets_M NCJets_M BJMDPhi BJMDEta
                         :    NJets:  +1.000   +0.205   +0.427  -0.002  +0.002
                         : NBJets_M:  +0.205   +1.000   +0.478  -0.002  +0.002
                         : NCJets_M:  +0.427   +0.478   +1.000  +0.001  +0.004
                         :  BJMDPhi:  -0.002   -0.002   +0.001  +1.000  -0.003
                         :  BJMDEta:  +0.002   +0.002   +0.004  -0.003  +1.000
                         : ---------------------------------------------------
DataSetFactory           : [train_2] :  
                         : 
Factory                  : Booking method: DNN
                         : 
                         : Parsing option string: 
                         : ... "!H:V:VarTransform=N:ErrorStrategy=CROSSENTROPY:WeightInitialization=XAVIERUNIFORM:Layout=TANH|50,TANH|100,TANH|70,TANH|30,TANH|10,LINEAR:TrainingStrategy=LearningRate=0.03,Momentum=0.5,Repetitions=1,ConvergenceSteps=300,BatchSize=1500,DropConfig=0.0+0.3+0.3+0.3+0.3+0.0,WeightDecay=0.001,Regularization=L2,TestRepetitions=5,Multithreading=True"
                         : The following options are set:
                         : - By User:
                         :     <none>
                         : - Default:
                         :     Boost_num: "0" [Number of times the classifier will be boosted]
                         : Parsing option string: 
                         : ... "!H:V:VarTransform=N:ErrorStrategy=CROSSENTROPY:WeightInitialization=XAVIERUNIFORM:Layout=TANH|50,TANH|100,TANH|70,TANH|30,TANH|10,LINEAR:TrainingStrategy=LearningRate=0.03,Momentum=0.5,Repetitions=1,ConvergenceSteps=300,BatchSize=1500,DropConfig=0.0+0.3+0.3+0.3+0.3+0.0,WeightDecay=0.001,Regularization=L2,TestRepetitions=5,Multithreading=True"
                         : The following options are set:
                         : - By User:
                         :     V: "True" [Verbose output (short form of "VerbosityLevel" below - overrides the latter one)]
                         :     VarTransform: "N" [List of variable transformations performed before training, e.g., "D_Background,P_Signal,G,N_AllClasses" for: "Decorrelation, PCA-transformation, Gaussianisation, Normalisation, each for the given class of events ('AllClasses' denotes all events of all classes, if no class indication is given, 'All' is assumed)"]
                         :     H: "False" [Print method-specific help message]
                         :     Layout: "TANH|50,TANH|100,TANH|70,TANH|30,TANH|10,LINEAR" [Layou of the network.]
                         :     ErrorStrategy: "CROSSENTROPY" [Loss function: Mean squared error (regression) or cross entropy (binary classifcation).]
                         :     WeightInitialization: "XAVIERUNIFORM" [Weight initialization strategy]
                         :     TrainingStrategy: "LearningRate=0.03,Momentum=0.5,Repetitions=1,ConvergenceSteps=300,BatchSize=1500,DropConfig=0.0+0.3+0.3+0.3+0.3+0.0,WeightDecay=0.001,Regularization=L2,TestRepetitions=5,Multithreading=True" [Defines the training strategies.]
                         : - Default:
                         :     VerbosityLevel: "Default" [Verbosity level]
                         :     CreateMVAPdfs: "False" [Create PDFs for classifier outputs (signal and background)]
                         :     IgnoreNegWeightsInTraining: "False" [Events with negative weights are ignored in the training (but are included for testing and performance evaluation)]
                         :     Architecture: "STANDARD" [Which architecture to perfrom the training on.]
DNN                      : [train_2] : Create Transformation "N" with events from all classes.
                         : 
                         : Transformation, Variable selection : 
                         : Input : variable 'NJets' <---> Output : variable 'NJets'
                         : Input : variable 'NBJets_M' <---> Output : variable 'NBJets_M'
                         : Input : variable 'NCJets_M' <---> Output : variable 'NCJets_M'
                         : Input : variable 'BJMDPhi' <---> Output : variable 'BJMDPhi'
                         : Input : variable 'BJMDEta' <---> Output : variable 'BJMDEta'
Factory                  : Train all methods
Factory                  : [train_2] : Create Transformation "I" with events from all classes.
                         : 
                         : Transformation, Variable selection : 
                         : Input : variable 'NJets' <---> Output : variable 'NJets'
                         : Input : variable 'NBJets_M' <---> Output : variable 'NBJets_M'
                         : Input : variable 'NCJets_M' <---> Output : variable 'NCJets_M'
                         : Input : variable 'BJMDPhi' <---> Output : variable 'BJMDPhi'
                         : Input : variable 'BJMDEta' <---> Output : variable 'BJMDEta'
TFHandler_Factory        : Variable        Mean        RMS   [        Min        Max ]
                         : -----------------------------------------------------------
                         :    NJets:     5.1271     1.2320   [     4.0000     17.000 ]
                         : NBJets_M:     2.3107    0.70675   [     1.0000     7.0000 ]
                         : NCJets_M:     3.1463    0.95095   [     1.0000     10.000 ]
                         :  BJMDPhi:  0.0049177     1.9419   [    -3.1416     3.1416 ]
                         :  BJMDEta: -0.0021015     1.4031   [    -4.7550     4.7645 ]
                         : -----------------------------------------------------------
                         : Ranking input variables (method unspecific)...
IdTransformation         : Ranking result (top variable is best ranked)
                         : ---------------------------------
                         : Rank : Variable  : Separation
                         : ---------------------------------
                         :    1 : NJets     : 1.384e-01
                         :    2 : NCJets_M  : 7.716e-02
                         :    3 : NBJets_M  : 7.208e-02
                         :    4 : BJMDEta   : 9.306e-03
                         :    5 : BJMDPhi   : 1.215e-03
                         : ---------------------------------
Factory                  : Train method: MLP for Classification
                         : 
                         : 
                         : ================================================================
                         : H e l p   f o r   M V A   m e t h o d   [ MLP ] :
                         : 
                         : --- Short description:
                         : 
                         : The MLP artificial neural network (ANN) is a traditional feed-
                         : forward multilayer perceptron impementation. The MLP has a user-
                         : defined hidden layer architecture, while the number of input (output)
                         : nodes is determined by the input variables (output classes, i.e., 
                         : signal and one background). 
                         : 
                         : --- Performance optimisation:
                         : 
                         : Neural networks are stable and performing for a large variety of 
                         : linear and non-linear classification problems. However, in contrast
                         : to (e.g.) boosted decision trees, the user is advised to reduce the 
                         : number of input variables that have only little discrimination power. 
                         : 
                         : In the tests we have carried out so far, the MLP and ROOT networks
                         : (TMlpANN, interfaced via TMVA) performed equally well, with however
                         : a clear speed advantage for the MLP. The Clermont-Ferrand neural 
                         : net (CFMlpANN) exhibited worse classification performance in these
                         : tests, which is partly due to the slow convergence of its training
                         : (at least 10k training cycles are required to achieve approximately
                         : competitive results).
                         : 
                         : Overtraining: only the TMlpANN performs an explicit separation of the
                         : full training sample into independent training and validation samples.
                         : We have found that in most high-energy physics applications the 
                         : avaliable degrees of freedom (training events) are sufficient to 
                         : constrain the weights of the relatively simple architectures required
                         : to achieve good performance. Hence no overtraining should occur, and 
                         : the use of validation samples would only reduce the available training
                         : information. However, if the perrormance on the training sample is 
                         : found to be significantly better than the one found with the inde-
                         : pendent test sample, caution is needed. The results for these samples 
                         : are printed to standard output at the end of each training job.
                         : 
                         : --- Performance tuning via configuration options:
                         : 
                         : The hidden layer architecture for all ANNs is defined by the option
                         : "HiddenLayers=N+1,N,...", where here the first hidden layer has N+1
                         : neurons and the second N neurons (and so on), and where N is the number  
                         : of input variables. Excessive numbers of hidden layers should be avoided,
                         : in favour of more neurons in the first hidden layer.
                         : 
                         : The number of cycles should be above 500. As said, if the number of
                         : adjustable weights is small compared to the training sample size,
                         : using a large number of training samples should not lead to overtraining.
                         : 
                         : <Suppress this message by specifying "!H" in the booking option>
                         : ================================================================
                         : 
TFHandler_MLP            : Variable        Mean        RMS   [        Min        Max ]
                         : -----------------------------------------------------------
                         :    NJets:   -0.82660    0.18953   [    -1.0000     1.0000 ]
                         : NBJets_M:   -0.56308    0.23558   [    -1.0000     1.0000 ]
                         : NCJets_M:   -0.52303    0.21132   [    -1.0000     1.0000 ]
                         :  BJMDPhi:  0.0015682    0.61814   [    -1.0000     1.0000 ]
                         :  BJMDEta: -0.0014418    0.29478   [    -1.0000     1.0000 ]
                         : -----------------------------------------------------------
                         : Training Network
                         : 
                         : Elapsed time for training with 250000 events: 950 sec         : 1.145/1.071]   
MLP                      : [train_2] : Evaluation of MLP on training sample (250000 events)
                         : Elapsed time for evaluation of 250000 events: 0.406 sec       
                         : Creating xml weight file: train_2/weights/TMVAClassification_MLP.weights.xml
                         : Creating standalone class: train_2/weights/TMVAClassification_MLP.class.C
                         : Write special histos to file: output_608_2.root:/train_2/Method_MLP/MLP
Factory                  : Training finished
                         : 
Factory                  : Train method: BDT for Classification
                         : 
BDT                      : #events: (reweighted) sig: 125000 bkg: 125000
                         : #events: (unweighted) sig: 150000 bkg: 100000
                         : Training 1500 Decision Trees ... patience please
                         : Elapsed time for training with 250000 events: 238 sec         
BDT                      : [train_2] : Evaluation of BDT on training sample (250000 events)
                         : Elapsed time for evaluation of 250000 events: 45.8 sec       
                         : Creating xml weight file: train_2/weights/TMVAClassification_BDT.weights.xml
                         : Creating standalone class: train_2/weights/TMVAClassification_BDT.class.C
Factory                  : Training finished
                         : 
Factory                  : Train method: DNN for Classification
                         : 
TFHandler_DNN            : Variable        Mean        RMS   [        Min        Max ]
                         : -----------------------------------------------------------
                         :    NJets:   -0.82660    0.18953   [    -1.0000     1.0000 ]
                         : NBJets_M:   -0.56308    0.23558   [    -1.0000     1.0000 ]
                         : NCJets_M:   -0.52303    0.21132   [    -1.0000     1.0000 ]
                         :  BJMDPhi:  0.0015682    0.61814   [    -1.0000     1.0000 ]
                         :  BJMDEta: -0.0014418    0.29478   [    -1.0000     1.0000 ]
                         : -----------------------------------------------------------
TFHandler_DNN            : Variable        Mean        RMS   [        Min        Max ]
                         : -----------------------------------------------------------
                         :    NJets:   -0.82660    0.18953   [    -1.0000     1.0000 ]
                         : NBJets_M:   -0.56308    0.23558   [    -1.0000     1.0000 ]
                         : NCJets_M:   -0.52303    0.21132   [    -1.0000     1.0000 ]
                         :  BJMDPhi:  0.0015682    0.61814   [    -1.0000     1.0000 ]
                         :  BJMDEta: -0.0014418    0.29478   [    -1.0000     1.0000 ]
                         : -----------------------------------------------------------
TFHandler_DNN            : Variable        Mean        RMS   [        Min        Max ]
                         : -----------------------------------------------------------
                         :    NJets:   -0.83927    0.18573   [    -1.0000    0.69231 ]
                         : NBJets_M:   -0.57402    0.23010   [    -1.0000    0.66667 ]
                         : NCJets_M:   -0.53476    0.20454   [    -1.0000    0.33333 ]
                         :  BJMDPhi: -0.0024397    0.61934   [   -0.99967    0.99983 ]
                         :  BJMDEta: -0.0080145    0.28632   [   -0.96370    0.92897 ]
                         : -----------------------------------------------------------
                         : Using Standard Implementation.Training with learning rate = 0.03, momentum = 0.5, repetitions = 1
                         : 
                         : [...............] (1%, time left: unknown) [(train/test/epo/conv/maxco): 0.635/0.61/210/7/22]    


                         : [...............] (1%, time left: unknown) [(train/test/epo/conv/maxco): 0.636/0.611/290/7/22]   



                         : [...............] (1%, time left: unknown) [(train/test/epo/conv/maxco): 0.626/0.608/490/24/24]  

                         : [...............] (1%, time left: unknown) [(train/test/epo/conv/maxco): 0.627/0.614/520/30/30]  




                         : [...............] (1%, time left: unknown) [(train/test/epo/conv/maxco): 0.623/0.597/2350/291/291]  

                         : [...............] (1%, time left: unknown) [(train/test/epoch): 0.6234/0.5984/2391]  2390/299/299]  
                         : Elapsed time for training with 250000 events: 7.97e+03 sec         
DNN                      : [train_2] : Evaluation of DNN on training sample (250000 events)
                         : Elapsed time for evaluation of 250000 events: 7.49 sec       
                         : Creating xml weight file: train_2/weights/TMVAClassification_DNN.weights.xml
                         : Creating standalone class: train_2/weights/TMVAClassification_DNN.class.C
Factory                  : Training finished
                         : 
                         : Ranking input variables (method specific)...
MLP                      : Ranking result (top variable is best ranked)
                         : ---------------------------------
                         : Rank : Variable  : Importance
                         : ---------------------------------
                         :    1 : NJets     : 9.938e+01
                         :    2 : NBJets_M  : 5.690e+01
                         :    3 : NCJets_M  : 6.363e+00
                         :    4 : BJMDEta   : 2.401e+00
                         :    5 : BJMDPhi   : 4.553e-03
                         : ---------------------------------
BDT                      : Ranking result (top variable is best ranked)
                         : ------------------------------------------
                         : Rank : Variable  : Variable Importance
                         : ------------------------------------------
                         :    1 : BJMDPhi   : 2.473e-01
                         :    2 : BJMDEta   : 2.314e-01
                         :    3 : NBJets_M  : 2.041e-01
                         :    4 : NJets     : 1.801e-01
                         :    5 : NCJets_M  : 1.370e-01
                         : ------------------------------------------
DNN                      : Ranking result (top variable is best ranked)
                         : ---------------------------------
                         : Rank : Variable  : Importance
                         : ---------------------------------
                         :    1 : NJets     : 1.000e+00
                         :    2 : NBJets_M  : 1.000e+00
                         :    3 : NCJets_M  : 1.000e+00
                         :    4 : BJMDPhi   : 1.000e+00
                         :    5 : BJMDEta   : 1.000e+00
                         : ---------------------------------
Factory                  : === Destroy and recreate all methods via weight files for testing ===
                         : 
MLP                      : Building Network. 
                         : Initializing weights
Factory                  : Test all methods
Factory                  : Test method: MLP for Classification performance
                         : 
MLP                      : [train_2] : Evaluation of MLP on testing sample (7149 events)
                         : Elapsed time for evaluation of 7149 events: 0.018 sec       
Factory                  : Test method: BDT for Classification performance
                         : 
BDT                      : [train_2] : Evaluation of BDT on testing sample (7149 events)
                         : Elapsed time for evaluation of 7149 events: 1.12 sec       
Factory                  : Test method: DNN for Classification performance
                         : 
DNN                      : [train_2] : Evaluation of DNN on testing sample (7149 events)
                         : Elapsed time for evaluation of 7149 events: 0.216 sec       
Factory                  : Evaluate all methods
Factory                  : Evaluate classifier: MLP
                         : 
TFHandler_MLP            : Variable        Mean        RMS   [        Min        Max ]
                         : -----------------------------------------------------------
                         :    NJets:   -0.83927    0.18573   [    -1.0000    0.69231 ]
                         : NBJets_M:   -0.57402    0.23010   [    -1.0000    0.66667 ]
                         : NCJets_M:   -0.53476    0.20454   [    -1.0000    0.33333 ]
                         :  BJMDPhi: -0.0024397    0.61934   [   -0.99967    0.99983 ]
                         :  BJMDEta: -0.0080145    0.28632   [   -0.96370    0.92897 ]
                         : -----------------------------------------------------------
MLP                      : [train_2] : Loop over test events and fill histograms with classifier response...
                         : 
TFHandler_MLP            : Variable        Mean        RMS   [        Min        Max ]
                         : -----------------------------------------------------------
                         :    NJets:   -0.83927    0.18573   [    -1.0000    0.69231 ]
                         : NBJets_M:   -0.57402    0.23010   [    -1.0000    0.66667 ]
                         : NCJets_M:   -0.53476    0.20454   [    -1.0000    0.33333 ]
                         :  BJMDPhi: -0.0024397    0.61934   [   -0.99967    0.99983 ]
                         :  BJMDEta: -0.0080145    0.28632   [   -0.96370    0.92897 ]
                         : -----------------------------------------------------------
Factory                  : Evaluate classifier: BDT
                         : 
BDT                      : [train_2] : Loop over test events and fill histograms with classifier response...
                         : 
TFHandler_BDT            : Variable        Mean        RMS   [        Min        Max ]
                         : -----------------------------------------------------------
                         :    NJets:     5.0448     1.2073   [     4.0000     15.000 ]
                         : NBJets_M:     2.2779    0.69031   [     1.0000     6.0000 ]
                         : NCJets_M:     3.0936    0.92042   [     1.0000     7.0000 ]
                         :  BJMDPhi: -0.0076733     1.9457   [    -3.1405     3.1410 ]
                         :  BJMDEta:  -0.033386     1.3628   [    -4.5822     4.4264 ]
                         : -----------------------------------------------------------
Factory                  : Evaluate classifier: DNN
                         : 
TFHandler_DNN            : Variable        Mean        RMS   [        Min        Max ]
                         : -----------------------------------------------------------
                         :    NJets:   -0.83927    0.18573   [    -1.0000    0.69231 ]
                         : NBJets_M:   -0.57402    0.23010   [    -1.0000    0.66667 ]
                         : NCJets_M:   -0.53476    0.20454   [    -1.0000    0.33333 ]
                         :  BJMDPhi: -0.0024397    0.61934   [   -0.99967    0.99983 ]
                         :  BJMDEta: -0.0080145    0.28632   [   -0.96370    0.92897 ]
                         : -----------------------------------------------------------
DNN                      : [train_2] : Loop over test events and fill histograms with classifier response...
                         : 
TFHandler_DNN            : Variable        Mean        RMS   [        Min        Max ]
                         : -----------------------------------------------------------
                         :    NJets:   -0.83927    0.18573   [    -1.0000    0.69231 ]
                         : NBJets_M:   -0.57402    0.23010   [    -1.0000    0.66667 ]
                         : NCJets_M:   -0.53476    0.20454   [    -1.0000    0.33333 ]
                         :  BJMDPhi: -0.0024397    0.61934   [   -0.99967    0.99983 ]
                         :  BJMDEta: -0.0080145    0.28632   [   -0.96370    0.92897 ]
                         : -----------------------------------------------------------
                         : 
                         : Evaluation results ranked by best signal efficiency and purity (area)
                         : -------------------------------------------------------------------------------------------------------------------
                         : DataSet       MVA                       
                         : Name:         Method:          ROC-integ
                         : train_2       MLP            : 0.650
                         : train_2       BDT            : 0.618
                         : train_2       DNN            : 0.649
                         : -------------------------------------------------------------------------------------------------------------------
                         : 
                         : Testing efficiency compared to training efficiency (overtraining check)
                         : -------------------------------------------------------------------------------------------------------------------
                         : DataSet              MVA              Signal efficiency: from test sample (from training sample) 
                         : Name:                Method:          @B=0.01             @B=0.10            @B=0.30   
                         : -------------------------------------------------------------------------------------------------------------------
                         : train_2              MLP            : 0.101 (0.093)       0.384 (0.354)      0.683 (0.678)
                         : train_2              BDT            : 0.100 (0.096)       0.389 (0.371)      0.674 (0.681)
                         : train_2              DNN            : 0.106 (0.093)       0.381 (0.364)      0.686 (0.683)
                         : -------------------------------------------------------------------------------------------------------------------
                         : 
Dataset:train_2          : Created tree 'TestTree' with 7149 events
                         : 
Dataset:train_2          : Created tree 'TrainTree' with 250000 events
                         : 
Factory                  : Thank you for using TMVA!
                         : For citation information, please visit: http://tmva.sf.net/citeTMVA.html

