Processing anamva0_1.C...
                         : Parsing option string: 
                         : ... "V:!Silent:Color:Transformations=I:DrawProgressBar:AnalysisType=Classification"
                         : The following options are set:
                         : - By User:
                         :     V: "True" [Verbose flag]
                         :     Color: "True" [Flag for coloured screen output (default: True, if in batch mode: False)]
                         :     Transformations: "I" [List of transformations to test; formatting example: "Transformations=I;D;P;U;G,D", for identity, decorrelation, PCA, Uniform and Gaussianisation followed by decorrelation transformations]
                         :     Silent: "False" [Batch mode: boolean silent flag inhibiting any output from TMVA after the creation of the factory class object (default: False)]
                         :     DrawProgressBar: "True" [Draw progress bar to display training, testing and evaluation schedule (default: True)]
                         :     AnalysisType: "Classification" [Set the analysis type (Classification, Regression, Multiclass, Auto) (default: Auto)]
                         : - Default:
                         :     Correlations: "False" [boolean to show correlation in output]
                         :     ROC: "True" [boolean to show ROC in output]
                         :     ModelPersistence: "True" [Option to save the trained model in xml file or using serialization]
DataSetInfo              : [run0_1] : Added class "Signal"
                         : Add Tree tmva_AntiTop_Hut of type Signal with 274202 events
                         : Add Tree tmva_AntiTop_Hct of type Signal with 281803 events
                         : Add Tree tmva_Top_Hut of type Signal with 282555 events
                         : Add Tree tmva_Top_Hct of type Signal with 282998 events
DataSetInfo              : [run0_1] : Added class "Background"
                         : Add Tree tmva_ttbb of type Background with 165840 events
Factory                  : Booking method: Likelihood
                         : 
Factory                  : Booking method: MLP
                         : 
MLP                      : [run0_1] : Create Transformation "N" with events from all classes.
                         : 
                         : Transformation, Variable selection : 
                         : Input : variable 'NJets' <---> Output : variable 'NJets'
                         : Input : variable 'NBJets_M' <---> Output : variable 'NBJets_M'
                         : Input : variable 'NCJets_M' <---> Output : variable 'NCJets_M'
                         : Input : variable 'BJMDPhi' <---> Output : variable 'BJMDPhi'
                         : Input : variable 'BJMDEta' <---> Output : variable 'BJMDEta'
MLP                      : Building Network. 
                         : Initializing weights
Factory                  : Booking method: BDT
                         : 
DataSetFactory           : [run0_1] : Number of events in input trees
                         : Dataset[run0_1] :     Signal     requirement: "(NJets > 0 && NBJets_M > 0 && NCJets_M >0 && BJMDPhi < 10 && BJMDEta < 10)"
                         : Dataset[run0_1] :     Signal          -- number of events passed: 485010  / sum of weights: 485010
                         : Dataset[run0_1] :     Signal          -- efficiency             : 0.432443
                         : Dataset[run0_1] :     Background requirement: "(NJets > 0 && NBJets_M > 0 && NCJets_M >0 && BJMDPhi < 10 && BJMDEta < 10)"
                         : Dataset[run0_1] :     Background      -- number of events passed: 102149  / sum of weights: 102149
                         : Dataset[run0_1] :     Background      -- efficiency             : 0.615949
                         : Dataset[run0_1] :  you have opted for interpreting the requested number of training/testing events
                         :  to be the number of events AFTER your preselection cuts
                         : 
                         : Dataset[run0_1] :  you have opted for interpreting the requested number of training/testing events
                         :  to be the number of events AFTER your preselection cuts
                         : 
                         : Number of training and testing events
                         : ---------------------------------------------------------------------------
                         : Signal     -- training events            : 30000
                         : Signal     -- testing events             : 10000
                         : Signal     -- training and testing events: 40000
                         : Dataset[run0_1] : Signal     -- due to the preselection a scaling factor has been applied to the numbers of requested events: 0.432443
                         : Background -- training events            : 30000
                         : Background -- testing events             : 10000
                         : Background -- training and testing events: 40000
                         : Dataset[run0_1] : Background -- due to the preselection a scaling factor has been applied to the numbers of requested events: 0.615949
                         : 
DataSetInfo              : Correlation matrix (Signal):
                         : ---------------------------------------------------
                         :             NJets NBJets_M NCJets_M BJMDPhi BJMDEta
                         :    NJets:  +1.000   +0.097   +0.284  -0.002  +0.004
                         : NBJets_M:  +0.097   +1.000   +0.464  -0.002  +0.007
                         : NCJets_M:  +0.284   +0.464   +1.000  +0.001  +0.007
                         :  BJMDPhi:  -0.002   -0.002   +0.001  +1.000  -0.004
                         :  BJMDEta:  +0.004   +0.007   +0.007  -0.004  +1.000
                         : ---------------------------------------------------
DataSetInfo              : Correlation matrix (Background):
                         : ---------------------------------------------------
                         :             NJets NBJets_M NCJets_M BJMDPhi BJMDEta
                         :    NJets:  +1.000   +0.207   +0.417  -0.010  +0.005
                         : NBJets_M:  +0.207   +1.000   +0.482  -0.003  +0.012
                         : NCJets_M:  +0.417   +0.482   +1.000  -0.003  +0.011
                         :  BJMDPhi:  -0.010   -0.003   -0.003  +1.000  +0.001
                         :  BJMDEta:  +0.005   +0.012   +0.011  +0.001  +1.000
                         : ---------------------------------------------------
DataSetFactory           : [run0_1] :  
                         : 
Factory                  : Booking method: DNN
                         : 
                         : Parsing option string: 
                         : ... "!H:V:VarTransform=N:ErrorStrategy=CROSSENTROPY:WeightInitialization=XAVIERUNIFORM:Layout=TANH|30,TANH|20,LINEAR:TrainingStrategy=LearningRate=0.01,Momentum=0.1,Repetitions=1,ConvergenceSteps=300,BatchSize=500,DropConfig=0.0+0.2+0.0,WeightDecay=0.001,Regularization=L2,TestRepetitions=5,Multithreading=True"
                         : The following options are set:
                         : - By User:
                         :     <none>
                         : - Default:
                         :     Boost_num: "0" [Number of times the classifier will be boosted]
                         : Parsing option string: 
                         : ... "!H:V:VarTransform=N:ErrorStrategy=CROSSENTROPY:WeightInitialization=XAVIERUNIFORM:Layout=TANH|30,TANH|20,LINEAR:TrainingStrategy=LearningRate=0.01,Momentum=0.1,Repetitions=1,ConvergenceSteps=300,BatchSize=500,DropConfig=0.0+0.2+0.0,WeightDecay=0.001,Regularization=L2,TestRepetitions=5,Multithreading=True"
                         : The following options are set:
                         : - By User:
                         :     V: "True" [Verbose output (short form of "VerbosityLevel" below - overrides the latter one)]
                         :     VarTransform: "N" [List of variable transformations performed before training, e.g., "D_Background,P_Signal,G,N_AllClasses" for: "Decorrelation, PCA-transformation, Gaussianisation, Normalisation, each for the given class of events ('AllClasses' denotes all events of all classes, if no class indication is given, 'All' is assumed)"]
                         :     H: "False" [Print method-specific help message]
                         :     Layout: "TANH|30,TANH|20,LINEAR" [Layou of the network.]
                         :     ErrorStrategy: "CROSSENTROPY" [Loss function: Mean squared error (regression) or cross entropy (binary classifcation).]
                         :     WeightInitialization: "XAVIERUNIFORM" [Weight initialization strategy]
                         :     TrainingStrategy: "LearningRate=0.01,Momentum=0.1,Repetitions=1,ConvergenceSteps=300,BatchSize=500,DropConfig=0.0+0.2+0.0,WeightDecay=0.001,Regularization=L2,TestRepetitions=5,Multithreading=True" [Defines the training strategies.]
                         : - Default:
                         :     VerbosityLevel: "Default" [Verbosity level]
                         :     CreateMVAPdfs: "False" [Create PDFs for classifier outputs (signal and background)]
                         :     IgnoreNegWeightsInTraining: "False" [Events with negative weights are ignored in the training (but are included for testing and performance evaluation)]
                         :     Architecture: "STANDARD" [Which architecture to perfrom the training on.]
DNN                      : [run0_1] : Create Transformation "N" with events from all classes.
                         : 
                         : Transformation, Variable selection : 
                         : Input : variable 'NJets' <---> Output : variable 'NJets'
                         : Input : variable 'NBJets_M' <---> Output : variable 'NBJets_M'
                         : Input : variable 'NCJets_M' <---> Output : variable 'NCJets_M'
                         : Input : variable 'BJMDPhi' <---> Output : variable 'BJMDPhi'
                         : Input : variable 'BJMDEta' <---> Output : variable 'BJMDEta'
Factory                  : Train all methods
Factory                  : [run0_1] : Create Transformation "I" with events from all classes.
                         : 
                         : Transformation, Variable selection : 
                         : Input : variable 'NJets' <---> Output : variable 'NJets'
                         : Input : variable 'NBJets_M' <---> Output : variable 'NBJets_M'
                         : Input : variable 'NCJets_M' <---> Output : variable 'NCJets_M'
                         : Input : variable 'BJMDPhi' <---> Output : variable 'BJMDPhi'
                         : Input : variable 'BJMDEta' <---> Output : variable 'BJMDEta'
TFHandler_Factory        : Variable        Mean        RMS   [        Min        Max ]
                         : -----------------------------------------------------------
                         :    NJets:     5.2204     1.2643   [     4.0000     16.000 ]
                         : NBJets_M:     2.3455    0.71594   [     1.0000     7.0000 ]
                         : NCJets_M:     3.1976    0.96819   [     1.0000     9.0000 ]
                         :  BJMDPhi: -0.0064483     1.9404   [    -3.1416     3.1416 ]
                         :  BJMDEta:-0.00073126     1.4183   [    -4.6749     4.7495 ]
                         : -----------------------------------------------------------
                         : Ranking input variables (method unspecific)...
IdTransformation         : Ranking result (top variable is best ranked)
                         : ---------------------------------
                         : Rank : Variable  : Separation
                         : ---------------------------------
                         :    1 : NJets     : 1.374e-01
                         :    2 : NCJets_M  : 7.663e-02
                         :    3 : NBJets_M  : 7.345e-02
                         :    4 : BJMDEta   : 9.581e-03
                         :    5 : BJMDPhi   : 1.676e-03
                         : ---------------------------------
Factory                  : Train method: Likelihood for Classification
                         : 
                         : 
                         : ================================================================
                         : H e l p   f o r   M V A   m e t h o d   [ Likelihood ] :
                         : 
                         : --- Short description:
                         : 
                         : The maximum-likelihood classifier models the data with probability 
                         : density functions (PDF) reproducing the signal and background
                         : distributions of the input variables. Correlations among the 
                         : variables are ignored.
                         : 
                         : --- Performance optimisation:
                         : 
                         : Required for good performance are decorrelated input variables
                         : (PCA transformation via the option "VarTransform=Decorrelate"
                         : may be tried). Irreducible non-linear correlations may be reduced
                         : by precombining strongly correlated input variables, or by simply
                         : removing one of the variables.
                         : 
                         : --- Performance tuning via configuration options:
                         : 
                         : High fidelity PDF estimates are mandatory, i.e., sufficient training 
                         : statistics is required to populate the tails of the distributions
                         : It would be a surprise if the default Spline or KDE kernel parameters
                         : provide a satisfying fit to the data. The user is advised to properly
                         : tune the events per bin and smooth options in the spline cases
                         : individually per variable. If the KDE kernel is used, the adaptive
                         : Gaussian kernel may lead to artefacts, so please always also try
                         : the non-adaptive one.
                         : 
                         : All tuning parameters must be adjusted individually for each input
                         : variable!
                         : 
                         : <Suppress this message by specifying "!H" in the booking option>
                         : ================================================================
                         : 
                         : Filling reference histograms
                         : Building PDF out of reference histograms
                         : Elapsed time for training with 60000 events: 0.18 sec         
Likelihood               : [run0_1] : Evaluation of Likelihood on training sample (60000 events)
                         : Elapsed time for evaluation of 60000 events: 0.0917 sec       
                         : Creating xml weight file: run0_1/weights/TMVAClassification_Likelihood.weights.xml
                         : Creating standalone class: run0_1/weights/TMVAClassification_Likelihood.class.C
                         : Write monitoring histograms to file: output0_1.root:/run0_1/Method_Likelihood/Likelihood
Factory                  : Training finished
                         : 
Factory                  : Train method: MLP for Classification
                         : 
                         : 
                         : ================================================================
                         : H e l p   f o r   M V A   m e t h o d   [ MLP ] :
                         : 
                         : --- Short description:
                         : 
                         : The MLP artificial neural network (ANN) is a traditional feed-
                         : forward multilayer perceptron impementation. The MLP has a user-
                         : defined hidden layer architecture, while the number of input (output)
                         : nodes is determined by the input variables (output classes, i.e., 
                         : signal and one background). 
                         : 
                         : --- Performance optimisation:
                         : 
                         : Neural networks are stable and performing for a large variety of 
                         : linear and non-linear classification problems. However, in contrast
                         : to (e.g.) boosted decision trees, the user is advised to reduce the 
                         : number of input variables that have only little discrimination power. 
                         : 
                         : In the tests we have carried out so far, the MLP and ROOT networks
                         : (TMlpANN, interfaced via TMVA) performed equally well, with however
                         : a clear speed advantage for the MLP. The Clermont-Ferrand neural 
                         : net (CFMlpANN) exhibited worse classification performance in these
                         : tests, which is partly due to the slow convergence of its training
                         : (at least 10k training cycles are required to achieve approximately
                         : competitive results).
                         : 
                         : Overtraining: only the TMlpANN performs an explicit separation of the
                         : full training sample into independent training and validation samples.
                         : We have found that in most high-energy physics applications the 
                         : avaliable degrees of freedom (training events) are sufficient to 
                         : constrain the weights of the relatively simple architectures required
                         : to achieve good performance. Hence no overtraining should occur, and 
                         : the use of validation samples would only reduce the available training
                         : information. However, if the perrormance on the training sample is 
                         : found to be significantly better than the one found with the inde-
                         : pendent test sample, caution is needed. The results for these samples 
                         : are printed to standard output at the end of each training job.
                         : 
                         : --- Performance tuning via configuration options:
                         : 
                         : The hidden layer architecture for all ANNs is defined by the option
                         : "HiddenLayers=N+1,N,...", where here the first hidden layer has N+1
                         : neurons and the second N neurons (and so on), and where N is the number  
                         : of input variables. Excessive numbers of hidden layers should be avoided,
                         : in favour of more neurons in the first hidden layer.
                         : 
                         : The number of cycles should be above 500. As said, if the number of
                         : adjustable weights is small compared to the training sample size,
                         : using a large number of training samples should not lead to overtraining.
                         : 
                         : <Suppress this message by specifying "!H" in the booking option>
                         : ================================================================
                         : 
TFHandler_MLP            : Variable        Mean        RMS   [        Min        Max ]
                         : -----------------------------------------------------------
                         :    NJets:   -0.79660    0.21072   [    -1.0000     1.0000 ]
                         : NBJets_M:   -0.55149    0.23865   [    -1.0000     1.0000 ]
                         : NCJets_M:   -0.45059    0.24205   [    -1.0000     1.0000 ]
                         :  BJMDPhi: -0.0020536    0.61765   [    -1.0000     1.0000 ]
                         :  BJMDEta: -0.0080715    0.30099   [    -1.0000     1.0000 ]
                         : -----------------------------------------------------------
                         : Training Network
                         : 
                         : Elapsed time for training with 60000 events: 398 sec         ): 1.177/1.169]   
MLP                      : [run0_1] : Evaluation of MLP on training sample (60000 events)
                         : Elapsed time for evaluation of 60000 events: 0.171 sec       
                         : Creating xml weight file: run0_1/weights/TMVAClassification_MLP.weights.xml
                         : Creating standalone class: run0_1/weights/TMVAClassification_MLP.class.C
                         : Write special histos to file: output0_1.root:/run0_1/Method_MLP/MLP
Factory                  : Training finished
                         : 
Factory                  : Train method: BDT for Classification
                         : 
BDT                      : #events: (reweighted) sig: 30000 bkg: 30000
                         : #events: (unweighted) sig: 30000 bkg: 30000
                         : Training 1500 Decision Trees ... patience please
                         : Elapsed time for training with 60000 events: 67.3 sec         
BDT                      : [run0_1] : Evaluation of BDT on training sample (60000 events)
                         : Elapsed time for evaluation of 60000 events: 23.7 sec       
                         : Creating xml weight file: run0_1/weights/TMVAClassification_BDT.weights.xml
                         : Creating standalone class: run0_1/weights/TMVAClassification_BDT.class.C
Factory                  : Training finished
                         : 
Factory                  : Train method: DNN for Classification
                         : 
TFHandler_DNN            : Variable        Mean        RMS   [        Min        Max ]
                         : -----------------------------------------------------------
                         :    NJets:   -0.79660    0.21072   [    -1.0000     1.0000 ]
                         : NBJets_M:   -0.55149    0.23865   [    -1.0000     1.0000 ]
                         : NCJets_M:   -0.45059    0.24205   [    -1.0000     1.0000 ]
                         :  BJMDPhi: -0.0020536    0.61765   [    -1.0000     1.0000 ]
                         :  BJMDEta: -0.0080715    0.30099   [    -1.0000     1.0000 ]
                         : -----------------------------------------------------------
TFHandler_DNN            : Variable        Mean        RMS   [        Min        Max ]
                         : -----------------------------------------------------------
                         :    NJets:   -0.79660    0.21072   [    -1.0000     1.0000 ]
                         : NBJets_M:   -0.55149    0.23865   [    -1.0000     1.0000 ]
                         : NCJets_M:   -0.45059    0.24205   [    -1.0000     1.0000 ]
                         :  BJMDPhi: -0.0020536    0.61765   [    -1.0000     1.0000 ]
                         :  BJMDEta: -0.0080715    0.30099   [    -1.0000     1.0000 ]
                         : -----------------------------------------------------------
TFHandler_DNN            : Variable        Mean        RMS   [        Min        Max ]
                         : -----------------------------------------------------------
                         :    NJets:   -0.79717    0.20921   [    -1.0000    0.50000 ]
                         : NBJets_M:   -0.55450    0.23614   [    -1.0000    0.66667 ]
                         : NCJets_M:   -0.45317    0.24000   [    -1.0000    0.75000 ]
                         :  BJMDPhi:  0.0052637    0.61739   [    -1.0000    0.99999 ]
                         :  BJMDEta: -0.0060707    0.30025   [   -0.99608    0.99446 ]
                         : -----------------------------------------------------------
                         : Using Standard Implementation.Training with learning rate = 0.01, momentum = 0.1, repetitions = 1
                         : 
                         : [...............] (1%, time left: unknown) [(train/test/epoch): 0.6301/0.6265/3091]  090/299/299]   
                         : Elapsed time for training with 60000 events: 688 sec         
DNN                      : [run0_1] : Evaluation of DNN on training sample (60000 events)
                         : Elapsed time for evaluation of 60000 events: 0.566 sec       
                         : Creating xml weight file: run0_1/weights/TMVAClassification_DNN.weights.xml
                         : Creating standalone class: run0_1/weights/TMVAClassification_DNN.class.C
Factory                  : Training finished
                         : 
                         : Ranking input variables (method specific)...
Likelihood               : Ranking result (top variable is best ranked)
                         : ---------------------------------------
                         : Rank : Variable  : Delta Separation
                         : ---------------------------------------
                         :    1 : NJets     : 2.289e-02
                         :    2 : NCJets_M  : 1.364e-02
                         :    3 : NBJets_M  : 4.380e-03
                         :    4 : BJMDEta   : 2.744e-03
                         :    5 : BJMDPhi   : 1.923e-03
                         : ---------------------------------------
MLP                      : Ranking result (top variable is best ranked)
                         : ---------------------------------
                         : Rank : Variable  : Importance
                         : ---------------------------------
                         :    1 : NJets     : 5.358e+01
                         :    2 : NBJets_M  : 3.667e+01
                         :    3 : NCJets_M  : 2.744e+00
                         :    4 : BJMDEta   : 1.670e+00
                         :    5 : BJMDPhi   : 7.829e-01
                         : ---------------------------------
BDT                      : Ranking result (top variable is best ranked)
                         : ------------------------------------------
                         : Rank : Variable  : Variable Importance
                         : ------------------------------------------
                         :    1 : BJMDPhi   : 2.683e-01
                         :    2 : BJMDEta   : 2.459e-01
                         :    3 : NJets     : 1.735e-01
                         :    4 : NBJets_M  : 1.713e-01
                         :    5 : NCJets_M  : 1.409e-01
                         : ------------------------------------------
DNN                      : Ranking result (top variable is best ranked)
                         : ---------------------------------
                         : Rank : Variable  : Importance
                         : ---------------------------------
                         :    1 : NJets     : 1.000e+00
                         :    2 : NBJets_M  : 1.000e+00
                         :    3 : NCJets_M  : 1.000e+00
                         :    4 : BJMDPhi   : 1.000e+00
                         :    5 : BJMDEta   : 1.000e+00
                         : ---------------------------------
Factory                  : === Destroy and recreate all methods via weight files for testing ===
                         : 
MLP                      : Building Network. 
                         : Initializing weights
Factory                  : Test all methods
Factory                  : Test method: Likelihood for Classification performance
                         : 
Likelihood               : [run0_1] : Evaluation of Likelihood on testing sample (20000 events)
                         : Elapsed time for evaluation of 20000 events: 0.0362 sec       
Factory                  : Test method: MLP for Classification performance
                         : 
MLP                      : [run0_1] : Evaluation of MLP on testing sample (20000 events)
                         : Elapsed time for evaluation of 20000 events: 0.0654 sec       
Factory                  : Test method: BDT for Classification performance
                         : 
BDT                      : [run0_1] : Evaluation of BDT on testing sample (20000 events)
                         : Elapsed time for evaluation of 20000 events: 5.78 sec       
Factory                  : Test method: DNN for Classification performance
                         : 
DNN                      : [run0_1] : Evaluation of DNN on testing sample (20000 events)
                         : Elapsed time for evaluation of 20000 events: 0.194 sec       
Factory                  : Evaluate all methods
Factory                  : Evaluate classifier: Likelihood
                         : 
Likelihood               : [run0_1] : Loop over test events and fill histograms with classifier response...
                         : 
TFHandler_Likelihood     : Variable        Mean        RMS   [        Min        Max ]
                         : -----------------------------------------------------------
                         :    NJets:     5.2170     1.2552   [     4.0000     13.000 ]
                         : NBJets_M:     2.3365    0.70843   [     1.0000     6.0000 ]
                         : NCJets_M:     3.1873    0.96001   [     1.0000     8.0000 ]
                         :  BJMDPhi:   0.016539     1.9396   [    -3.1416     3.1415 ]
                         :  BJMDEta:  0.0086967     1.4148   [    -4.6565     4.7234 ]
                         : -----------------------------------------------------------
Factory                  : Evaluate classifier: MLP
                         : 
TFHandler_MLP            : Variable        Mean        RMS   [        Min        Max ]
                         : -----------------------------------------------------------
                         :    NJets:   -0.79717    0.20921   [    -1.0000    0.50000 ]
                         : NBJets_M:   -0.55450    0.23614   [    -1.0000    0.66667 ]
                         : NCJets_M:   -0.45317    0.24000   [    -1.0000    0.75000 ]
                         :  BJMDPhi:  0.0052637    0.61739   [    -1.0000    0.99999 ]
                         :  BJMDEta: -0.0060707    0.30025   [   -0.99608    0.99446 ]
                         : -----------------------------------------------------------
MLP                      : [run0_1] : Loop over test events and fill histograms with classifier response...
                         : 
TFHandler_MLP            : Variable        Mean        RMS   [        Min        Max ]
                         : -----------------------------------------------------------
                         :    NJets:   -0.79717    0.20921   [    -1.0000    0.50000 ]
                         : NBJets_M:   -0.55450    0.23614   [    -1.0000    0.66667 ]
                         : NCJets_M:   -0.45317    0.24000   [    -1.0000    0.75000 ]
                         :  BJMDPhi:  0.0052637    0.61739   [    -1.0000    0.99999 ]
                         :  BJMDEta: -0.0060707    0.30025   [   -0.99608    0.99446 ]
                         : -----------------------------------------------------------
Factory                  : Evaluate classifier: BDT
                         : 
BDT                      : [run0_1] : Loop over test events and fill histograms with classifier response...
                         : 
TFHandler_BDT            : Variable        Mean        RMS   [        Min        Max ]
                         : -----------------------------------------------------------
                         :    NJets:     5.2170     1.2552   [     4.0000     13.000 ]
                         : NBJets_M:     2.3365    0.70843   [     1.0000     6.0000 ]
                         : NCJets_M:     3.1873    0.96001   [     1.0000     8.0000 ]
                         :  BJMDPhi:   0.016539     1.9396   [    -3.1416     3.1415 ]
                         :  BJMDEta:  0.0086967     1.4148   [    -4.6565     4.7234 ]
                         : -----------------------------------------------------------
Factory                  : Evaluate classifier: DNN
                         : 
TFHandler_DNN            : Variable        Mean        RMS   [        Min        Max ]
                         : -----------------------------------------------------------
                         :    NJets:   -0.79717    0.20921   [    -1.0000    0.50000 ]
                         : NBJets_M:   -0.55450    0.23614   [    -1.0000    0.66667 ]
                         : NCJets_M:   -0.45317    0.24000   [    -1.0000    0.75000 ]
                         :  BJMDPhi:  0.0052637    0.61739   [    -1.0000    0.99999 ]
                         :  BJMDEta: -0.0060707    0.30025   [   -0.99608    0.99446 ]
                         : -----------------------------------------------------------
DNN                      : [run0_1] : Loop over test events and fill histograms with classifier response...
                         : 
TFHandler_DNN            : Variable        Mean        RMS   [        Min        Max ]
                         : -----------------------------------------------------------
                         :    NJets:   -0.79717    0.20921   [    -1.0000    0.50000 ]
                         : NBJets_M:   -0.55450    0.23614   [    -1.0000    0.66667 ]
                         : NCJets_M:   -0.45317    0.24000   [    -1.0000    0.75000 ]
                         :  BJMDPhi:  0.0052637    0.61739   [    -1.0000    0.99999 ]
                         :  BJMDEta: -0.0060707    0.30025   [   -0.99608    0.99446 ]
                         : -----------------------------------------------------------
                         : 
                         : Evaluation results ranked by best signal efficiency and purity (area)
                         : -------------------------------------------------------------------------------------------------------------------
                         : DataSet       MVA                       
                         : Name:         Method:          ROC-integ
                         : run0_1        MLP            : 0.756
                         : run0_1        DNN            : 0.756
                         : run0_1        BDT            : 0.750
                         : run0_1        Likelihood     : 0.690
                         : -------------------------------------------------------------------------------------------------------------------
                         : 
                         : Testing efficiency compared to training efficiency (overtraining check)
                         : -------------------------------------------------------------------------------------------------------------------
                         : DataSet              MVA              Signal efficiency: from test sample (from training sample) 
                         : Name:                Method:          @B=0.01             @B=0.10            @B=0.30   
                         : -------------------------------------------------------------------------------------------------------------------
                         : run0_1               MLP            : 0.108 (0.098)       0.362 (0.358)      0.685 (0.683)
                         : run0_1               DNN            : 0.107 (0.098)       0.375 (0.360)      0.681 (0.679)
                         : run0_1               BDT            : 0.109 (0.100)       0.368 (0.370)      0.677 (0.682)
                         : run0_1               Likelihood     : 0.044 (0.042)       0.231 (0.241)      0.583 (0.587)
                         : -------------------------------------------------------------------------------------------------------------------
                         : 
Dataset:run0_1           : Created tree 'TestTree' with 20000 events
                         : 
Dataset:run0_1           : Created tree 'TrainTree' with 60000 events
                         : 
Factory                  : Thank you for using TMVA!
                         : For citation information, please visit: http://tmva.sf.net/citeTMVA.html

