root [0] 
Processing anamva_608_smalllayer_likelihood.C...
                         : Parsing option string: 
                         : ... "V:!Silent:Color:Transformations=I:DrawProgressBar:AnalysisType=Classification"
                         : The following options are set:
                         : - By User:
                         :     V: "True" [Verbose flag]
                         :     Color: "True" [Flag for coloured screen output (default: True, if in batch mode: False)]
                         :     Transformations: "I" [List of transformations to test; formatting example: "Transformations=I;D;P;U;G,D", for identity, decorrelation, PCA, Uniform and Gaussianisation followed by decorrelation transformations]
                         :     Silent: "False" [Batch mode: boolean silent flag inhibiting any output from TMVA after the creation of the factory class object (default: False)]
                         :     DrawProgressBar: "True" [Draw progress bar to display training, testing and evaluation schedule (default: True)]
                         :     AnalysisType: "Classification" [Set the analysis type (Classification, Regression, Multiclass, Auto) (default: Auto)]
                         : - Default:
                         :     Correlations: "False" [boolean to show correlation in output]
                         :     ROC: "True" [boolean to show ROC in output]
                         :     ModelPersistence: "True" [Option to save the trained model in xml file or using serialization]
DataSetInfo              : [train_3_1] : Added class "Signal"
                         : Add Tree tmva_AntiTop_Hut of type Signal with 274202 events
                         : Add Tree tmva_AntiTop_Hct of type Signal with 281803 events
                         : Add Tree tmva_Top_Hut of type Signal with 282555 events
                         : Add Tree tmva_Top_Hct of type Signal with 282998 events
DataSetInfo              : [train_3_1] : Added class "Background"
                         : Add Tree tmva_ttbb of type Background with 165840 events
Factory                  : Booking method: Likelihood
                         : 
Factory                  : Booking method: MLP
                         : 
MLP                      : [train_3_1] : Create Transformation "N" with events from all classes.
                         : 
                         : Transformation, Variable selection : 
                         : Input : variable 'NJets' <---> Output : variable 'NJets'
                         : Input : variable 'NBJets_M' <---> Output : variable 'NBJets_M'
                         : Input : variable 'NCJets_M' <---> Output : variable 'NCJets_M'
                         : Input : variable 'BJMDPhi' <---> Output : variable 'BJMDPhi'
                         : Input : variable 'BJMDEta' <---> Output : variable 'BJMDEta'
MLP                      : Building Network. 
                         : Initializing weights
Factory                  : Booking method: BDT
                         : 
DataSetFactory           : [train_3_1] : Number of events in input trees
                         : Dataset[train_3_1] :     Signal     requirement: "(NJets > 0 && NBJets_M > 0 && NCJets_M >0 && BJMDPhi < 10 && BJMDEta < 10)"
                         : Dataset[train_3_1] :     Signal          -- number of events passed: 485010  / sum of weights: 485010
                         : Dataset[train_3_1] :     Signal          -- efficiency             : 0.432443
                         : Dataset[train_3_1] :     Background requirement: "(NJets > 0 && NBJets_M > 0 && NCJets_M >0 && BJMDPhi < 10 && BJMDEta < 10)"
                         : Dataset[train_3_1] :     Background      -- number of events passed: 102149  / sum of weights: 102149
                         : Dataset[train_3_1] :     Background      -- efficiency             : 0.615949
                         : Dataset[train_3_1] :  you have opted for interpreting the requested number of training/testing events
                         :  to be the number of events AFTER your preselection cuts
                         : 
                         : Dataset[train_3_1] :  you have opted for interpreting the requested number of training/testing events
                         :  to be the number of events AFTER your preselection cuts
                         : 
                         : Number of training and testing events
                         : ---------------------------------------------------------------------------
                         : Signal     -- training events            : 20000
                         : Signal     -- testing events             : 1000
                         : Signal     -- training and testing events: 21000
                         : Dataset[train_3_1] : Signal     -- due to the preselection a scaling factor has been applied to the numbers of requested events: 0.432443
                         : Background -- training events            : 20000
                         : Background -- testing events             : 1000
                         : Background -- training and testing events: 21000
                         : Dataset[train_3_1] : Background -- due to the preselection a scaling factor has been applied to the numbers of requested events: 0.615949
                         : 
DataSetInfo              : Correlation matrix (Signal):
                         : ---------------------------------------------------
                         :             NJets NBJets_M NCJets_M BJMDPhi BJMDEta
                         :    NJets:  +1.000   +0.098   +0.287  +0.002  +0.009
                         : NBJets_M:  +0.098   +1.000   +0.459  -0.002  +0.009
                         : NCJets_M:  +0.287   +0.459   +1.000  -0.005  +0.003
                         :  BJMDPhi:  +0.002   -0.002   -0.005  +1.000  +0.000
                         :  BJMDEta:  +0.009   +0.009   +0.003  +0.000  +1.000
                         : ---------------------------------------------------
DataSetInfo              : Correlation matrix (Background):
                         : ---------------------------------------------------
                         :             NJets NBJets_M NCJets_M BJMDPhi BJMDEta
                         :    NJets:  +1.000   +0.207   +0.416  -0.016  -0.001
                         : NBJets_M:  +0.207   +1.000   +0.478  -0.006  +0.006
                         : NCJets_M:  +0.416   +0.478   +1.000  -0.003  +0.010
                         :  BJMDPhi:  -0.016   -0.006   -0.003  +1.000  -0.003
                         :  BJMDEta:  -0.001   +0.006   +0.010  -0.003  +1.000
                         : ---------------------------------------------------
DataSetFactory           : [train_3_1] :  
                         : 
Factory                  : Booking method: DNN
                         : 
                         : Parsing option string: 
                         : ... "!H:V:VarTransform=N:ErrorStrategy=CROSSENTROPY:WeightInitialization=XAVIERUNIFORM:Layout=TANH|50,TANH|30,TANH|10,LINEAR:TrainingStrategy=LearningRate=0.03,Momentum=0.5,Repetitions=1,ConvergenceSteps=300,BatchSize=1000,DropConfig=0.0+0.3+0.3+0.0,WeightDecay=0.001,Regularization=L2,TestRepetitions=5,Multithreading=True"
                         : The following options are set:
                         : - By User:
                         :     <none>
                         : - Default:
                         :     Boost_num: "0" [Number of times the classifier will be boosted]
                         : Parsing option string: 
                         : ... "!H:V:VarTransform=N:ErrorStrategy=CROSSENTROPY:WeightInitialization=XAVIERUNIFORM:Layout=TANH|50,TANH|30,TANH|10,LINEAR:TrainingStrategy=LearningRate=0.03,Momentum=0.5,Repetitions=1,ConvergenceSteps=300,BatchSize=1000,DropConfig=0.0+0.3+0.3+0.0,WeightDecay=0.001,Regularization=L2,TestRepetitions=5,Multithreading=True"
                         : The following options are set:
                         : - By User:
                         :     V: "True" [Verbose output (short form of "VerbosityLevel" below - overrides the latter one)]
                         :     VarTransform: "N" [List of variable transformations performed before training, e.g., "D_Background,P_Signal,G,N_AllClasses" for: "Decorrelation, PCA-transformation, Gaussianisation, Normalisation, each for the given class of events ('AllClasses' denotes all events of all classes, if no class indication is given, 'All' is assumed)"]
                         :     H: "False" [Print method-specific help message]
                         :     Layout: "TANH|50,TANH|30,TANH|10,LINEAR" [Layou of the network.]
                         :     ErrorStrategy: "CROSSENTROPY" [Loss function: Mean squared error (regression) or cross entropy (binary classifcation).]
                         :     WeightInitialization: "XAVIERUNIFORM" [Weight initialization strategy]
                         :     TrainingStrategy: "LearningRate=0.03,Momentum=0.5,Repetitions=1,ConvergenceSteps=300,BatchSize=1000,DropConfig=0.0+0.3+0.3+0.0,WeightDecay=0.001,Regularization=L2,TestRepetitions=5,Multithreading=True" [Defines the training strategies.]
                         : - Default:
                         :     VerbosityLevel: "Default" [Verbosity level]
                         :     CreateMVAPdfs: "False" [Create PDFs for classifier outputs (signal and background)]
                         :     IgnoreNegWeightsInTraining: "False" [Events with negative weights are ignored in the training (but are included for testing and performance evaluation)]
                         :     Architecture: "STANDARD" [Which architecture to perfrom the training on.]
DNN                      : [train_3_1] : Create Transformation "N" with events from all classes.
                         : 
                         : Transformation, Variable selection : 
                         : Input : variable 'NJets' <---> Output : variable 'NJets'
                         : Input : variable 'NBJets_M' <---> Output : variable 'NBJets_M'
                         : Input : variable 'NCJets_M' <---> Output : variable 'NCJets_M'
                         : Input : variable 'BJMDPhi' <---> Output : variable 'BJMDPhi'
                         : Input : variable 'BJMDEta' <---> Output : variable 'BJMDEta'
Factory                  : Train all methods
Factory                  : [train_3_1] : Create Transformation "I" with events from all classes.
                         : 
                         : Transformation, Variable selection : 
                         : Input : variable 'NJets' <---> Output : variable 'NJets'
                         : Input : variable 'NBJets_M' <---> Output : variable 'NBJets_M'
                         : Input : variable 'NCJets_M' <---> Output : variable 'NCJets_M'
                         : Input : variable 'BJMDPhi' <---> Output : variable 'BJMDPhi'
                         : Input : variable 'BJMDEta' <---> Output : variable 'BJMDEta'
TFHandler_Factory        : Variable        Mean        RMS   [        Min        Max ]
                         : -----------------------------------------------------------
                         :    NJets:     5.2218     1.2614   [     4.0000     14.000 ]
                         : NBJets_M:     2.3436    0.71350   [     1.0000     6.0000 ]
                         : NCJets_M:     3.2004    0.96818   [     1.0000     8.0000 ]
                         :  BJMDPhi:  0.0031639     1.9406   [    -3.1414     3.1416 ]
                         :  BJMDEta: -0.0030886     1.4198   [    -4.6749     4.7495 ]
                         : -----------------------------------------------------------
                         : Ranking input variables (method unspecific)...
IdTransformation         : Ranking result (top variable is best ranked)
                         : ---------------------------------
                         : Rank : Variable  : Separation
                         : ---------------------------------
                         :    1 : NJets     : 1.400e-01
                         :    2 : NCJets_M  : 7.690e-02
                         :    3 : NBJets_M  : 7.186e-02
                         :    4 : BJMDEta   : 1.036e-02
                         :    5 : BJMDPhi   : 1.980e-03
                         : ---------------------------------
Factory                  : Train method: Likelihood for Classification
                         : 
                         : 
                         : ================================================================
                         : H e l p   f o r   M V A   m e t h o d   [ Likelihood ] :
                         : 
                         : --- Short description:
                         : 
                         : The maximum-likelihood classifier models the data with probability 
                         : density functions (PDF) reproducing the signal and background
                         : distributions of the input variables. Correlations among the 
                         : variables are ignored.
                         : 
                         : --- Performance optimisation:
                         : 
                         : Required for good performance are decorrelated input variables
                         : (PCA transformation via the option "VarTransform=Decorrelate"
                         : may be tried). Irreducible non-linear correlations may be reduced
                         : by precombining strongly correlated input variables, or by simply
                         : removing one of the variables.
                         : 
                         : --- Performance tuning via configuration options:
                         : 
                         : High fidelity PDF estimates are mandatory, i.e., sufficient training 
                         : statistics is required to populate the tails of the distributions
                         : It would be a surprise if the default Spline or KDE kernel parameters
                         : provide a satisfying fit to the data. The user is advised to properly
                         : tune the events per bin and smooth options in the spline cases
                         : individually per variable. If the KDE kernel is used, the adaptive
                         : Gaussian kernel may lead to artefacts, so please always also try
                         : the non-adaptive one.
                         : 
                         : All tuning parameters must be adjusted individually for each input
                         : variable!
                         : 
                         : <Suppress this message by specifying "!H" in the booking option>
                         : ================================================================
                         : 
                         : Filling reference histograms
                         : Building PDF out of reference histograms
                         : Elapsed time for training with 40000 events: 0.122 sec         
Likelihood               : [train_3_1] : Evaluation of Likelihood on training sample (40000 events)
                         : Elapsed time for evaluation of 40000 events: 0.0636 sec       
                         : Creating xml weight file: train_3_1/weights/TMVAClassification_Likelihood.weights.xml
                         : Creating standalone class: train_3_1/weights/TMVAClassification_Likelihood.class.C
                         : Write monitoring histograms to file: output_608_3_1.root:/train_3_1/Method_Likelihood/Likelihood
Factory                  : Training finished
                         : 
Factory                  : Train method: MLP for Classification
                         : 
                         : 
                         : ================================================================
                         : H e l p   f o r   M V A   m e t h o d   [ MLP ] :
                         : 
                         : --- Short description:
                         : 
                         : The MLP artificial neural network (ANN) is a traditional feed-
                         : forward multilayer perceptron impementation. The MLP has a user-
                         : defined hidden layer architecture, while the number of input (output)
                         : nodes is determined by the input variables (output classes, i.e., 
                         : signal and one background). 
                         : 
                         : --- Performance optimisation:
                         : 
                         : Neural networks are stable and performing for a large variety of 
                         : linear and non-linear classification problems. However, in contrast
                         : to (e.g.) boosted decision trees, the user is advised to reduce the 
                         : number of input variables that have only little discrimination power. 
                         : 
                         : In the tests we have carried out so far, the MLP and ROOT networks
                         : (TMlpANN, interfaced via TMVA) performed equally well, with however
                         : a clear speed advantage for the MLP. The Clermont-Ferrand neural 
                         : net (CFMlpANN) exhibited worse classification performance in these
                         : tests, which is partly due to the slow convergence of its training
                         : (at least 10k training cycles are required to achieve approximately
                         : competitive results).
                         : 
                         : Overtraining: only the TMlpANN performs an explicit separation of the
                         : full training sample into independent training and validation samples.
                         : We have found that in most high-energy physics applications the 
                         : avaliable degrees of freedom (training events) are sufficient to 
                         : constrain the weights of the relatively simple architectures required
                         : to achieve good performance. Hence no overtraining should occur, and 
                         : the use of validation samples would only reduce the available training
                         : information. However, if the perrormance on the training sample is 
                         : found to be significantly better than the one found with the inde-
                         : pendent test sample, caution is needed. The results for these samples 
                         : are printed to standard output at the end of each training job.
                         : 
                         : --- Performance tuning via configuration options:
                         : 
                         : The hidden layer architecture for all ANNs is defined by the option
                         : "HiddenLayers=N+1,N,...", where here the first hidden layer has N+1
                         : neurons and the second N neurons (and so on), and where N is the number  
                         : of input variables. Excessive numbers of hidden layers should be avoided,
                         : in favour of more neurons in the first hidden layer.
                         : 
                         : The number of cycles should be above 500. As said, if the number of
                         : adjustable weights is small compared to the training sample size,
                         : using a large number of training samples should not lead to overtraining.
                         : 
                         : <Suppress this message by specifying "!H" in the booking option>
                         : ================================================================
                         : 
TFHandler_MLP            : Variable        Mean        RMS   [        Min        Max ]
                         : -----------------------------------------------------------
                         :    NJets:   -0.75565    0.25228   [    -1.0000     1.0000 ]
                         : NBJets_M:   -0.46257    0.28540   [    -1.0000     1.0000 ]
                         : NCJets_M:   -0.37132    0.27662   [    -1.0000     1.0000 ]
                         :  BJMDPhi: 0.00098749    0.61774   [    -1.0000     1.0000 ]
                         :  BJMDEta: -0.0085717    0.30130   [    -1.0000     1.0000 ]
                         : -----------------------------------------------------------
                         : Training Network
                         : 
                         : Elapsed time for training with 40000 events: 258 sec         ): 1.176/1.182]   
MLP                      : [train_3_1] : Evaluation of MLP on training sample (40000 events)
                         : Elapsed time for evaluation of 40000 events: 0.12 sec       
                         : Creating xml weight file: train_3_1/weights/TMVAClassification_MLP.weights.xml
                         : Creating standalone class: train_3_1/weights/TMVAClassification_MLP.class.C
                         : Write special histos to file: output_608_3_1.root:/train_3_1/Method_MLP/MLP
Factory                  : Training finished
                         : 
Factory                  : Train method: BDT for Classification
                         : 
BDT                      : #events: (reweighted) sig: 20000 bkg: 20000
                         : #events: (unweighted) sig: 20000 bkg: 20000
                         : Training 1500 Decision Trees ... patience please
                         : Elapsed time for training with 40000 events: 42.7 sec         
BDT                      : [train_3_1] : Evaluation of BDT on training sample (40000 events)
                         : Elapsed time for evaluation of 40000 events: 15.6 sec       
                         : Creating xml weight file: train_3_1/weights/TMVAClassification_BDT.weights.xml
                         : Creating standalone class: train_3_1/weights/TMVAClassification_BDT.class.C
Factory                  : Training finished
                         : 
Factory                  : Train method: DNN for Classification
                         : 
TFHandler_DNN            : Variable        Mean        RMS   [        Min        Max ]
                         : -----------------------------------------------------------
                         :    NJets:   -0.75565    0.25228   [    -1.0000     1.0000 ]
                         : NBJets_M:   -0.46257    0.28540   [    -1.0000     1.0000 ]
                         : NCJets_M:   -0.37132    0.27662   [    -1.0000     1.0000 ]
                         :  BJMDPhi: 0.00098749    0.61774   [    -1.0000     1.0000 ]
                         :  BJMDEta: -0.0085717    0.30130   [    -1.0000     1.0000 ]
                         : -----------------------------------------------------------
TFHandler_DNN            : Variable        Mean        RMS   [        Min        Max ]
                         : -----------------------------------------------------------
                         :    NJets:   -0.75565    0.25228   [    -1.0000     1.0000 ]
                         : NBJets_M:   -0.46257    0.28540   [    -1.0000     1.0000 ]
                         : NCJets_M:   -0.37132    0.27662   [    -1.0000     1.0000 ]
                         :  BJMDPhi: 0.00098749    0.61774   [    -1.0000     1.0000 ]
                         :  BJMDEta: -0.0085717    0.30130   [    -1.0000     1.0000 ]
                         : -----------------------------------------------------------
TFHandler_DNN            : Variable        Mean        RMS   [        Min        Max ]
                         : -----------------------------------------------------------
                         :    NJets:   -0.75620    0.25745   [    -1.0000    0.60000 ]
                         : NBJets_M:   -0.47240    0.28263   [    -1.0000    0.60000 ]
                         : NCJets_M:   -0.38229    0.27102   [    -1.0000    0.71429 ]
                         :  BJMDPhi:  -0.015011    0.61397   [   -0.99983    0.99998 ]
                         :  BJMDEta: -0.0046745    0.30938   [   -0.97166    0.98616 ]
                         : -----------------------------------------------------------
                         : Using Standard Implementation.Training with learning rate = 0.03, momentum = 0.5, repetitions = 1
                         : 
                         : [...............] (1%, time left: unknown) [(train/test/epoch): 0.6282/0.6305/3116]  110/298/298]   
                         : Elapsed time for training with 40000 events: 963 sec         
DNN                      : [train_3_1] : Evaluation of DNN on training sample (40000 events)
                         : Elapsed time for evaluation of 40000 events: 0.644 sec       
                         : Creating xml weight file: train_3_1/weights/TMVAClassification_DNN.weights.xml
                         : Creating standalone class: train_3_1/weights/TMVAClassification_DNN.class.C
Factory                  : Training finished
                         : 
                         : Ranking input variables (method specific)...
Likelihood               : Ranking result (top variable is best ranked)
                         : ---------------------------------------
                         : Rank : Variable  : Delta Separation
                         : ---------------------------------------
                         :    1 : NJets     : 2.302e-02
                         :    2 : NCJets_M  : 1.450e-02
                         :    3 : BJMDEta   : 3.296e-03
                         :    4 : NBJets_M  : 2.338e-03
                         :    5 : BJMDPhi   : -3.558e-04
                         : ---------------------------------------
MLP                      : Ranking result (top variable is best ranked)
                         : ---------------------------------
                         : Rank : Variable  : Importance
                         : ---------------------------------
                         :    1 : NJets     : 4.128e+01
                         :    2 : NBJets_M  : 1.546e+01
                         :    3 : BJMDEta   : 2.250e+00
                         :    4 : NCJets_M  : 1.566e+00
                         :    5 : BJMDPhi   : 3.162e-01
                         : ---------------------------------
BDT                      : Ranking result (top variable is best ranked)
                         : ------------------------------------------
                         : Rank : Variable  : Variable Importance
                         : ------------------------------------------
                         :    1 : BJMDPhi   : 2.629e-01
                         :    2 : BJMDEta   : 2.517e-01
                         :    3 : NJets     : 1.754e-01
                         :    4 : NBJets_M  : 1.670e-01
                         :    5 : NCJets_M  : 1.430e-01
                         : ------------------------------------------
DNN                      : Ranking result (top variable is best ranked)
                         : ---------------------------------
                         : Rank : Variable  : Importance
                         : ---------------------------------
                         :    1 : NJets     : 1.000e+00
                         :    2 : NBJets_M  : 1.000e+00
                         :    3 : NCJets_M  : 1.000e+00
                         :    4 : BJMDPhi   : 1.000e+00
                         :    5 : BJMDEta   : 1.000e+00
                         : ---------------------------------
Factory                  : === Destroy and recreate all methods via weight files for testing ===
                         : 
MLP                      : Building Network. 
                         : Initializing weights
Factory                  : Test all methods
Factory                  : Test method: Likelihood for Classification performance
                         : 
Likelihood               : [train_3_1] : Evaluation of Likelihood on testing sample (2000 events)
                         : Elapsed time for evaluation of 2000 events: 0.0126 sec       
Factory                  : Test method: MLP for Classification performance
                         : 
MLP                      : [train_3_1] : Evaluation of MLP on testing sample (2000 events)
                         : Elapsed time for evaluation of 2000 events: 0.0154 sec       
Factory                  : Test method: BDT for Classification performance
                         : 
BDT                      : [train_3_1] : Evaluation of BDT on testing sample (2000 events)
                         : Elapsed time for evaluation of 2000 events: 0.646 sec       
Factory                  : Test method: DNN for Classification performance
                         : 
DNN                      : [train_3_1] : Evaluation of DNN on testing sample (2000 events)
                         : Elapsed time for evaluation of 2000 events: 0.0417 sec       
Factory                  : Evaluate all methods
Factory                  : Evaluate classifier: Likelihood
                         : 
Likelihood               : [train_3_1] : Loop over test events and fill histograms with classifier response...
                         : 
TFHandler_Likelihood     : Variable        Mean        RMS   [        Min        Max ]
                         : -----------------------------------------------------------
                         :    NJets:     5.2190     1.2873   [     4.0000     12.000 ]
                         : NBJets_M:     2.3190    0.70657   [     1.0000     5.0000 ]
                         : NCJets_M:     3.1620    0.94855   [     1.0000     7.0000 ]
                         :  BJMDPhi:  -0.047095     1.9288   [    -3.1409     3.1415 ]
                         :  BJMDEta:   0.015276     1.4579   [    -4.5414     4.6844 ]
                         : -----------------------------------------------------------
Factory                  : Evaluate classifier: MLP
                         : 
TFHandler_MLP            : Variable        Mean        RMS   [        Min        Max ]
                         : -----------------------------------------------------------
                         :    NJets:   -0.75620    0.25745   [    -1.0000    0.60000 ]
                         : NBJets_M:   -0.47240    0.28263   [    -1.0000    0.60000 ]
                         : NCJets_M:   -0.38229    0.27102   [    -1.0000    0.71429 ]
                         :  BJMDPhi:  -0.015011    0.61397   [   -0.99983    0.99998 ]
                         :  BJMDEta: -0.0046745    0.30938   [   -0.97166    0.98616 ]
                         : -----------------------------------------------------------
MLP                      : [train_3_1] : Loop over test events and fill histograms with classifier response...
                         : 
TFHandler_MLP            : Variable        Mean        RMS   [        Min        Max ]
                         : -----------------------------------------------------------
                         :    NJets:   -0.75620    0.25745   [    -1.0000    0.60000 ]
                         : NBJets_M:   -0.47240    0.28263   [    -1.0000    0.60000 ]
                         : NCJets_M:   -0.38229    0.27102   [    -1.0000    0.71429 ]
                         :  BJMDPhi:  -0.015011    0.61397   [   -0.99983    0.99998 ]
                         :  BJMDEta: -0.0046745    0.30938   [   -0.97166    0.98616 ]
                         : -----------------------------------------------------------
Factory                  : Evaluate classifier: BDT
                         : 
BDT                      : [train_3_1] : Loop over test events and fill histograms with classifier response...
                         : 
TFHandler_BDT            : Variable        Mean        RMS   [        Min        Max ]
                         : -----------------------------------------------------------
                         :    NJets:     5.2190     1.2873   [     4.0000     12.000 ]
                         : NBJets_M:     2.3190    0.70657   [     1.0000     5.0000 ]
                         : NCJets_M:     3.1620    0.94855   [     1.0000     7.0000 ]
                         :  BJMDPhi:  -0.047095     1.9288   [    -3.1409     3.1415 ]
                         :  BJMDEta:   0.015276     1.4579   [    -4.5414     4.6844 ]
                         : -----------------------------------------------------------
Factory                  : Evaluate classifier: DNN
                         : 
TFHandler_DNN            : Variable        Mean        RMS   [        Min        Max ]
                         : -----------------------------------------------------------
                         :    NJets:   -0.75620    0.25745   [    -1.0000    0.60000 ]
                         : NBJets_M:   -0.47240    0.28263   [    -1.0000    0.60000 ]
                         : NCJets_M:   -0.38229    0.27102   [    -1.0000    0.71429 ]
                         :  BJMDPhi:  -0.015011    0.61397   [   -0.99983    0.99998 ]
                         :  BJMDEta: -0.0046745    0.30938   [   -0.97166    0.98616 ]
                         : -----------------------------------------------------------
DNN                      : [train_3_1] : Loop over test events and fill histograms with classifier response...
                         : 
TFHandler_DNN            : Variable        Mean        RMS   [        Min        Max ]
                         : -----------------------------------------------------------
                         :    NJets:   -0.75620    0.25745   [    -1.0000    0.60000 ]
                         : NBJets_M:   -0.47240    0.28263   [    -1.0000    0.60000 ]
                         : NCJets_M:   -0.38229    0.27102   [    -1.0000    0.71429 ]
                         :  BJMDPhi:  -0.015011    0.61397   [   -0.99983    0.99998 ]
                         :  BJMDEta: -0.0046745    0.30938   [   -0.97166    0.98616 ]
                         : -----------------------------------------------------------
                         : 
                         : Evaluation results ranked by best signal efficiency and purity (area)
                         : -------------------------------------------------------------------------------------------------------------------
                         : DataSet       MVA                       
                         : Name:         Method:          ROC-integ
                         : train_3_1     DNN            : 0.748
                         : train_3_1     MLP            : 0.749
                         : train_3_1     BDT            : 0.740
                         : train_3_1     Likelihood     : 0.684
                         : -------------------------------------------------------------------------------------------------------------------
                         : 
                         : Testing efficiency compared to training efficiency (overtraining check)
                         : -------------------------------------------------------------------------------------------------------------------
                         : DataSet              MVA              Signal efficiency: from test sample (from training sample) 
                         : Name:                Method:          @B=0.01             @B=0.10            @B=0.30   
                         : -------------------------------------------------------------------------------------------------------------------
                         : train_3_1            DNN            : 0.082 (0.093)       0.361 (0.364)      0.672 (0.684)
                         : train_3_1            MLP            : 0.080 (0.097)       0.345 (0.368)      0.679 (0.681)
                         : train_3_1            BDT            : 0.072 (0.096)       0.346 (0.365)      0.680 (0.699)
                         : train_3_1            Likelihood     : 0.048 (0.037)       0.257 (0.238)      0.563 (0.602)
                         : -------------------------------------------------------------------------------------------------------------------
                         : 
Dataset:train_3_1        : Created tree 'TestTree' with 2000 events
                         : 
Dataset:train_3_1        : Created tree 'TrainTree' with 40000 events
                         : 
Factory                  : Thank you for using TMVA!
                         : For citation information, please visit: http://tmva.sf.net/citeTMVA.html

