root [0] 
Processing anamva_608_smallstat.C...
                         : Parsing option string: 
                         : ... "V:!Silent:Color:Transformations=I:DrawProgressBar:AnalysisType=Classification"
                         : The following options are set:
                         : - By User:
                         :     V: "True" [Verbose flag]
                         :     Color: "True" [Flag for coloured screen output (default: True, if in batch mode: False)]
                         :     Transformations: "I" [List of transformations to test; formatting example: "Transformations=I;D;P;U;G,D", for identity, decorrelation, PCA, Uniform and Gaussianisation followed by decorrelation transformations]
                         :     Silent: "False" [Batch mode: boolean silent flag inhibiting any output from TMVA after the creation of the factory class object (default: False)]
                         :     DrawProgressBar: "True" [Draw progress bar to display training, testing and evaluation schedule (default: True)]
                         :     AnalysisType: "Classification" [Set the analysis type (Classification, Regression, Multiclass, Auto) (default: Auto)]
                         : - Default:
                         :     Correlations: "False" [boolean to show correlation in output]
                         :     ROC: "True" [boolean to show ROC in output]
                         :     ModelPersistence: "True" [Option to save the trained model in xml file or using serialization]
DataSetInfo              : [train_2_smallstat] : Added class "Signal"
                         : Add Tree tmva_AntiTop_Hut of type Signal with 274202 events
                         : Add Tree tmva_AntiTop_Hct of type Signal with 281803 events
                         : Add Tree tmva_Top_Hut of type Signal with 282555 events
                         : Add Tree tmva_Top_Hct of type Signal with 282998 events
DataSetInfo              : [train_2_smallstat] : Added class "Background"
                         : Add Tree tmva_ttbb of type Background with 165840 events
Factory                  : Booking method: MLP
                         : 
MLP                      : [train_2_smallstat] : Create Transformation "N" with events from all classes.
                         : 
                         : Transformation, Variable selection : 
                         : Input : variable 'NJets' <---> Output : variable 'NJets'
                         : Input : variable 'NBJets_M' <---> Output : variable 'NBJets_M'
                         : Input : variable 'NCJets_M' <---> Output : variable 'NCJets_M'
                         : Input : variable 'BJMDPhi' <---> Output : variable 'BJMDPhi'
                         : Input : variable 'BJMDEta' <---> Output : variable 'BJMDEta'
MLP                      : Building Network. 
                         : Initializing weights
Factory                  : Booking method: BDT
                         : 
DataSetFactory           : [train_2_smallstat] : Number of events in input trees
                         : Dataset[train_2_smallstat] :     Signal     requirement: "(NJets > 0 && NBJets_M > 0 && NCJets_M >0 && BJMDPhi < 10 && BJMDEta < 10)"
                         : Dataset[train_2_smallstat] :     Signal          -- number of events passed: 485010  / sum of weights: 485010
                         : Dataset[train_2_smallstat] :     Signal          -- efficiency             : 0.432443
                         : Dataset[train_2_smallstat] :     Background requirement: "(NJets > 0 && NBJets_M > 0 && NCJets_M >0 && BJMDPhi < 10 && BJMDEta < 10)"
                         : Dataset[train_2_smallstat] :     Background      -- number of events passed: 102149  / sum of weights: 102149
                         : Dataset[train_2_smallstat] :     Background      -- efficiency             : 0.615949
                         : Dataset[train_2_smallstat] :  you have opted for interpreting the requested number of training/testing events
                         :  to be the number of events AFTER your preselection cuts
                         : 
                         : Dataset[train_2_smallstat] :  you have opted for interpreting the requested number of training/testing events
                         :  to be the number of events AFTER your preselection cuts
                         : 
                         : Number of training and testing events
                         : ---------------------------------------------------------------------------
                         : Signal     -- training events            : 50000
                         : Signal     -- testing events             : 5000
                         : Signal     -- training and testing events: 55000
                         : Dataset[train_2_smallstat] : Signal     -- due to the preselection a scaling factor has been applied to the numbers of requested events: 0.432443
                         : Background -- training events            : 50000
                         : Background -- testing events             : 5000
                         : Background -- training and testing events: 55000
                         : Dataset[train_2_smallstat] : Background -- due to the preselection a scaling factor has been applied to the numbers of requested events: 0.615949
                         : 
DataSetInfo              : Correlation matrix (Signal):
                         : ---------------------------------------------------
                         :             NJets NBJets_M NCJets_M BJMDPhi BJMDEta
                         :    NJets:  +1.000   +0.097   +0.292  -0.002  +0.005
                         : NBJets_M:  +0.097   +1.000   +0.461  -0.003  +0.006
                         : NCJets_M:  +0.292   +0.461   +1.000  +0.002  +0.005
                         :  BJMDPhi:  -0.002   -0.003   +0.002  +1.000  +0.003
                         :  BJMDEta:  +0.005   +0.006   +0.005  +0.003  +1.000
                         : ---------------------------------------------------
DataSetInfo              : Correlation matrix (Background):
                         : ---------------------------------------------------
                         :             NJets NBJets_M NCJets_M BJMDPhi BJMDEta
                         :    NJets:  +1.000   +0.203   +0.419  -0.005  +0.001
                         : NBJets_M:  +0.203   +1.000   +0.480  +0.004  +0.005
                         : NCJets_M:  +0.419   +0.480   +1.000  -0.002  +0.007
                         :  BJMDPhi:  -0.005   +0.004   -0.002  +1.000  -0.004
                         :  BJMDEta:  +0.001   +0.005   +0.007  -0.004  +1.000
                         : ---------------------------------------------------
DataSetFactory           : [train_2_smallstat] :  
                         : 
Factory                  : Booking method: DNN
                         : 
                         : Parsing option string: 
                         : ... "!H:V:VarTransform=N:ErrorStrategy=CROSSENTROPY:WeightInitialization=XAVIERUNIFORM:Layout=TANH|50,TANH|100,TANH|70,TANH|30,TANH|10,LINEAR:TrainingStrategy=LearningRate=0.03,Momentum=0.5,Repetitions=1,ConvergenceSteps=300,BatchSize=1500,DropConfig=0.0+0.3+0.3+0.3+0.3+0.0,WeightDecay=0.001,Regularization=L2,TestRepetitions=5,Multithreading=True"
                         : The following options are set:
                         : - By User:
                         :     <none>
                         : - Default:
                         :     Boost_num: "0" [Number of times the classifier will be boosted]
                         : Parsing option string: 
                         : ... "!H:V:VarTransform=N:ErrorStrategy=CROSSENTROPY:WeightInitialization=XAVIERUNIFORM:Layout=TANH|50,TANH|100,TANH|70,TANH|30,TANH|10,LINEAR:TrainingStrategy=LearningRate=0.03,Momentum=0.5,Repetitions=1,ConvergenceSteps=300,BatchSize=1500,DropConfig=0.0+0.3+0.3+0.3+0.3+0.0,WeightDecay=0.001,Regularization=L2,TestRepetitions=5,Multithreading=True"
                         : The following options are set:
                         : - By User:
                         :     V: "True" [Verbose output (short form of "VerbosityLevel" below - overrides the latter one)]
                         :     VarTransform: "N" [List of variable transformations performed before training, e.g., "D_Background,P_Signal,G,N_AllClasses" for: "Decorrelation, PCA-transformation, Gaussianisation, Normalisation, each for the given class of events ('AllClasses' denotes all events of all classes, if no class indication is given, 'All' is assumed)"]
                         :     H: "False" [Print method-specific help message]
                         :     Layout: "TANH|50,TANH|100,TANH|70,TANH|30,TANH|10,LINEAR" [Layou of the network.]
                         :     ErrorStrategy: "CROSSENTROPY" [Loss function: Mean squared error (regression) or cross entropy (binary classifcation).]
                         :     WeightInitialization: "XAVIERUNIFORM" [Weight initialization strategy]
                         :     TrainingStrategy: "LearningRate=0.03,Momentum=0.5,Repetitions=1,ConvergenceSteps=300,BatchSize=1500,DropConfig=0.0+0.3+0.3+0.3+0.3+0.0,WeightDecay=0.001,Regularization=L2,TestRepetitions=5,Multithreading=True" [Defines the training strategies.]
                         : - Default:
                         :     VerbosityLevel: "Default" [Verbosity level]
                         :     CreateMVAPdfs: "False" [Create PDFs for classifier outputs (signal and background)]
                         :     IgnoreNegWeightsInTraining: "False" [Events with negative weights are ignored in the training (but are included for testing and performance evaluation)]
                         :     Architecture: "STANDARD" [Which architecture to perfrom the training on.]
DNN                      : [train_2_smallstat] : Create Transformation "N" with events from all classes.
                         : 
                         : Transformation, Variable selection : 
                         : Input : variable 'NJets' <---> Output : variable 'NJets'
                         : Input : variable 'NBJets_M' <---> Output : variable 'NBJets_M'
                         : Input : variable 'NCJets_M' <---> Output : variable 'NCJets_M'
                         : Input : variable 'BJMDPhi' <---> Output : variable 'BJMDPhi'
                         : Input : variable 'BJMDEta' <---> Output : variable 'BJMDEta'
Factory                  : Train all methods
Factory                  : [train_2_smallstat] : Create Transformation "I" with events from all classes.
                         : 
                         : Transformation, Variable selection : 
                         : Input : variable 'NJets' <---> Output : variable 'NJets'
                         : Input : variable 'NBJets_M' <---> Output : variable 'NBJets_M'
                         : Input : variable 'NCJets_M' <---> Output : variable 'NCJets_M'
                         : Input : variable 'BJMDPhi' <---> Output : variable 'BJMDPhi'
                         : Input : variable 'BJMDEta' <---> Output : variable 'BJMDEta'
TFHandler_Factory        : Variable        Mean        RMS   [        Min        Max ]
                         : -----------------------------------------------------------
                         :    NJets:     5.2209     1.2658   [     4.0000     16.000 ]
                         : NBJets_M:     2.3451    0.71269   [     1.0000     7.0000 ]
                         : NCJets_M:     3.1996    0.96743   [     1.0000     9.0000 ]
                         :  BJMDPhi: -0.0090609     1.9391   [    -3.1416     3.1416 ]
                         :  BJMDEta:  0.0011071     1.4226   [    -4.7550     4.7517 ]
                         : -----------------------------------------------------------
                         : Ranking input variables (method unspecific)...
IdTransformation         : Ranking result (top variable is best ranked)
                         : ---------------------------------
                         : Rank : Variable  : Separation
                         : ---------------------------------
                         :    1 : NJets     : 1.389e-01
                         :    2 : NCJets_M  : 7.744e-02
                         :    3 : NBJets_M  : 7.237e-02
                         :    4 : BJMDEta   : 9.540e-03
                         :    5 : BJMDPhi   : 1.567e-03
                         : ---------------------------------
Factory                  : Train method: MLP for Classification
                         : 
                         : 
                         : ================================================================
                         : H e l p   f o r   M V A   m e t h o d   [ MLP ] :
                         : 
                         : --- Short description:
                         : 
                         : The MLP artificial neural network (ANN) is a traditional feed-
                         : forward multilayer perceptron impementation. The MLP has a user-
                         : defined hidden layer architecture, while the number of input (output)
                         : nodes is determined by the input variables (output classes, i.e., 
                         : signal and one background). 
                         : 
                         : --- Performance optimisation:
                         : 
                         : Neural networks are stable and performing for a large variety of 
                         : linear and non-linear classification problems. However, in contrast
                         : to (e.g.) boosted decision trees, the user is advised to reduce the 
                         : number of input variables that have only little discrimination power. 
                         : 
                         : In the tests we have carried out so far, the MLP and ROOT networks
                         : (TMlpANN, interfaced via TMVA) performed equally well, with however
                         : a clear speed advantage for the MLP. The Clermont-Ferrand neural 
                         : net (CFMlpANN) exhibited worse classification performance in these
                         : tests, which is partly due to the slow convergence of its training
                         : (at least 10k training cycles are required to achieve approximately
                         : competitive results).
                         : 
                         : Overtraining: only the TMlpANN performs an explicit separation of the
                         : full training sample into independent training and validation samples.
                         : We have found that in most high-energy physics applications the 
                         : avaliable degrees of freedom (training events) are sufficient to 
                         : constrain the weights of the relatively simple architectures required
                         : to achieve good performance. Hence no overtraining should occur, and 
                         : the use of validation samples would only reduce the available training
                         : information. However, if the perrormance on the training sample is 
                         : found to be significantly better than the one found with the inde-
                         : pendent test sample, caution is needed. The results for these samples 
                         : are printed to standard output at the end of each training job.
                         : 
                         : --- Performance tuning via configuration options:
                         : 
                         : The hidden layer architecture for all ANNs is defined by the option
                         : "HiddenLayers=N+1,N,...", where here the first hidden layer has N+1
                         : neurons and the second N neurons (and so on), and where N is the number  
                         : of input variables. Excessive numbers of hidden layers should be avoided,
                         : in favour of more neurons in the first hidden layer.
                         : 
                         : The number of cycles should be above 500. As said, if the number of
                         : adjustable weights is small compared to the training sample size,
                         : using a large number of training samples should not lead to overtraining.
                         : 
                         : <Suppress this message by specifying "!H" in the booking option>
                         : ================================================================
                         : 
TFHandler_MLP            : Variable        Mean        RMS   [        Min        Max ]
                         : -----------------------------------------------------------
                         :    NJets:   -0.79652    0.21097   [    -1.0000     1.0000 ]
                         : NBJets_M:   -0.55163    0.23756   [    -1.0000     1.0000 ]
                         : NCJets_M:   -0.45010    0.24186   [    -1.0000     1.0000 ]
                         :  BJMDPhi: -0.0028832    0.61724   [    -1.0000     1.0000 ]
                         :  BJMDEta: 0.00058240    0.29928   [    -1.0000     1.0000 ]
                         : -----------------------------------------------------------
                         : Training Network
                         : 
                         : Elapsed time for training with 100000 events: 382 sec         : 1.177/1.177]   
MLP                      : [train_2_smallstat] : Evaluation of MLP on training sample (100000 events)
                         : Elapsed time for evaluation of 100000 events: 0.165 sec       
                         : Creating xml weight file: train_2_smallstat/weights/TMVAClassification_MLP.weights.xml
                         : Creating standalone class: train_2_smallstat/weights/TMVAClassification_MLP.class.C
                         : Write special histos to file: output_608_2.root:/train_2_smallstat/Method_MLP/MLP
Factory                  : Training finished
                         : 
Factory                  : Train method: BDT for Classification
                         : 
BDT                      : #events: (reweighted) sig: 50000 bkg: 50000
                         : #events: (unweighted) sig: 50000 bkg: 50000
                         : Training 1500 Decision Trees ... patience please
                         : Elapsed time for training with 100000 events: 61.4 sec         
BDT                      : [train_2_smallstat] : Evaluation of BDT on training sample (100000 events)
                         : Elapsed time for evaluation of 100000 events: 18.4 sec       
                         : Creating xml weight file: train_2_smallstat/weights/TMVAClassification_BDT.weights.xml
                         : Creating standalone class: train_2_smallstat/weights/TMVAClassification_BDT.class.C
Factory                  : Training finished
                         : 
Factory                  : Train method: DNN for Classification
                         : 
TFHandler_DNN            : Variable        Mean        RMS   [        Min        Max ]
                         : -----------------------------------------------------------
                         :    NJets:   -0.79652    0.21097   [    -1.0000     1.0000 ]
                         : NBJets_M:   -0.55163    0.23756   [    -1.0000     1.0000 ]
                         : NCJets_M:   -0.45010    0.24186   [    -1.0000     1.0000 ]
                         :  BJMDPhi: -0.0028832    0.61724   [    -1.0000     1.0000 ]
                         :  BJMDEta: 0.00058240    0.29928   [    -1.0000     1.0000 ]
                         : -----------------------------------------------------------
TFHandler_DNN            : Variable        Mean        RMS   [        Min        Max ]
                         : -----------------------------------------------------------
                         :    NJets:   -0.79652    0.21097   [    -1.0000     1.0000 ]
                         : NBJets_M:   -0.55163    0.23756   [    -1.0000     1.0000 ]
                         : NCJets_M:   -0.45010    0.24186   [    -1.0000     1.0000 ]
                         :  BJMDPhi: -0.0028832    0.61724   [    -1.0000     1.0000 ]
                         :  BJMDEta: 0.00058240    0.29928   [    -1.0000     1.0000 ]
                         : -----------------------------------------------------------
TFHandler_DNN            : Variable        Mean        RMS   [        Min        Max ]
                         : -----------------------------------------------------------
                         :    NJets:   -0.79810    0.20937   [    -1.0000    0.33333 ]
                         : NBJets_M:   -0.55000    0.23886   [    -1.0000    0.66667 ]
                         : NCJets_M:   -0.45393    0.23960   [    -1.0000    0.75000 ]
                         :  BJMDPhi:   0.023340    0.62085   [   -0.99939    0.99998 ]
                         :  BJMDEta: -0.0082949    0.30076   [   -0.97927    0.97508 ]
                         : -----------------------------------------------------------
                         : Using Standard Implementation.Training with learning rate = 0.03, momentum = 0.5, repetitions = 1
                         : 
                         : [...............] (1%, time left: unknown) [(train/test/epoch): 0.6377/0.6283/3636]  3630/298/298]  
                         : Elapsed time for training with 100000 events: 4.94e+03 sec         
DNN                      : [train_2_smallstat] : Evaluation of DNN on training sample (100000 events)
                         : Elapsed time for evaluation of 100000 events: 3.05 sec       
                         : Creating xml weight file: train_2_smallstat/weights/TMVAClassification_DNN.weights.xml
                         : Creating standalone class: train_2_smallstat/weights/TMVAClassification_DNN.class.C
Factory                  : Training finished
                         : 
                         : Ranking input variables (method specific)...
MLP                      : Ranking result (top variable is best ranked)
                         : ---------------------------------
                         : Rank : Variable  : Importance
                         : ---------------------------------
                         :    1 : NJets     : 6.567e+01
                         :    2 : NBJets_M  : 4.377e+01
                         :    3 : NCJets_M  : 3.053e+00
                         :    4 : BJMDEta   : 1.822e+00
                         :    5 : BJMDPhi   : 2.367e-01
                         : ---------------------------------
BDT                      : Ranking result (top variable is best ranked)
                         : ------------------------------------------
                         : Rank : Variable  : Variable Importance
                         : ------------------------------------------
                         :    1 : BJMDPhi   : 2.538e-01
                         :    2 : BJMDEta   : 2.360e-01
                         :    3 : NBJets_M  : 1.831e-01
                         :    4 : NJets     : 1.819e-01
                         :    5 : NCJets_M  : 1.452e-01
                         : ------------------------------------------
DNN                      : Ranking result (top variable is best ranked)
                         : ---------------------------------
                         : Rank : Variable  : Importance
                         : ---------------------------------
                         :    1 : NJets     : 1.000e+00
                         :    2 : NBJets_M  : 1.000e+00
                         :    3 : NCJets_M  : 1.000e+00
                         :    4 : BJMDPhi   : 1.000e+00
                         :    5 : BJMDEta   : 1.000e+00
                         : ---------------------------------
Factory                  : === Destroy and recreate all methods via weight files for testing ===
                         : 
MLP                      : Building Network. 
                         : Initializing weights
Factory                  : Test all methods
Factory                  : Test method: MLP for Classification performance
                         : 
MLP                      : [train_2_smallstat] : Evaluation of MLP on testing sample (10000 events)
                         : Elapsed time for evaluation of 10000 events: 0.0228 sec       
Factory                  : Test method: BDT for Classification performance
                         : 
BDT                      : [train_2_smallstat] : Evaluation of BDT on testing sample (10000 events)
                         : Elapsed time for evaluation of 10000 events: 1.68 sec       
Factory                  : Test method: DNN for Classification performance
                         : 
DNN                      : [train_2_smallstat] : Evaluation of DNN on testing sample (10000 events)
                         : Elapsed time for evaluation of 10000 events: 0.308 sec       
Factory                  : Evaluate all methods
Factory                  : Evaluate classifier: MLP
                         : 
TFHandler_MLP            : Variable        Mean        RMS   [        Min        Max ]
                         : -----------------------------------------------------------
                         :    NJets:   -0.79810    0.20937   [    -1.0000    0.33333 ]
                         : NBJets_M:   -0.55000    0.23886   [    -1.0000    0.66667 ]
                         : NCJets_M:   -0.45393    0.23960   [    -1.0000    0.75000 ]
                         :  BJMDPhi:   0.023340    0.62085   [   -0.99939    0.99998 ]
                         :  BJMDEta: -0.0082949    0.30076   [   -0.97927    0.97508 ]
                         : -----------------------------------------------------------
MLP                      : [train_2_smallstat] : Loop over test events and fill histograms with classifier response...
                         : 
TFHandler_MLP            : Variable        Mean        RMS   [        Min        Max ]
                         : -----------------------------------------------------------
                         :    NJets:   -0.79810    0.20937   [    -1.0000    0.33333 ]
                         : NBJets_M:   -0.55000    0.23886   [    -1.0000    0.66667 ]
                         : NCJets_M:   -0.45393    0.23960   [    -1.0000    0.75000 ]
                         :  BJMDPhi:   0.023340    0.62085   [   -0.99939    0.99998 ]
                         :  BJMDEta: -0.0082949    0.30076   [   -0.97927    0.97508 ]
                         : -----------------------------------------------------------
Factory                  : Evaluate classifier: BDT
                         : 
BDT                      : [train_2_smallstat] : Loop over test events and fill histograms with classifier response...
                         : 
TFHandler_BDT            : Variable        Mean        RMS   [        Min        Max ]
                         : -----------------------------------------------------------
                         :    NJets:     5.2114     1.2562   [     4.0000     12.000 ]
                         : NBJets_M:     2.3500    0.71659   [     1.0000     6.0000 ]
                         : NCJets_M:     3.1843    0.95840   [     1.0000     8.0000 ]
                         :  BJMDPhi:   0.073320     1.9504   [    -3.1396     3.1415 ]
                         :  BJMDEta:  -0.041090     1.4296   [    -4.6565     4.6332 ]
                         : -----------------------------------------------------------
Factory                  : Evaluate classifier: DNN
                         : 
TFHandler_DNN            : Variable        Mean        RMS   [        Min        Max ]
                         : -----------------------------------------------------------
                         :    NJets:   -0.79810    0.20937   [    -1.0000    0.33333 ]
                         : NBJets_M:   -0.55000    0.23886   [    -1.0000    0.66667 ]
                         : NCJets_M:   -0.45393    0.23960   [    -1.0000    0.75000 ]
                         :  BJMDPhi:   0.023340    0.62085   [   -0.99939    0.99998 ]
                         :  BJMDEta: -0.0082949    0.30076   [   -0.97927    0.97508 ]
                         : -----------------------------------------------------------
DNN                      : [train_2_smallstat] : Loop over test events and fill histograms with classifier response...
                         : 
TFHandler_DNN            : Variable        Mean        RMS   [        Min        Max ]
                         : -----------------------------------------------------------
                         :    NJets:   -0.79810    0.20937   [    -1.0000    0.33333 ]
                         : NBJets_M:   -0.55000    0.23886   [    -1.0000    0.66667 ]
                         : NCJets_M:   -0.45393    0.23960   [    -1.0000    0.75000 ]
                         :  BJMDPhi:   0.023340    0.62085   [   -0.99939    0.99998 ]
                         :  BJMDEta: -0.0082949    0.30076   [   -0.97927    0.97508 ]
                         : -----------------------------------------------------------
                         : 
                         : Evaluation results ranked by best signal efficiency and purity (area)
                         : -------------------------------------------------------------------------------------------------------------------
                         : DataSet       MVA                       
                         : Name:         Method:          ROC-integ
                         : train_2_smallstat MLP            : 0.753
                         : train_2_smallstat DNN            : 0.752
                         : train_2_smallstat BDT            : 0.748
                         : -------------------------------------------------------------------------------------------------------------------
                         : 
                         : Testing efficiency compared to training efficiency (overtraining check)
                         : -------------------------------------------------------------------------------------------------------------------
                         : DataSet              MVA              Signal efficiency: from test sample (from training sample) 
                         : Name:                Method:          @B=0.01             @B=0.10            @B=0.30   
                         : -------------------------------------------------------------------------------------------------------------------
                         : train_2_smallstat    MLP            : 0.102 (0.098)       0.355 (0.356)      0.677 (0.682)
                         : train_2_smallstat    DNN            : 0.097 (0.097)       0.359 (0.354)      0.682 (0.684)
                         : train_2_smallstat    BDT            : 0.099 (0.098)       0.363 (0.360)      0.670 (0.680)
                         : -------------------------------------------------------------------------------------------------------------------
                         : 
Dataset:train_2_smallstat: Created tree 'TestTree' with 10000 events
                         : 
Dataset:train_2_smallstat: Created tree 'TrainTree' with 100000 events
                         : 
Factory                  : Thank you for using TMVA!
                         : For citation information, please visit: http://tmva.sf.net/citeTMVA.html

