root [0] 
Processing anamva_nojetmult.C...
                         : Parsing option string: 
                         : ... "V:!Silent:Color:Transformations=I:DrawProgressBar:AnalysisType=Classification"
                         : The following options are set:
                         : - By User:
                         :     V: "True" [Verbose flag]
                         :     Color: "True" [Flag for coloured screen output (default: True, if in batch mode: False)]
                         :     Transformations: "I" [List of transformations to test; formatting example: "Transformations=I;D;P;U;G,D", for identity, decorrelation, PCA, Uniform and Gaussianisation followed by decorrelation transformations]
                         :     Silent: "False" [Batch mode: boolean silent flag inhibiting any output from TMVA after the creation of the factory class object (default: False)]
                         :     DrawProgressBar: "True" [Draw progress bar to display training, testing and evaluation schedule (default: True)]
                         :     AnalysisType: "Classification" [Set the analysis type (Classification, Regression, Multiclass, Auto) (default: Auto)]
                         : - Default:
                         :     Correlations: "False" [boolean to show correlation in output]
                         :     ROC: "True" [boolean to show ROC in output]
                         :     ModelPersistence: "True" [Option to save the trained model in xml file or using serialization]
DataSetInfo              : [nojetmultiplicity] : Added class "Signal"
                         : Add Tree tmva_AntiTop_Hut of type Signal with 287521 events
                         : Add Tree tmva_AntiTop_Hct of type Signal with 295533 events
                         : Add Tree tmva_Top_Hut of type Signal with 296113 events
                         : Add Tree tmva_Top_Hct of type Signal with 296626 events
DataSetInfo              : [nojetmultiplicity] : Added class "Background"
                         : Add Tree tmva_ttbb of type Background with 175635 events
Factory                  : Booking method: Likelihood
                         : 
Factory                  : Booking method: MLP
                         : 
MLP                      : [nojetmultiplicity] : Create Transformation "N" with events from all classes.
                         : 
                         : Transformation, Variable selection : 
                         : Input : variable 'BJet_M_delta_R' <---> Output : variable 'BJet_M_delta_R'
                         : Input : variable 'H_Mass' <---> Output : variable 'H_Mass'
                         : Input : variable 'BJet_Pt' <---> Output : variable 'BJet_Pt'
                         : Input : variable 'CJet_Pt' <---> Output : variable 'CJet_Pt'
                         : Input : variable 'Jet1_Pt' <---> Output : variable 'Jet1_Pt'
                         : Input : variable 'Jet2_Pt' <---> Output : variable 'Jet2_Pt'
                         : Input : variable 'Jet3_Pt' <---> Output : variable 'Jet3_Pt'
                         : Input : variable 'Jet4_Pt' <---> Output : variable 'Jet4_Pt'
                         : Input : variable 'Jet1_CSV' <---> Output : variable 'Jet1_CSV'
                         : Input : variable 'Jet2_CSV' <---> Output : variable 'Jet2_CSV'
                         : Input : variable 'Jet3_CSV' <---> Output : variable 'Jet3_CSV'
                         : Input : variable 'Jet4_CSV' <---> Output : variable 'Jet4_CSV'
MLP                      : Building Network. 
                         : Initializing weights
Factory                  : Booking method: BDT
                         : 
<WARNING>                : Dataset[nojetmultiplicity] : Input expression resolves to infinite value (NaN): CJet_Pt
<WARNING>                : Dataset[nojetmultiplicity] : Input expression resolves to infinite value (NaN): CJet_Pt
<WARNING>                : Dataset[nojetmultiplicity] : Input expression resolves to infinite value (NaN): CJet_Pt
<WARNING>                : Dataset[nojetmultiplicity] : Input expression resolves to infinite value (NaN): CJet_Pt
<WARNING>                : Dataset[nojetmultiplicity] : Input expression resolves to infinite value (NaN): CJet_Pt
<WARNING>                : Dataset[nojetmultiplicity] : Input expression resolves to infinite value (NaN): CJet_Pt
<WARNING>                : Dataset[nojetmultiplicity] : Input expression resolves to infinite value (NaN): CJet_Pt
<WARNING>                : Dataset[nojetmultiplicity] : Input expression resolves to infinite value (NaN): CJet_Pt
<WARNING>                : Dataset[nojetmultiplicity] : Input expression resolves to infinite value (NaN): CJet_Pt
<WARNING>                : Dataset[nojetmultiplicity] : Input expression resolves to infinite value (NaN): CJet_Pt
<WARNING>                : Dataset[nojetmultiplicity] : Input expression resolves to infinite value (NaN): CJet_Pt
<WARNING>                : Dataset[nojetmultiplicity] : Input expression resolves to infinite value (NaN): CJet_Pt
<WARNING>                : Dataset[nojetmultiplicity] : Input expression resolves to infinite value (NaN): CJet_Pt
<WARNING>                : Dataset[nojetmultiplicity] : Input expression resolves to infinite value (NaN): CJet_Pt
<WARNING>                : Dataset[nojetmultiplicity] : Input expression resolves to infinite value (NaN): CJet_Pt
DataSetFactory           : [nojetmultiplicity] : Number of events in input trees
                         : Dataset[nojetmultiplicity] :     Signal     requirement: "(H_Mass < 300 && BJet_Pt < 300 && CJet_Pt < 300 && Jet1_Pt < 300 && Jet2_Pt < 300 && Jet3_Pt < 300 && Jet1_CSV > 0 && Jet2_CSV > 0 && Jet3_CSV > 0 && Jet4_CSV > 0)"
                         : Dataset[nojetmultiplicity] :     Signal          -- number of events passed: 1048225  / sum of weights: 1.04822e+06
                         : Dataset[nojetmultiplicity] :     Signal          -- efficiency             : 0.891505
                         : Dataset[nojetmultiplicity] :     Background requirement: "(H_Mass < 300 && BJet_Pt < 300 && CJet_Pt < 300 && Jet1_Pt < 300 && Jet2_Pt < 300 && Jet3_Pt < 300 && Jet1_CSV > 0 && Jet2_CSV > 0 && Jet3_CSV > 0 && Jet4_CSV > 0)"
                         : Dataset[nojetmultiplicity] :     Background      -- number of events passed: 147132  / sum of weights: 147132
                         : Dataset[nojetmultiplicity] :     Background      -- efficiency             : 0.837715
                         : Dataset[nojetmultiplicity] :  you have opted for interpreting the requested number of training/testing events
                         :  to be the number of events AFTER your preselection cuts
                         : 
                         : Dataset[nojetmultiplicity] :  you have opted for interpreting the requested number of training/testing events
                         :  to be the number of events AFTER your preselection cuts
                         : 
                         : Number of training and testing events
                         : ---------------------------------------------------------------------------
                         : Signal     -- training events            : 30000
                         : Signal     -- testing events             : 10000
                         : Signal     -- training and testing events: 40000
                         : Dataset[nojetmultiplicity] : Signal     -- due to the preselection a scaling factor has been applied to the numbers of requested events: 0.891505
                         : Background -- training events            : 30000
                         : Background -- testing events             : 10000
                         : Background -- training and testing events: 40000
                         : Dataset[nojetmultiplicity] : Background -- due to the preselection a scaling factor has been applied to the numbers of requested events: 0.837715
                         : 
DataSetInfo              : Correlation matrix (Signal):
                         : --------------------------------------------------------------------------------------------------------------------------
                         :                 BJet_M_delta_R  H_Mass BJet_Pt CJet_Pt Jet1_Pt Jet2_Pt Jet3_Pt Jet4_Pt Jet1_CSV Jet2_CSV Jet3_CSV Jet4_CSV
                         : BJet_M_delta_R:         +1.000  +0.664  -0.120  -0.160  -0.140  -0.143  -0.146  -0.124   -0.066   -0.089   -0.097   -0.074
                         :         H_Mass:         +0.664  +1.000  +0.461  +0.325  +0.260  +0.278  +0.246  +0.179   +0.120   +0.006   -0.090   -0.201
                         :        BJet_Pt:         -0.120  +0.461  +1.000  +0.807  +0.669  +0.620  +0.467  +0.312   +0.261   -0.028   -0.104   -0.126
                         :        CJet_Pt:         -0.160  +0.325  +0.807  +1.000  +0.806  +0.691  +0.522  +0.375   +0.202   -0.030   -0.050   -0.057
                         :        Jet1_Pt:         -0.140  +0.260  +0.669  +0.806  +1.000  +0.737  +0.572  +0.445   -0.151   -0.026   -0.001   +0.001
                         :        Jet2_Pt:         -0.143  +0.278  +0.620  +0.691  +0.737  +1.000  +0.743  +0.557   -0.142   -0.023   +0.003   -0.001
                         :        Jet3_Pt:         -0.146  +0.246  +0.467  +0.522  +0.572  +0.743  +1.000  +0.738   -0.155   -0.056   +0.016   -0.012
                         :        Jet4_Pt:         -0.124  +0.179  +0.312  +0.375  +0.445  +0.557  +0.738  +1.000   -0.175   -0.085   -0.037   +0.003
                         :       Jet1_CSV:         -0.066  +0.120  +0.261  +0.202  -0.151  -0.142  -0.155  -0.175   +1.000   -0.153   -0.157   -0.150
                         :       Jet2_CSV:         -0.089  +0.006  -0.028  -0.030  -0.026  -0.023  -0.056  -0.085   -0.153   +1.000   -0.143   -0.165
                         :       Jet3_CSV:         -0.097  -0.090  -0.104  -0.050  -0.001  +0.003  +0.016  -0.037   -0.157   -0.143   +1.000   -0.183
                         :       Jet4_CSV:         -0.074  -0.201  -0.126  -0.057  +0.001  -0.001  -0.012  +0.003   -0.150   -0.165   -0.183   +1.000
                         : --------------------------------------------------------------------------------------------------------------------------
DataSetInfo              : Correlation matrix (Background):
                         : --------------------------------------------------------------------------------------------------------------------------
                         :                 BJet_M_delta_R  H_Mass BJet_Pt CJet_Pt Jet1_Pt Jet2_Pt Jet3_Pt Jet4_Pt Jet1_CSV Jet2_CSV Jet3_CSV Jet4_CSV
                         : BJet_M_delta_R:         +1.000  +0.736  -0.058  -0.125  -0.104  -0.111  -0.114  -0.122   -0.070   -0.068   -0.080   -0.081
                         :         H_Mass:         +0.736  +1.000  +0.442  +0.235  +0.172  +0.206  +0.203  +0.164   +0.131   +0.034   -0.050   -0.139
                         :        BJet_Pt:         -0.058  +0.442  +1.000  +0.681  +0.537  +0.541  +0.453  +0.346   +0.331   +0.050   -0.082   -0.120
                         :        CJet_Pt:         -0.125  +0.235  +0.681  +1.000  +0.765  +0.654  +0.513  +0.402   +0.304   +0.005   -0.058   -0.060
                         :        Jet1_Pt:         -0.104  +0.172  +0.537  +0.765  +1.000  +0.717  +0.563  +0.463   -0.076   -0.034   -0.023   -0.018
                         :        Jet2_Pt:         -0.111  +0.206  +0.541  +0.654  +0.717  +1.000  +0.756  +0.603   -0.061   -0.039   -0.030   -0.036
                         :        Jet3_Pt:         -0.114  +0.203  +0.453  +0.513  +0.563  +0.756  +1.000  +0.785   -0.071   -0.061   -0.035   -0.047
                         :        Jet4_Pt:         -0.122  +0.164  +0.346  +0.402  +0.463  +0.603  +0.785  +1.000   -0.083   -0.080   -0.057   -0.055
                         :       Jet1_CSV:         -0.070  +0.131  +0.331  +0.304  -0.076  -0.061  -0.071  -0.083   +1.000   -0.108   -0.115   -0.101
                         :       Jet2_CSV:         -0.068  +0.034  +0.050  +0.005  -0.034  -0.039  -0.061  -0.080   -0.108   +1.000   -0.114   -0.101
                         :       Jet3_CSV:         -0.080  -0.050  -0.082  -0.058  -0.023  -0.030  -0.035  -0.057   -0.115   -0.114   +1.000   -0.121
                         :       Jet4_CSV:         -0.081  -0.139  -0.120  -0.060  -0.018  -0.036  -0.047  -0.055   -0.101   -0.101   -0.121   +1.000
                         : --------------------------------------------------------------------------------------------------------------------------
DataSetFactory           : [nojetmultiplicity] :  
                         : 
Factory                  : Booking method: DNN
                         : 
                         : Parsing option string: 
                         : ... "!H:V:VarTransform=N:ErrorStrategy=CROSSENTROPY:WeightInitialization=XAVIERUNIFORM:Layout=TANH|30,TANH|20,LINEAR:TrainingStrategy=LearningRate=0.01,Momentum=0.4,Repetitions=1,ConvergenceSteps=300,BatchSize=100,DropConfig=0.0+0.2+0.0,WeightDecay=0.001,Regularization=L2,TestRepetitions=5,Multithreading=True"
                         : The following options are set:
                         : - By User:
                         :     <none>
                         : - Default:
                         :     Boost_num: "0" [Number of times the classifier will be boosted]
                         : Parsing option string: 
                         : ... "!H:V:VarTransform=N:ErrorStrategy=CROSSENTROPY:WeightInitialization=XAVIERUNIFORM:Layout=TANH|30,TANH|20,LINEAR:TrainingStrategy=LearningRate=0.01,Momentum=0.4,Repetitions=1,ConvergenceSteps=300,BatchSize=100,DropConfig=0.0+0.2+0.0,WeightDecay=0.001,Regularization=L2,TestRepetitions=5,Multithreading=True"
                         : The following options are set:
                         : - By User:
                         :     V: "True" [Verbose output (short form of "VerbosityLevel" below - overrides the latter one)]
                         :     VarTransform: "N" [List of variable transformations performed before training, e.g., "D_Background,P_Signal,G,N_AllClasses" for: "Decorrelation, PCA-transformation, Gaussianisation, Normalisation, each for the given class of events ('AllClasses' denotes all events of all classes, if no class indication is given, 'All' is assumed)"]
                         :     H: "False" [Print method-specific help message]
                         :     Layout: "TANH|30,TANH|20,LINEAR" [Layou of the network.]
                         :     ErrorStrategy: "CROSSENTROPY" [Loss function: Mean squared error (regression) or cross entropy (binary classifcation).]
                         :     WeightInitialization: "XAVIERUNIFORM" [Weight initialization strategy]
                         :     TrainingStrategy: "LearningRate=0.01,Momentum=0.4,Repetitions=1,ConvergenceSteps=300,BatchSize=100,DropConfig=0.0+0.2+0.0,WeightDecay=0.001,Regularization=L2,TestRepetitions=5,Multithreading=True" [Defines the training strategies.]
                         : - Default:
                         :     VerbosityLevel: "Default" [Verbosity level]
                         :     CreateMVAPdfs: "False" [Create PDFs for classifier outputs (signal and background)]
                         :     IgnoreNegWeightsInTraining: "False" [Events with negative weights are ignored in the training (but are included for testing and performance evaluation)]
                         :     Architecture: "STANDARD" [Which architecture to perfrom the training on.]
DNN                      : [nojetmultiplicity] : Create Transformation "N" with events from all classes.
                         : 
                         : Transformation, Variable selection : 
                         : Input : variable 'BJet_M_delta_R' <---> Output : variable 'BJet_M_delta_R'
                         : Input : variable 'H_Mass' <---> Output : variable 'H_Mass'
                         : Input : variable 'BJet_Pt' <---> Output : variable 'BJet_Pt'
                         : Input : variable 'CJet_Pt' <---> Output : variable 'CJet_Pt'
                         : Input : variable 'Jet1_Pt' <---> Output : variable 'Jet1_Pt'
                         : Input : variable 'Jet2_Pt' <---> Output : variable 'Jet2_Pt'
                         : Input : variable 'Jet3_Pt' <---> Output : variable 'Jet3_Pt'
                         : Input : variable 'Jet4_Pt' <---> Output : variable 'Jet4_Pt'
                         : Input : variable 'Jet1_CSV' <---> Output : variable 'Jet1_CSV'
                         : Input : variable 'Jet2_CSV' <---> Output : variable 'Jet2_CSV'
                         : Input : variable 'Jet3_CSV' <---> Output : variable 'Jet3_CSV'
                         : Input : variable 'Jet4_CSV' <---> Output : variable 'Jet4_CSV'
Factory                  : Train all methods
Factory                  : [nojetmultiplicity] : Create Transformation "I" with events from all classes.
                         : 
                         : Transformation, Variable selection : 
                         : Input : variable 'BJet_M_delta_R' <---> Output : variable 'BJet_M_delta_R'
                         : Input : variable 'H_Mass' <---> Output : variable 'H_Mass'
                         : Input : variable 'BJet_Pt' <---> Output : variable 'BJet_Pt'
                         : Input : variable 'CJet_Pt' <---> Output : variable 'CJet_Pt'
                         : Input : variable 'Jet1_Pt' <---> Output : variable 'Jet1_Pt'
                         : Input : variable 'Jet2_Pt' <---> Output : variable 'Jet2_Pt'
                         : Input : variable 'Jet3_Pt' <---> Output : variable 'Jet3_Pt'
                         : Input : variable 'Jet4_Pt' <---> Output : variable 'Jet4_Pt'
                         : Input : variable 'Jet1_CSV' <---> Output : variable 'Jet1_CSV'
                         : Input : variable 'Jet2_CSV' <---> Output : variable 'Jet2_CSV'
                         : Input : variable 'Jet3_CSV' <---> Output : variable 'Jet3_CSV'
                         : Input : variable 'Jet4_CSV' <---> Output : variable 'Jet4_CSV'
TFHandler_Factory        :       Variable              Mean              RMS      [        Min              Max ]
                         : -----------------------------------------------------------------------------------------
                         : BJet_M_delta_R:          1.8130         0.82294   [         0.38873          5.0759 ]
                         :         H_Mass:          119.55          59.105   [          17.167          300.00 ]
                         :        BJet_Pt:          98.943          46.613   [          30.242          299.90 ]
                         :        CJet_Pt:          115.90          51.756   [          30.242          299.97 ]
                         :        Jet1_Pt:          132.18          55.378   [          33.411          299.98 ]
                         :        Jet2_Pt:          92.374          38.011   [          30.569          295.35 ]
                         :        Jet3_Pt:          68.490          26.765   [          30.124          255.21 ]
                         :        Jet4_Pt:          52.234          19.591   [          30.000          226.16 ]
                         :       Jet1_CSV:         0.67021         0.35371   [        0.035178         0.99957 ]
                         :       Jet2_CSV:         0.66427         0.35637   [        0.035179          1.0000 ]
                         :       Jet3_CSV:         0.64041         0.36033   [        0.037808         0.99960 ]
                         :       Jet4_CSV:         0.62100         0.35739   [        0.034528         0.99959 ]
                         : -----------------------------------------------------------------------------------------
                         : Ranking input variables (method unspecific)...
IdTransformation         : Ranking result (top variable is best ranked)
                         : ---------------------------------------
                         : Rank : Variable       : Separation
                         : ---------------------------------------
                         :    1 : Jet4_Pt        : 5.957e-02
                         :    2 : Jet3_Pt        : 4.151e-02
                         :    3 : H_Mass         : 3.694e-02
                         :    4 : Jet2_Pt        : 3.387e-02
                         :    5 : Jet1_Pt        : 3.295e-02
                         :    6 : BJet_M_delta_R : 2.451e-02
                         :    7 : CJet_Pt        : 1.617e-02
                         :    8 : Jet1_CSV       : 1.453e-02
                         :    9 : Jet4_CSV       : 5.910e-03
                         :   10 : Jet2_CSV       : 5.677e-03
                         :   11 : BJet_Pt        : 4.368e-03
                         :   12 : Jet3_CSV       : 2.452e-03
                         : ---------------------------------------
Factory                  : Train method: Likelihood for Classification
                         : 
                         : 
                         : ================================================================
                         : H e l p   f o r   M V A   m e t h o d   [ Likelihood ] :
                         : 
                         : --- Short description:
                         : 
                         : The maximum-likelihood classifier models the data with probability 
                         : density functions (PDF) reproducing the signal and background
                         : distributions of the input variables. Correlations among the 
                         : variables are ignored.
                         : 
                         : --- Performance optimisation:
                         : 
                         : Required for good performance are decorrelated input variables
                         : (PCA transformation via the option "VarTransform=Decorrelate"
                         : may be tried). Irreducible non-linear correlations may be reduced
                         : by precombining strongly correlated input variables, or by simply
                         : removing one of the variables.
                         : 
                         : --- Performance tuning via configuration options:
                         : 
                         : High fidelity PDF estimates are mandatory, i.e., sufficient training 
                         : statistics is required to populate the tails of the distributions
                         : It would be a surprise if the default Spline or KDE kernel parameters
                         : provide a satisfying fit to the data. The user is advised to properly
                         : tune the events per bin and smooth options in the spline cases
                         : individually per variable. If the KDE kernel is used, the adaptive
                         : Gaussian kernel may lead to artefacts, so please always also try
                         : the non-adaptive one.
                         : 
                         : All tuning parameters must be adjusted individually for each input
                         : variable!
                         : 
                         : <Suppress this message by specifying "!H" in the booking option>
                         : ================================================================
                         : 
                         : Filling reference histograms
                         : Building PDF out of reference histograms
                         : Elapsed time for training with 60000 events: 0.661 sec         
Likelihood               : [nojetmultiplicity] : Evaluation of Likelihood on training sample (60000 events)
                         : Elapsed time for evaluation of 60000 events: 0.139 sec       
                         : Creating xml weight file: nojetmultiplicity/weights/TMVAClassification_Likelihood.weights.xml
                         : Creating standalone class: nojetmultiplicity/weights/TMVAClassification_Likelihood.class.C
                         : Write monitoring histograms to file: output_nojet.root:/nojetmultiplicity/Method_Likelihood/Likelihood
Factory                  : Training finished
                         : 
Factory                  : Train method: MLP for Classification
                         : 
                         : 
                         : ================================================================
                         : H e l p   f o r   M V A   m e t h o d   [ MLP ] :
                         : 
                         : --- Short description:
                         : 
                         : The MLP artificial neural network (ANN) is a traditional feed-
                         : forward multilayer perceptron impementation. The MLP has a user-
                         : defined hidden layer architecture, while the number of input (output)
                         : nodes is determined by the input variables (output classes, i.e., 
                         : signal and one background). 
                         : 
                         : --- Performance optimisation:
                         : 
                         : Neural networks are stable and performing for a large variety of 
                         : linear and non-linear classification problems. However, in contrast
                         : to (e.g.) boosted decision trees, the user is advised to reduce the 
                         : number of input variables that have only little discrimination power. 
                         : 
                         : In the tests we have carried out so far, the MLP and ROOT networks
                         : (TMlpANN, interfaced via TMVA) performed equally well, with however
                         : a clear speed advantage for the MLP. The Clermont-Ferrand neural 
                         : net (CFMlpANN) exhibited worse classification performance in these
                         : tests, which is partly due to the slow convergence of its training
                         : (at least 10k training cycles are required to achieve approximately
                         : competitive results).
                         : 
                         : Overtraining: only the TMlpANN performs an explicit separation of the
                         : full training sample into independent training and validation samples.
                         : We have found that in most high-energy physics applications the 
                         : avaliable degrees of freedom (training events) are sufficient to 
                         : constrain the weights of the relatively simple architectures required
                         : to achieve good performance. Hence no overtraining should occur, and 
                         : the use of validation samples would only reduce the available training
                         : information. However, if the perrormance on the training sample is 
                         : found to be significantly better than the one found with the inde-
                         : pendent test sample, caution is needed. The results for these samples 
                         : are printed to standard output at the end of each training job.
                         : 
                         : --- Performance tuning via configuration options:
                         : 
                         : The hidden layer architecture for all ANNs is defined by the option
                         : "HiddenLayers=N+1,N,...", where here the first hidden layer has N+1
                         : neurons and the second N neurons (and so on), and where N is the number  
                         : of input variables. Excessive numbers of hidden layers should be avoided,
                         : in favour of more neurons in the first hidden layer.
                         : 
                         : The number of cycles should be above 500. As said, if the number of
                         : adjustable weights is small compared to the training sample size,
                         : using a large number of training samples should not lead to overtraining.
                         : 
                         : <Suppress this message by specifying "!H" in the booking option>
                         : ================================================================
                         : 
TFHandler_MLP            :       Variable              Mean              RMS      [        Min              Max ]
                         : -----------------------------------------------------------------------------------------
                         : BJet_M_delta_R:        -0.39228         0.35115   [         -1.0000          1.0000 ]
                         :         H_Mass:        -0.27599         0.41795   [         -1.0000          1.0000 ]
                         :        BJet_Pt:        -0.49047         0.34572   [         -1.0000          1.0000 ]
                         :        CJet_Pt:        -0.36487         0.38376   [         -1.0000          1.0000 ]
                         :        Jet1_Pt:        -0.25898         0.41548   [         -1.0000          1.0000 ]
                         :        Jet2_Pt:        -0.53316         0.28712   [         -1.0000          1.0000 ]
                         :        Jet3_Pt:        -0.65910         0.23782   [         -1.0000          1.0000 ]
                         :        Jet4_Pt:        -0.77331         0.19975   [         -1.0000          1.0000 ]
                         :       Jet1_CSV:         0.31696         0.73355   [         -1.0000          1.0000 ]
                         :       Jet2_CSV:         0.30406         0.73872   [         -1.0000          1.0000 ]
                         :       Jet3_CSV:         0.25307         0.74928   [         -1.0000          1.0000 ]
                         :       Jet4_CSV:         0.21541         0.74066   [         -1.0000          1.0000 ]
                         : -----------------------------------------------------------------------------------------
                         : Training Network
                         : 
                         : Elapsed time for training with 60000 events: 622 sec         ): 1.23/1.236]   
MLP                      : [nojetmultiplicity] : Evaluation of MLP on training sample (60000 events)
                         : Elapsed time for evaluation of 60000 events: 0.264 sec       
                         : Creating xml weight file: nojetmultiplicity/weights/TMVAClassification_MLP.weights.xml
                         : Creating standalone class: nojetmultiplicity/weights/TMVAClassification_MLP.class.C
                         : Write special histos to file: output_nojet.root:/nojetmultiplicity/Method_MLP/MLP
Factory                  : Training finished
                         : 
Factory                  : Train method: BDT for Classification
                         : 
BDT                      : #events: (reweighted) sig: 30000 bkg: 30000
                         : #events: (unweighted) sig: 30000 bkg: 30000
                         : Training 1000 Decision Trees ... patience please
                         : Elapsed time for training with 60000 events: 41 sec         
BDT                      : [nojetmultiplicity] : Evaluation of BDT on training sample (60000 events)
                         : Elapsed time for evaluation of 60000 events: 8.83 sec       
                         : Creating xml weight file: nojetmultiplicity/weights/TMVAClassification_BDT.weights.xml
                         : Creating standalone class: nojetmultiplicity/weights/TMVAClassification_BDT.class.C
Factory                  : Training finished
                         : 
Factory                  : Train method: DNN for Classification
                         : 
TFHandler_DNN            :       Variable              Mean              RMS      [        Min              Max ]
                         : -----------------------------------------------------------------------------------------
                         : BJet_M_delta_R:        -0.39228         0.35115   [         -1.0000          1.0000 ]
                         :         H_Mass:        -0.27599         0.41795   [         -1.0000          1.0000 ]
                         :        BJet_Pt:        -0.49047         0.34572   [         -1.0000          1.0000 ]
                         :        CJet_Pt:        -0.36487         0.38376   [         -1.0000          1.0000 ]
                         :        Jet1_Pt:        -0.25898         0.41548   [         -1.0000          1.0000 ]
                         :        Jet2_Pt:        -0.53316         0.28712   [         -1.0000          1.0000 ]
                         :        Jet3_Pt:        -0.65910         0.23782   [         -1.0000          1.0000 ]
                         :        Jet4_Pt:        -0.77331         0.19975   [         -1.0000          1.0000 ]
                         :       Jet1_CSV:         0.31696         0.73355   [         -1.0000          1.0000 ]
                         :       Jet2_CSV:         0.30406         0.73872   [         -1.0000          1.0000 ]
                         :       Jet3_CSV:         0.25307         0.74928   [         -1.0000          1.0000 ]
                         :       Jet4_CSV:         0.21541         0.74066   [         -1.0000          1.0000 ]
                         : -----------------------------------------------------------------------------------------
TFHandler_DNN            :       Variable              Mean              RMS      [        Min              Max ]
                         : -----------------------------------------------------------------------------------------
                         : BJet_M_delta_R:        -0.39228         0.35115   [         -1.0000          1.0000 ]
                         :         H_Mass:        -0.27599         0.41795   [         -1.0000          1.0000 ]
                         :        BJet_Pt:        -0.49047         0.34572   [         -1.0000          1.0000 ]
                         :        CJet_Pt:        -0.36487         0.38376   [         -1.0000          1.0000 ]
                         :        Jet1_Pt:        -0.25898         0.41548   [         -1.0000          1.0000 ]
                         :        Jet2_Pt:        -0.53316         0.28712   [         -1.0000          1.0000 ]
                         :        Jet3_Pt:        -0.65910         0.23782   [         -1.0000          1.0000 ]
                         :        Jet4_Pt:        -0.77331         0.19975   [         -1.0000          1.0000 ]
                         :       Jet1_CSV:         0.31696         0.73355   [         -1.0000          1.0000 ]
                         :       Jet2_CSV:         0.30406         0.73872   [         -1.0000          1.0000 ]
                         :       Jet3_CSV:         0.25307         0.74928   [         -1.0000          1.0000 ]
                         :       Jet4_CSV:         0.21541         0.74066   [         -1.0000          1.0000 ]
                         : -----------------------------------------------------------------------------------------
TFHandler_DNN            :       Variable              Mean              RMS      [        Min              Max ]
                         : -----------------------------------------------------------------------------------------
                         : BJet_M_delta_R:        -0.38530         0.35322   [        -0.99441         0.89621 ]
                         :         H_Mass:        -0.26956         0.42212   [        -0.99215         0.99884 ]
                         :        BJet_Pt:        -0.48943         0.34906   [        -0.99636         0.99718 ]
                         :        CJet_Pt:        -0.36229         0.38935   [         -1.0010         0.99901 ]
                         :        Jet1_Pt:        -0.25920         0.42006   [        -0.99447         0.99941 ]
                         :        Jet2_Pt:        -0.53182         0.29292   [        -0.99521         0.91216 ]
                         :        Jet3_Pt:        -0.65867         0.24205   [        -0.99574          1.0393 ]
                         :        Jet4_Pt:        -0.77354         0.20091   [        -0.99996         0.66505 ]
                         :       Jet1_CSV:         0.31937         0.72921   [        -0.97903         0.99977 ]
                         :       Jet2_CSV:         0.30129         0.73888   [        -0.99734          1.0000 ]
                         :       Jet3_CSV:         0.24639         0.75057   [        -0.99314         0.99995 ]
                         :       Jet4_CSV:         0.21354         0.74265   [        -0.97424          1.0001 ]
                         : -----------------------------------------------------------------------------------------
                         : Using Standard Implementation.Training with learning rate = 0.01, momentum = 0.4, repetitions = 1
                         : 
                         : [...............] (1%, time left: unknown) [(train/test/epoch): 0.6423/0.6472/4066]  4060/298/298]  
                         : Elapsed time for training with 60000 events: 1.13e+03 sec         
DNN                      : [nojetmultiplicity] : Evaluation of DNN on training sample (60000 events)
                         : Elapsed time for evaluation of 60000 events: 0.506 sec       
                         : Creating xml weight file: nojetmultiplicity/weights/TMVAClassification_DNN.weights.xml
                         : Creating standalone class: nojetmultiplicity/weights/TMVAClassification_DNN.class.C
Factory                  : Training finished
                         : 
                         : Ranking input variables (method specific)...
Likelihood               : Ranking result (top variable is best ranked)
                         : ---------------------------------------------
                         : Rank : Variable       : Delta Separation
                         : ---------------------------------------------
                         :    1 : Jet4_Pt        : 5.978e-03
                         :    2 : Jet3_Pt        : 3.829e-03
                         :    3 : H_Mass         : 3.650e-03
                         :    4 : Jet1_CSV       : 3.164e-03
                         :    5 : Jet1_Pt        : 2.946e-03
                         :    6 : Jet2_Pt        : 2.218e-03
                         :    7 : BJet_Pt        : 1.689e-03
                         :    8 : CJet_Pt        : 8.852e-04
                         :    9 : Jet4_CSV       : -1.575e-06
                         :   10 : Jet3_CSV       : -5.803e-05
                         :   11 : Jet2_CSV       : -7.265e-04
                         :   12 : BJet_M_delta_R : -1.221e-03
                         : ---------------------------------------------
MLP                      : Ranking result (top variable is best ranked)
                         : ---------------------------------------
                         : Rank : Variable       : Importance
                         : ---------------------------------------
                         :    1 : Jet4_Pt        : 6.240e+01
                         :    2 : H_Mass         : 3.142e+01
                         :    3 : Jet3_CSV       : 2.408e+01
                         :    4 : BJet_Pt        : 1.437e+01
                         :    5 : Jet3_Pt        : 1.246e+01
                         :    6 : BJet_M_delta_R : 9.498e+00
                         :    7 : Jet2_CSV       : 7.329e+00
                         :    8 : Jet2_Pt        : 6.955e+00
                         :    9 : Jet1_Pt        : 3.903e+00
                         :   10 : Jet4_CSV       : 2.496e+00
                         :   11 : Jet1_CSV       : 2.172e+00
                         :   12 : CJet_Pt        : 7.401e-01
                         : ---------------------------------------
BDT                      : Ranking result (top variable is best ranked)
                         : ------------------------------------------------
                         : Rank : Variable       : Variable Importance
                         : ------------------------------------------------
                         :    1 : H_Mass         : 1.094e-01
                         :    2 : BJet_M_delta_R : 8.841e-02
                         :    3 : Jet4_CSV       : 8.840e-02
                         :    4 : Jet4_Pt        : 8.591e-02
                         :    5 : Jet3_CSV       : 8.522e-02
                         :    6 : Jet1_CSV       : 8.219e-02
                         :    7 : Jet1_Pt        : 8.190e-02
                         :    8 : Jet2_CSV       : 8.119e-02
                         :    9 : BJet_Pt        : 7.817e-02
                         :   10 : CJet_Pt        : 7.334e-02
                         :   11 : Jet2_Pt        : 7.327e-02
                         :   12 : Jet3_Pt        : 7.265e-02
                         : ------------------------------------------------
DNN                      : Ranking result (top variable is best ranked)
                         : ---------------------------------------
                         : Rank : Variable       : Importance
                         : ---------------------------------------
                         :    1 : BJet_M_delta_R : 1.000e+00
                         :    2 : H_Mass         : 1.000e+00
                         :    3 : BJet_Pt        : 1.000e+00
                         :    4 : CJet_Pt        : 1.000e+00
                         :    5 : Jet1_Pt        : 1.000e+00
                         :    6 : Jet2_Pt        : 1.000e+00
                         :    7 : Jet3_Pt        : 1.000e+00
                         :    8 : Jet4_Pt        : 1.000e+00
                         :    9 : Jet1_CSV       : 1.000e+00
                         :   10 : Jet2_CSV       : 1.000e+00
                         :   11 : Jet3_CSV       : 1.000e+00
                         :   12 : Jet4_CSV       : 1.000e+00
                         : ---------------------------------------
Factory                  : === Destroy and recreate all methods via weight files for testing ===
                         : 
MLP                      : Building Network. 
                         : Initializing weights
Factory                  : Test all methods
Factory                  : Test method: Likelihood for Classification performance
                         : 
Likelihood               : [nojetmultiplicity] : Evaluation of Likelihood on testing sample (20000 events)
                         : Elapsed time for evaluation of 20000 events: 0.0489 sec       
Factory                  : Test method: MLP for Classification performance
                         : 
MLP                      : [nojetmultiplicity] : Evaluation of MLP on testing sample (20000 events)
                         : Elapsed time for evaluation of 20000 events: 0.0947 sec       
Factory                  : Test method: BDT for Classification performance
                         : 
BDT                      : [nojetmultiplicity] : Evaluation of BDT on testing sample (20000 events)
                         : Elapsed time for evaluation of 20000 events: 2.64 sec       
Factory                  : Test method: DNN for Classification performance
                         : 
DNN                      : [nojetmultiplicity] : Evaluation of DNN on testing sample (20000 events)
                         : Elapsed time for evaluation of 20000 events: 0.17 sec       
Factory                  : Evaluate all methods
Factory                  : Evaluate classifier: Likelihood
                         : 
Likelihood               : [nojetmultiplicity] : Loop over test events and fill histograms with classifier response...
                         : 
TFHandler_Likelihood     :       Variable              Mean              RMS      [        Min              Max ]
                         : -----------------------------------------------------------------------------------------
                         : BJet_M_delta_R:          1.8293         0.82779   [         0.40184          4.8326 ]
                         :         H_Mass:          120.46          59.695   [          18.277          299.83 ]
                         :        BJet_Pt:          99.084          47.064   [          30.733          299.52 ]
                         :        CJet_Pt:          116.25          52.510   [          30.106          299.84 ]
                         :        Jet1_Pt:          132.15          55.988   [          34.149          299.91 ]
                         :        Jet2_Pt:          92.551          38.779   [          31.202          283.72 ]
                         :        Jet3_Pt:          68.537          27.240   [          30.603          259.63 ]
                         :        Jet4_Pt:          52.212          19.705   [          30.004          193.31 ]
                         :       Jet1_CSV:         0.67137         0.35162   [        0.045290         0.99946 ]
                         :       Jet2_CSV:         0.66294         0.35645   [        0.036465          1.0000 ]
                         :       Jet3_CSV:         0.63720         0.36095   [        0.041109         0.99958 ]
                         :       Jet4_CSV:         0.62010         0.35835   [        0.046960         0.99962 ]
                         : -----------------------------------------------------------------------------------------
Factory                  : Evaluate classifier: MLP
                         : 
TFHandler_MLP            :       Variable              Mean              RMS      [        Min              Max ]
                         : -----------------------------------------------------------------------------------------
                         : BJet_M_delta_R:        -0.38530         0.35322   [        -0.99441         0.89621 ]
                         :         H_Mass:        -0.26956         0.42212   [        -0.99215         0.99884 ]
                         :        BJet_Pt:        -0.48943         0.34906   [        -0.99636         0.99718 ]
                         :        CJet_Pt:        -0.36229         0.38935   [         -1.0010         0.99901 ]
                         :        Jet1_Pt:        -0.25920         0.42006   [        -0.99447         0.99941 ]
                         :        Jet2_Pt:        -0.53182         0.29292   [        -0.99521         0.91216 ]
                         :        Jet3_Pt:        -0.65867         0.24205   [        -0.99574          1.0393 ]
                         :        Jet4_Pt:        -0.77354         0.20091   [        -0.99996         0.66505 ]
                         :       Jet1_CSV:         0.31937         0.72921   [        -0.97903         0.99977 ]
                         :       Jet2_CSV:         0.30129         0.73888   [        -0.99734          1.0000 ]
                         :       Jet3_CSV:         0.24639         0.75057   [        -0.99314         0.99995 ]
                         :       Jet4_CSV:         0.21354         0.74265   [        -0.97424          1.0001 ]
                         : -----------------------------------------------------------------------------------------
MLP                      : [nojetmultiplicity] : Loop over test events and fill histograms with classifier response...
                         : 
TFHandler_MLP            :       Variable              Mean              RMS      [        Min              Max ]
                         : -----------------------------------------------------------------------------------------
                         : BJet_M_delta_R:        -0.38530         0.35322   [        -0.99441         0.89621 ]
                         :         H_Mass:        -0.26956         0.42212   [        -0.99215         0.99884 ]
                         :        BJet_Pt:        -0.48943         0.34906   [        -0.99636         0.99718 ]
                         :        CJet_Pt:        -0.36229         0.38935   [         -1.0010         0.99901 ]
                         :        Jet1_Pt:        -0.25920         0.42006   [        -0.99447         0.99941 ]
                         :        Jet2_Pt:        -0.53182         0.29292   [        -0.99521         0.91216 ]
                         :        Jet3_Pt:        -0.65867         0.24205   [        -0.99574          1.0393 ]
                         :        Jet4_Pt:        -0.77354         0.20091   [        -0.99996         0.66505 ]
                         :       Jet1_CSV:         0.31937         0.72921   [        -0.97903         0.99977 ]
                         :       Jet2_CSV:         0.30129         0.73888   [        -0.99734          1.0000 ]
                         :       Jet3_CSV:         0.24639         0.75057   [        -0.99314         0.99995 ]
                         :       Jet4_CSV:         0.21354         0.74265   [        -0.97424          1.0001 ]
                         : -----------------------------------------------------------------------------------------
Factory                  : Evaluate classifier: BDT
                         : 
BDT                      : [nojetmultiplicity] : Loop over test events and fill histograms with classifier response...
                         : 
TFHandler_BDT            :       Variable              Mean              RMS      [        Min              Max ]
                         : -----------------------------------------------------------------------------------------
                         : BJet_M_delta_R:          1.8293         0.82779   [         0.40184          4.8326 ]
                         :         H_Mass:          120.46          59.695   [          18.277          299.83 ]
                         :        BJet_Pt:          99.084          47.064   [          30.733          299.52 ]
                         :        CJet_Pt:          116.25          52.510   [          30.106          299.84 ]
                         :        Jet1_Pt:          132.15          55.988   [          34.149          299.91 ]
                         :        Jet2_Pt:          92.551          38.779   [          31.202          283.72 ]
                         :        Jet3_Pt:          68.537          27.240   [          30.603          259.63 ]
                         :        Jet4_Pt:          52.212          19.705   [          30.004          193.31 ]
                         :       Jet1_CSV:         0.67137         0.35162   [        0.045290         0.99946 ]
                         :       Jet2_CSV:         0.66294         0.35645   [        0.036465          1.0000 ]
                         :       Jet3_CSV:         0.63720         0.36095   [        0.041109         0.99958 ]
                         :       Jet4_CSV:         0.62010         0.35835   [        0.046960         0.99962 ]
                         : -----------------------------------------------------------------------------------------
Factory                  : Evaluate classifier: DNN
                         : 
TFHandler_DNN            :       Variable              Mean              RMS      [        Min              Max ]
                         : -----------------------------------------------------------------------------------------
                         : BJet_M_delta_R:        -0.38530         0.35322   [        -0.99441         0.89621 ]
                         :         H_Mass:        -0.26956         0.42212   [        -0.99215         0.99884 ]
                         :        BJet_Pt:        -0.48943         0.34906   [        -0.99636         0.99718 ]
                         :        CJet_Pt:        -0.36229         0.38935   [         -1.0010         0.99901 ]
                         :        Jet1_Pt:        -0.25920         0.42006   [        -0.99447         0.99941 ]
                         :        Jet2_Pt:        -0.53182         0.29292   [        -0.99521         0.91216 ]
                         :        Jet3_Pt:        -0.65867         0.24205   [        -0.99574          1.0393 ]
                         :        Jet4_Pt:        -0.77354         0.20091   [        -0.99996         0.66505 ]
                         :       Jet1_CSV:         0.31937         0.72921   [        -0.97903         0.99977 ]
                         :       Jet2_CSV:         0.30129         0.73888   [        -0.99734          1.0000 ]
                         :       Jet3_CSV:         0.24639         0.75057   [        -0.99314         0.99995 ]
                         :       Jet4_CSV:         0.21354         0.74265   [        -0.97424          1.0001 ]
                         : -----------------------------------------------------------------------------------------
DNN                      : [nojetmultiplicity] : Loop over test events and fill histograms with classifier response...
                         : 
TFHandler_DNN            :       Variable              Mean              RMS      [        Min              Max ]
                         : -----------------------------------------------------------------------------------------
                         : BJet_M_delta_R:        -0.38530         0.35322   [        -0.99441         0.89621 ]
                         :         H_Mass:        -0.26956         0.42212   [        -0.99215         0.99884 ]
                         :        BJet_Pt:        -0.48943         0.34906   [        -0.99636         0.99718 ]
                         :        CJet_Pt:        -0.36229         0.38935   [         -1.0010         0.99901 ]
                         :        Jet1_Pt:        -0.25920         0.42006   [        -0.99447         0.99941 ]
                         :        Jet2_Pt:        -0.53182         0.29292   [        -0.99521         0.91216 ]
                         :        Jet3_Pt:        -0.65867         0.24205   [        -0.99574          1.0393 ]
                         :        Jet4_Pt:        -0.77354         0.20091   [        -0.99996         0.66505 ]
                         :       Jet1_CSV:         0.31937         0.72921   [        -0.97903         0.99977 ]
                         :       Jet2_CSV:         0.30129         0.73888   [        -0.99734          1.0000 ]
                         :       Jet3_CSV:         0.24639         0.75057   [        -0.99314         0.99995 ]
                         :       Jet4_CSV:         0.21354         0.74265   [        -0.97424          1.0001 ]
                         : -----------------------------------------------------------------------------------------
                         : 
                         : Evaluation results ranked by best signal efficiency and purity (area)
                         : -------------------------------------------------------------------------------------------------------------------
                         : DataSet       MVA                       
                         : Name:         Method:          ROC-integ
                         : nojetmultiplicity MLP            : 0.717
                         : nojetmultiplicity DNN            : 0.716
                         : nojetmultiplicity BDT            : 0.713
                         : nojetmultiplicity Likelihood     : 0.667
                         : -------------------------------------------------------------------------------------------------------------------
                         : 
                         : Testing efficiency compared to training efficiency (overtraining check)
                         : -------------------------------------------------------------------------------------------------------------------
                         : DataSet              MVA              Signal efficiency: from test sample (from training sample) 
                         : Name:                Method:          @B=0.01             @B=0.10            @B=0.30   
                         : -------------------------------------------------------------------------------------------------------------------
                         : nojetmultiplicity    MLP            : 0.061 (0.058)       0.314 (0.322)      0.617 (0.622)
                         : nojetmultiplicity    DNN            : 0.059 (0.061)       0.312 (0.322)      0.612 (0.623)
                         : nojetmultiplicity    BDT            : 0.068 (0.072)       0.314 (0.336)      0.610 (0.629)
                         : nojetmultiplicity    Likelihood     : 0.041 (0.044)       0.250 (0.267)      0.546 (0.555)
                         : -------------------------------------------------------------------------------------------------------------------
                         : 
Dataset:nojetmultiplicity: Created tree 'TestTree' with 20000 events
                         : 
Dataset:nojetmultiplicity: Created tree 'TrainTree' with 60000 events
                         : 
Factory                  : Thank you for using TMVA!
                         : For citation information, please visit: http://tmva.sf.net/citeTMVA.html
root [1] .q

