                         : Some more output
                         : A TDirectoryFile with name InputVariables_Deco already exists in output_keras.root:/keras_Hct1, I will try with InputVariables_Deco_0.
                         : Ranking input variables (method unspecific)...
IdTransformation         : Ranking result (top variable is best ranked)
                         : ----------------------------------------
                         : Rank : Variable        : Separation
                         : ----------------------------------------
                         :    1 : DRjet2csv       : 3.569e-02
                         :    2 : DRjet2cvsb      : 3.558e-02
                         :    3 : DRjet3csv       : 3.421e-02
                         :    4 : DRjet3cvsl      : 3.224e-02
                         :    5 : DRjet1csv       : 1.887e-02
                         :    6 : DRjet12m        : 1.837e-02
                         :    7 : jet3csv         : 1.709e-02
                         :    8 : dibjetsMass     : 1.697e-02
                         :    9 : DRjet3cvsb      : 1.695e-02
                         :   10 : DRjet1cvsb      : 1.516e-02
                         :   11 : jet4csv         : 1.480e-02
                         :   12 : jet1csv         : 1.374e-02
                         :   13 : DRjet2cvsl      : 1.293e-02
                         :   14 : jet2csv         : 1.222e-02
                         :   15 : nbjets_m        : 1.203e-02
                         :   16 : jet1cvsb        : 1.148e-02
                         :   17 : jet3cvsb        : 1.089e-02
                         :   18 : DRjet31m        : 1.076e-02
                         :   19 : DRhadTm         : 1.068e-02
                         :   20 : DRjet23m        : 1.053e-02
                         :   21 : bjetmDR         : 9.722e-03
                         :   22 : jet3cvsl        : 8.786e-03
                         :   23 : jet2cvsb        : 8.509e-03
                         :   24 : jet4cvsb        : 8.440e-03
                         :   25 : jet2cvsl        : 7.440e-03
                         :   26 : DRjet0csv       : 7.310e-03
                         :   27 : jet1cvsl        : 6.715e-03
                         :   28 : jet4cvsl        : 6.408e-03
                         :   29 : DRjet1cvsl      : 5.390e-03
                         :   30 : jet1pt          : 5.101e-03
                         :   31 : bjetmDPhi       : 4.931e-03
                         :   32 : DRjet0cvsb      : 4.655e-03
                         :   33 : bjetmDEta       : 4.398e-03
                         :   34 : DRlepTm         : 4.221e-03
                         :   35 : jet2pt          : 3.832e-03
                         :   36 : jet1m           : 3.640e-03
                         :   37 : cjetPt          : 3.412e-03
                         :   38 : DRjet12DR       : 3.184e-03
                         :   39 : DRjet0pt        : 3.110e-03
                         :   40 : DRjet1m         : 2.780e-03
                         :   41 : jet3pt          : 2.771e-03
                         :   42 : DRjet0cvsl      : 2.728e-03
                         :   43 : njets           : 2.595e-03
                         :   44 : jet4pt          : 2.545e-03
                         :   45 : jet4m           : 2.344e-03
                         :   46 : jet2m           : 2.269e-03
                         :   47 : DRjet0m         : 2.146e-03
                         :   48 : jet3m           : 2.136e-03
                         :   49 : DRjet1pt        : 2.091e-03
                         :   50 : DRjet3pt        : 1.724e-03
                         :   51 : DRjet2m         : 1.545e-03
                         :   52 : bjetPt_dibjetsm : 1.352e-03
                         :   53 : DRjet12pt       : 1.310e-03
                         :   54 : DRjet3m         : 1.286e-03
                         :   55 : DRjet31pt       : 1.242e-03
                         :   56 : DRjet23eta      : 1.223e-03
                         :   57 : DRjet2eta       : 1.209e-03
                         :   58 : DRjet12eta      : 1.140e-03
                         :   59 : DRjet2pt        : 1.077e-03
                         :   60 : DRjet1eta       : 9.669e-04
                         :   61 : jet1eta         : 9.258e-04
                         :   62 : DRjet23pt       : 8.794e-04
                         :   63 : DRlepTpt        : 8.534e-04
                         :   64 : DRjet3eta       : 8.309e-04
                         :   65 : jet4eta         : 8.255e-04
                         :   66 : DRlepWeta       : 8.240e-04
                         :   67 : DRhadTeta       : 8.201e-04
                         :   68 : DRhadTpt        : 8.131e-04
                         :   69 : missingET       : 7.872e-04
                         :   70 : DRjet0eta       : 7.601e-04
                         :   71 : lepDPhi         : 7.116e-04
                         :   72 : jet3eta         : 7.090e-04
                         :   73 : DRjet31eta      : 6.770e-04
                         :   74 : ncjets_m        : 6.382e-04
                         :   75 : DRlepTeta       : 6.077e-04
                         :   76 : DRlepWm         : 5.587e-04
                         :   77 : jet2eta         : 5.480e-04
                         : ----------------------------------------
Factory                  : Train method: BDT for Classification
                         : 
BDT                      : #events: (reweighted) sig: 35000 bkg: 35000
                         : #events: (unweighted) sig: 30000 bkg: 40000
                         : Training 850 Decision Trees ... patience please
                         : Elapsed time for training with 70000 events: 90.4 sec         
BDT                      : [keras_Hct1] : Evaluation of BDT on training sample (70000 events)
                         : Elapsed time for evaluation of 70000 events: 7.04 sec       
                         : Creating xml weight file: keras_Hct1/weights/TMVAClassification_BDT.weights.xml
                         : Creating standalone class: keras_Hct1/weights/TMVAClassification_BDT.class.C
Factory                  : Training finished
                         : 
Factory                  : Train method: PyKeras for Classification
                         : 
                         : 
                         : ================================================================
                         : H e l p   f o r   M V A   m e t h o d   [ PyKeras ] :
                         : 
                         : Keras is a high-level API for the Theano and Tensorflow packages.
                         : This method wraps the training and predictions steps of the Keras
                         : Python package for TMVA, so that dataloading, preprocessing and
                         : evaluation can be done within the TMVA system. To use this Keras
                         : interface, you have to generate a model with Keras first. Then,
                         : this model can be loaded and trained in TMVA.
                         : 
                         : 
                         : <Suppress this message by specifying "!H" in the booking option>
                         : ================================================================
                         : 
                         : Preparing the Decorrelation transformation...
                         : Preparing the Gaussian transformation...
TFHandler_PyKeras        :        Variable               Mean               RMS       [        Min               Max ]
                         : ----------------------------------------------------------------------------------------------
                         :           njets:        0.0016572          0.99884   [          -3.3512           5.7307 ]
                         :        nbjets_m:        0.0019271          0.99640   [          -3.2954           5.7307 ]
                         :        ncjets_m:        0.0038730          0.99687   [          -3.3130           5.7307 ]
                         :         lepDPhi:        0.0041538          0.99676   [          -3.3043           5.7307 ]
                         :       missingET:        0.0010606          0.99451   [          -3.3113           5.7307 ]
                         :         bjetmDR:       0.00055347          0.99503   [          -3.3043           5.7307 ]
                         :       bjetmDEta:        0.0026957          0.99706   [          -3.2951           5.7307 ]
                         :       bjetmDPhi:        0.0012163          0.99627   [          -3.3004           5.7307 ]
                         :     dibjetsMass:        0.0016692          0.99724   [          -3.3213           5.7307 ]
                         : bjetPt_dibjetsm:        0.0036724          0.99858   [          -3.3079           5.7307 ]
                         :          cjetPt:        0.0035035          0.99726   [          -3.2923           5.7307 ]
                         :          jet1pt:        0.0034462          0.99660   [          -3.3059           5.7307 ]
                         :          jet2pt:       0.00046676          0.99665   [          -3.3091           5.7307 ]
                         :          jet3pt:        0.0018493          0.99409   [          -3.3091           5.7307 ]
                         :          jet4pt:        0.0019758          0.99602   [          -3.3309           5.7307 ]
                         :         jet1eta:        0.0039892          0.99807   [          -3.3016           5.7307 ]
                         :         jet2eta:        0.0019449          0.99451   [          -3.3237           5.7307 ]
                         :         jet3eta:        0.0024358          0.99570   [          -3.3225           5.7307 ]
                         :         jet4eta:        0.0017659          0.99742   [          -3.3032           5.7307 ]
                         :           jet1m:        0.0036222          0.99593   [          -3.3121           5.7307 ]
                         :           jet2m:       0.00077516          0.99769   [          -3.3088           5.7307 ]
                         :           jet3m:        0.0017288          0.99567   [          -3.3003           5.7307 ]
                         :           jet4m:        0.0050217          0.99755   [          -3.3186           5.7307 ]
                         :         jet1csv:        0.0035166          0.99689   [          -3.3075           5.7307 ]
                         :         jet2csv:        0.0033788          0.99790   [          -3.3072           5.7307 ]
                         :         jet3csv:        0.0031868          0.99689   [          -3.3036           5.7307 ]
                         :         jet4csv:        0.0024255          0.99550   [          -3.3017           5.7307 ]
                         :        jet1cvsl:        0.0015065          0.99515   [          -3.3085           5.7307 ]
                         :        jet2cvsl:        0.0029285          0.99800   [          -3.3089           5.7307 ]
                         :        jet3cvsl:        0.0043467          0.99818   [          -3.2945           5.7307 ]
                         :        jet4cvsl:        0.0038167          0.99667   [          -3.2935           5.7307 ]
                         :        jet1cvsb:        0.0026908          0.99615   [          -3.3115           5.7307 ]
                         :        jet2cvsb:        0.0019638          0.99582   [          -3.2970           5.7307 ]
                         :        jet3cvsb:        0.0011949          0.99451   [          -3.3128           5.7307 ]
                         :        jet4cvsb:        0.0010218          0.99487   [          -3.3014           5.7307 ]
                         :       DRlepWeta:        0.0025460          0.99548   [          -3.3225           5.7307 ]
                         :         DRlepWm:       0.00026319          0.99532   [          -3.3428           5.7307 ]
                         :        DRjet0pt:        0.0024074          0.99468   [          -3.3021           5.7307 ]
                         :       DRjet0eta:        0.0027115          0.99858   [          -3.3275           5.7307 ]
                         :         DRjet0m:        0.0030184          0.99783   [          -3.3111           5.7307 ]
                         :       DRjet0csv:        0.0031405          0.99568   [          -3.2993           5.7307 ]
                         :      DRjet0cvsl:        0.0026173           1.0002   [          -3.4055           5.7307 ]
                         :      DRjet0cvsb:        0.0024923          0.99557   [          -3.3105           5.7307 ]
                         :        DRjet1pt:        0.0026642          0.99616   [          -3.3084           5.7307 ]
                         :       DRjet1eta:        0.0010717          0.99438   [          -3.3034           5.7307 ]
                         :         DRjet1m:        0.0022584          0.99675   [          -3.3409           5.7307 ]
                         :       DRjet1csv:       0.00072955          0.99530   [          -3.3190           5.7307 ]
                         :      DRjet1cvsl:        0.0030382          0.99705   [          -3.3033           5.7307 ]
                         :      DRjet1cvsb:        0.0022603          0.99432   [          -3.2940           5.7307 ]
                         :        DRjet2pt:        0.0020120          0.99751   [          -3.3000           5.7307 ]
                         :       DRjet2eta:        0.0019652          0.99709   [          -3.3093           5.7307 ]
                         :         DRjet2m:        0.0019570          0.99418   [          -3.3077           5.7307 ]
                         :       DRjet2csv:        0.0023006          0.99673   [          -3.3035           5.7307 ]
                         :      DRjet2cvsl:        0.0031073          0.99666   [          -3.3022           5.7307 ]
                         :      DRjet2cvsb:        0.0028330          0.99655   [          -3.3215           5.7307 ]
                         :        DRjet3pt:        0.0038374          0.99690   [          -3.3130           5.7307 ]
                         :       DRjet3eta:        0.0031699          0.99716   [          -3.3151           5.7307 ]
                         :         DRjet3m:        0.0024918          0.99668   [          -3.3116           5.7307 ]
                         :       DRjet3csv:        0.0020779          0.99432   [          -3.3010           5.7307 ]
                         :      DRjet3cvsl:        0.0021970          0.99639   [          -3.3041           5.7307 ]
                         :      DRjet3cvsb:        0.0011143          0.99547   [          -3.3142           5.7307 ]
                         :       DRjet12pt:        0.0029923          0.99695   [          -3.3002           5.7307 ]
                         :      DRjet12eta:        0.0031915          0.99572   [          -3.3082           5.7307 ]
                         :        DRjet12m:        0.0014248          0.99493   [          -3.3066           5.7307 ]
                         :       DRjet12DR:        0.0020883          0.99660   [          -3.3206           5.7307 ]
                         :       DRjet23pt:        0.0018344          0.99583   [          -3.2994           5.7307 ]
                         :      DRjet23eta:        0.0022738          0.99630   [          -3.3042           5.7307 ]
                         :        DRjet23m:        0.0012082          0.99602   [          -3.3042           5.7307 ]
                         :       DRjet31pt:        0.0031858          0.99715   [          -3.2903           5.7307 ]
                         :      DRjet31eta:        0.0055659          0.99853   [          -3.3053           5.7307 ]
                         :        DRjet31m:        0.0039654          0.99714   [          -3.3117           5.7307 ]
                         :        DRlepTpt:        0.0020549          0.99498   [          -3.2961           5.7307 ]
                         :       DRlepTeta:        0.0024581          0.99588   [          -3.3120           5.7307 ]
                         :         DRlepTm:        0.0016574          0.99539   [          -3.3087           5.7307 ]
                         :        DRhadTpt:        0.0011599          0.99755   [          -3.2988           5.7307 ]
                         :       DRhadTeta:        0.0030972          0.99826   [          -3.2975           5.7307 ]
                         :         DRhadTm:        0.0041027          0.99619   [          -3.3034           5.7307 ]
                         : ----------------------------------------------------------------------------------------------
                         : Option SaveBestOnly: Only model weights with smallest validation loss will be stored
Train on 70000 samples, validate on 10000 samples
Epoch 1/15
69800/70000 [============================>.] - ETA: 0s - loss: 0.6517 - acc: 0.6257Epoch 00000: val_loss improved from inf to 0.07588, saving model to keras_Hct1/weights/TrainedModel_PyKeras.h5
70000/70000 [==============================] - 19s - loss: 0.6516 - acc: 0.6256 - val_loss: 0.0759 - val_acc: 0.6301
Epoch 2/15
69800/70000 [============================>.] - ETA: 0s - loss: 0.6257 - acc: 0.6587Epoch 00001: val_loss improved from 0.07588 to 0.07182, saving model to keras_Hct1/weights/TrainedModel_PyKeras.h5
70000/70000 [==============================] - 19s - loss: 0.6258 - acc: 0.6587 - val_loss: 0.0718 - val_acc: 0.6534
Epoch 3/15
69800/70000 [============================>.] - ETA: 0s - loss: 0.6122 - acc: 0.6702Epoch 00002: val_loss did not improve
70000/70000 [==============================] - 19s - loss: 0.6122 - acc: 0.6702 - val_loss: 0.0730 - val_acc: 0.6537
Epoch 4/15
69800/70000 [============================>.] - ETA: 0s - loss: 0.6064 - acc: 0.6766Epoch 00003: val_loss did not improve
70000/70000 [==============================] - 19s - loss: 0.6065 - acc: 0.6767 - val_loss: 0.0720 - val_acc: 0.6573
Epoch 5/15
69800/70000 [============================>.] - ETA: 0s - loss: 0.5994 - acc: 0.6816Epoch 00004: val_loss improved from 0.07182 to 0.07099, saving model to keras_Hct1/weights/TrainedModel_PyKeras.h5
70000/70000 [==============================] - 19s - loss: 0.5994 - acc: 0.6816 - val_loss: 0.0710 - val_acc: 0.6623
Epoch 6/15
69800/70000 [============================>.] - ETA: 0s - loss: 0.5935 - acc: 0.6862Epoch 00005: val_loss did not improve
70000/70000 [==============================] - 19s - loss: 0.5935 - acc: 0.6862 - val_loss: 0.0712 - val_acc: 0.6620
Epoch 7/15
69800/70000 [============================>.] - ETA: 0s - loss: 0.5898 - acc: 0.6893Epoch 00006: val_loss improved from 0.07099 to 0.06960, saving model to keras_Hct1/weights/TrainedModel_PyKeras.h5
70000/70000 [==============================] - 19s - loss: 0.5899 - acc: 0.6892 - val_loss: 0.0696 - val_acc: 0.6619
Epoch 8/15
69800/70000 [============================>.] - ETA: 0s - loss: 0.5857 - acc: 0.6910Epoch 00007: val_loss did not improve
70000/70000 [==============================] - 19s - loss: 0.5857 - acc: 0.6909 - val_loss: 0.0706 - val_acc: 0.6631
Epoch 9/15
69800/70000 [============================>.] - ETA: 0s - loss: 0.5811 - acc: 0.6954Epoch 00008: val_loss did not improve
70000/70000 [==============================] - 19s - loss: 0.5810 - acc: 0.6953 - val_loss: 0.0700 - val_acc: 0.6666
Epoch 10/15
69800/70000 [============================>.] - ETA: 0s - loss: 0.5800 - acc: 0.6967Epoch 00009: val_loss did not improve
70000/70000 [==============================] - 19s - loss: 0.5799 - acc: 0.6967 - val_loss: 0.0699 - val_acc: 0.6653
Epoch 11/15
69800/70000 [============================>.] - ETA: 0s - loss: 0.5753 - acc: 0.7014Epoch 00010: val_loss improved from 0.06960 to 0.06944, saving model to keras_Hct1/weights/TrainedModel_PyKeras.h5
70000/70000 [==============================] - 19s - loss: 0.5754 - acc: 0.7012 - val_loss: 0.0694 - val_acc: 0.6672
Epoch 12/15
69800/70000 [============================>.] - ETA: 0s - loss: 0.5721 - acc: 0.7023Epoch 00011: val_loss improved from 0.06944 to 0.06943, saving model to keras_Hct1/weights/TrainedModel_PyKeras.h5
70000/70000 [==============================] - 19s - loss: 0.5721 - acc: 0.7024 - val_loss: 0.0694 - val_acc: 0.6697
Epoch 13/15
69800/70000 [============================>.] - ETA: 0s - loss: 0.5688 - acc: 0.7049Epoch 00012: val_loss improved from 0.06943 to 0.06942, saving model to keras_Hct1/weights/TrainedModel_PyKeras.h5
70000/70000 [==============================] - 19s - loss: 0.5687 - acc: 0.7048 - val_loss: 0.0694 - val_acc: 0.6667
Epoch 14/15
69800/70000 [============================>.] - ETA: 0s - loss: 0.5682 - acc: 0.7051Epoch 00013: val_loss did not improve
70000/70000 [==============================] - 19s - loss: 0.5681 - acc: 0.7051 - val_loss: 0.0695 - val_acc: 0.6685
Epoch 15/15
69800/70000 [============================>.] - ETA: 0s - loss: 0.5660 - acc: 0.7075Epoch 00014: val_loss improved from 0.06942 to 0.06901, saving model to keras_Hct1/weights/TrainedModel_PyKeras.h5
70000/70000 [==============================] - 19s - loss: 0.5660 - acc: 0.7075 - val_loss: 0.0690 - val_acc: 0.6660
                         : Elapsed time for training with 70000 events: 292 sec         
                         : Creating xml weight file: keras_Hct1/weights/TMVAClassification_PyKeras.weights.xml
                         : Creating standalone class: keras_Hct1/weights/TMVAClassification_PyKeras.class.C
Factory                  : Training finished
                         : 
                         : Ranking input variables (method specific)...
BDT                      : Ranking result (top variable is best ranked)
                         : -------------------------------------------------
                         : Rank : Variable        : Variable Importance
                         : -------------------------------------------------
                         :    1 : DRjet2cvsb      : 2.302e-02
                         :    2 : DRjet3cvsl      : 2.139e-02
                         :    3 : DRjet2csv       : 2.052e-02
                         :    4 : DRjet12m        : 1.946e-02
                         :    5 : DRjet3csv       : 1.839e-02
                         :    6 : DRjet31m        : 1.732e-02
                         :    7 : DRjet0cvsl      : 1.695e-02
                         :    8 : bjetmDR         : 1.687e-02
                         :    9 : DRjet23m        : 1.641e-02
                         :   10 : DRjet0cvsb      : 1.628e-02
                         :   11 : DRjet3cvsb      : 1.615e-02
                         :   12 : jet2cvsl        : 1.588e-02
                         :   13 : jet1cvsb        : 1.586e-02
                         :   14 : jet3cvsb        : 1.584e-02
                         :   15 : DRjet12DR       : 1.579e-02
                         :   16 : jet2cvsb        : 1.578e-02
                         :   17 : DRjet0csv       : 1.563e-02
                         :   18 : DRjet2cvsl      : 1.532e-02
                         :   19 : DRlepTm         : 1.522e-02
                         :   20 : jet3csv         : 1.515e-02
                         :   21 : dibjetsMass     : 1.508e-02
                         :   22 : jet4csv         : 1.499e-02
                         :   23 : jet3cvsl        : 1.489e-02
                         :   24 : DRjet3m         : 1.479e-02
                         :   25 : jet2eta         : 1.475e-02
                         :   26 : bjetmDPhi       : 1.458e-02
                         :   27 : jet4eta         : 1.453e-02
                         :   28 : lepDPhi         : 1.448e-02
                         :   29 : jet1eta         : 1.442e-02
                         :   30 : jet4cvsb        : 1.441e-02
                         :   31 : DRjet1csv       : 1.403e-02
                         :   32 : DRjet1cvsl      : 1.399e-02
                         :   33 : DRjet3eta       : 1.385e-02
                         :   34 : DRjet0eta       : 1.372e-02
                         :   35 : DRjet1cvsb      : 1.344e-02
                         :   36 : njets           : 1.338e-02
                         :   37 : DRhadTm         : 1.309e-02
                         :   38 : bjetmDEta       : 1.293e-02
                         :   39 : DRjet1m         : 1.291e-02
                         :   40 : jet2csv         : 1.290e-02
                         :   41 : DRlepWeta       : 1.259e-02
                         :   42 : jet3eta         : 1.226e-02
                         :   43 : DRlepTeta       : 1.221e-02
                         :   44 : DRjet1eta       : 1.221e-02
                         :   45 : DRlepTpt        : 1.195e-02
                         :   46 : jet1cvsl        : 1.186e-02
                         :   47 : DRjet2eta       : 1.182e-02
                         :   48 : DRjet2m         : 1.177e-02
                         :   49 : jet1m           : 1.174e-02
                         :   50 : DRjet12pt       : 1.155e-02
                         :   51 : jet1csv         : 1.146e-02
                         :   52 : nbjets_m        : 1.116e-02
                         :   53 : jet4cvsl        : 1.113e-02
                         :   54 : DRlepWm         : 1.097e-02
                         :   55 : missingET       : 1.081e-02
                         :   56 : DRjet23eta      : 1.075e-02
                         :   57 : DRhadTpt        : 1.074e-02
                         :   58 : DRjet0m         : 1.058e-02
                         :   59 : DRjet31pt       : 1.057e-02
                         :   60 : bjetPt_dibjetsm : 1.053e-02
                         :   61 : DRjet23pt       : 1.037e-02
                         :   62 : cjetPt          : 1.031e-02
                         :   63 : DRjet3pt        : 1.004e-02
                         :   64 : jet1pt          : 9.974e-03
                         :   65 : jet4pt          : 9.636e-03
                         :   66 : DRjet12eta      : 9.507e-03
                         :   67 : jet3m           : 9.133e-03
                         :   68 : jet4m           : 9.016e-03
                         :   69 : DRjet0pt        : 8.676e-03
                         :   70 : jet2pt          : 8.516e-03
                         :   71 : DRjet31eta      : 8.496e-03
                         :   72 : jet3pt          : 7.815e-03
                         :   73 : DRhadTeta       : 7.741e-03
                         :   74 : DRjet1pt        : 7.627e-03
                         :   75 : jet2m           : 7.303e-03
                         :   76 : ncjets_m        : 6.555e-03
                         :   77 : DRjet2pt        : 6.221e-03
                         : -------------------------------------------------
                         : No variable ranking supplied by classifier: PyKeras
Factory                  : === Destroy and recreate all methods via weight files for testing ===
                         : 
Factory                  : Test all methods
Factory                  : Test method: BDT for Classification performance
                         : 
BDT                      : [keras_Hct1] : Evaluation of BDT on testing sample (10000 events)
                         : Elapsed time for evaluation of 10000 events: 0.542 sec       
Factory                  : Test method: PyKeras for Classification performance
                         : 
                         : Load model from file: keras_Hct1/weights/TrainedModel_PyKeras.h5
Factory                  : Evaluate all methods
Factory                  : Evaluate classifier: BDT
                         : 
BDT                      : [keras_Hct1] : Loop over test events and fill histograms with classifier response...
                         : 
TFHandler_BDT            :        Variable               Mean               RMS       [        Min               Max ]
                         : ----------------------------------------------------------------------------------------------
                         :           njets:           4.9482           1.1224   [           4.0000           13.000 ]
                         :        nbjets_m:           3.0855          0.29506   [           3.0000           6.0000 ]
                         :        ncjets_m:          0.71608          0.79576   [           0.0000           6.0000 ]
                         :         lepDPhi:         0.035130           1.6084   [          -3.1402           3.1415 ]
                         :       missingET:           68.953           50.878   [          0.48632           735.49 ]
                         :         bjetmDR:           1.3403          0.53340   [          0.39801           3.2549 ]
                         :       bjetmDEta:         0.014495          0.91412   [          -3.0644           3.1204 ]
                         :       bjetmDPhi:       -0.0068356           1.1158   [          -3.0780           3.1369 ]
                         :     dibjetsMass:           99.276           52.461   [           18.462           1038.0 ]
                         : bjetPt_dibjetsm:           107.40           66.425   [           30.750           1058.1 ]
                         :          cjetPt:           90.741           74.779   [           30.003           1240.1 ]
                         :          jet1pt:           143.47           90.345   [           39.376           1240.1 ]
                         :          jet2pt:           97.827           53.781   [           31.503           924.38 ]
                         :          jet3pt:           70.084           32.435   [           30.183           390.08 ]
                         :          jet4pt:           52.276           22.397   [           30.004           288.67 ]
                         :         jet1eta:         0.020338           1.0606   [          -2.3970           2.3950 ]
                         :         jet2eta:        0.0032864           1.0761   [          -2.3985           2.3978 ]
                         :         jet3eta:         0.013944           1.0938   [          -2.3998           2.3954 ]
                         :         jet4eta:        -0.012164           1.1334   [          -2.3994           2.3983 ]
                         :           jet1m:           245.86           219.10   [           44.351           3713.1 ]
                         :           jet2m:           167.72           131.70   [           36.132           2475.5 ]
                         :           jet3m:           121.81           85.341   [           31.444           1202.0 ]
                         :           jet4m:           94.835           68.633   [           30.358           1163.0 ]
                         :         jet1csv:          0.76437          0.32344   [         0.043629          0.99944 ]
                         :         jet2csv:          0.76429          0.32077   [         0.045896          0.99944 ]
                         :         jet3csv:          0.72146          0.34061   [         0.044938          0.99951 ]
                         :         jet4csv:          0.69481          0.34398   [         0.047307          0.99960 ]
                         :        jet1cvsl:          0.56627          0.48460   [         -0.65778          0.99678 ]
                         :        jet2cvsl:          0.58471          0.47747   [         -0.63700          0.99702 ]
                         :        jet3cvsl:          0.53212          0.50467   [         -0.64081          0.99751 ]
                         :        jet4cvsl:          0.48413          0.51921   [         -0.73119          0.99691 ]
                         :        jet1cvsb:         -0.29239          0.52576   [         -0.98171          0.82776 ]
                         :        jet2cvsb:         -0.29377          0.53095   [         -0.98422          0.83425 ]
                         :        jet3cvsb:         -0.22939          0.53975   [         -0.98103          0.85439 ]
                         :        jet4cvsb:         -0.18208          0.53459   [         -0.98567          0.84825 ]
                         :       DRlepWeta:        0.0088573          0.86648   [          -3.9093           4.0030 ]
                         :         DRlepWm:           94.533           48.813   [           1.3347           592.10 ]
                         :        DRjet0pt:           112.08           87.629   [           30.008           1240.1 ]
                         :       DRjet0eta:         0.012779           1.1696   [          -2.3985           2.3978 ]
                         :         DRjet0m:           14.970           9.9845   [           2.0735           177.26 ]
                         :       DRjet0csv:          0.67727          0.35621   [         0.043629          0.99960 ]
                         :      DRjet0cvsl:          0.45138          0.52574   [         -0.65778          0.99678 ]
                         :      DRjet0cvsb:         -0.17615          0.55328   [         -0.98422          0.83870 ]
                         :        DRjet1pt:           80.875           51.318   [           30.008           733.90 ]
                         :       DRjet1eta:         0.012180          0.99088   [          -2.3946           2.3918 ]
                         :         DRjet1m:           11.758           6.7049   [           2.5027           135.59 ]
                         :       DRjet1csv:          0.97903         0.027546   [          0.85027          0.99953 ]
                         :      DRjet1cvsl:          0.88065          0.16369   [         -0.35087          0.99751 ]
                         :      DRjet1cvsb:         -0.72270          0.25106   [         -0.98567          0.58483 ]
                         :        DRjet2pt:           81.972           60.231   [           30.005           1058.1 ]
                         :       DRjet2eta:        -0.010614           1.0483   [          -2.3994           2.3983 ]
                         :         DRjet2m:           12.030           8.2672   [           2.6097           177.93 ]
                         :       DRjet2csv:          0.93103         0.045489   [          0.84840          0.99939 ]
                         :      DRjet2cvsl:          0.81494          0.22511   [         -0.63700          0.99648 ]
                         :      DRjet2cvsb:         -0.42617          0.34541   [         -0.98271          0.74480 ]
                         :        DRjet3pt:           71.691           49.042   [           30.003           739.63 ]
                         :       DRjet3eta:        0.0063122           1.0767   [          -2.3981           2.3949 ]
                         :         DRjet3m:           10.917           6.4277   [           2.3588           89.415 ]
                         :       DRjet3csv:          0.44947          0.31967   [         0.040931          0.99817 ]
                         :      DRjet3cvsl:          0.14203          0.48667   [         -0.73119          0.99539 ]
                         :      DRjet3cvsb:          0.21264          0.37548   [         -0.98340          0.85439 ]
                         :       DRjet12pt:           136.75           79.666   [          0.69027           1015.5 ]
                         :      DRjet12eta:        0.0042872           1.1423   [          -6.2902           4.6945 ]
                         :        DRjet12m:           107.85           58.781   [           18.462           1144.1 ]
                         :       DRjet12DR:           1.4955          0.61371   [          0.39921           4.2853 ]
                         :       DRjet23pt:           124.01           79.136   [           1.6260           1093.3 ]
                         :      DRjet23eta:       -0.0037278           1.2696   [          -5.3583           4.8602 ]
                         :        DRjet23m:           106.46           68.899   [           20.736           1192.3 ]
                         :       DRjet31pt:           121.38           73.044   [           1.3545           793.39 ]
                         :      DRjet31eta:         0.010893           1.2298   [          -4.2298           5.3616 ]
                         :        DRjet31m:           108.27           66.445   [           20.153           1077.6 ]
                         :        DRlepTpt:           163.16           99.646   [           1.2122           1014.9 ]
                         :       DRlepTeta:         0.015208           1.2122   [          -5.3994           5.3351 ]
                         :         DRlepTm:           251.34           154.94   [           37.522           2085.0 ]
                         :        DRhadTpt:           174.48           96.167   [           1.8892           1050.6 ]
                         :       DRhadTeta:        0.0058775           1.2558   [          -5.1188           4.7438 ]
                         :         DRhadTm:           194.52           94.408   [           49.009           1429.6 ]
                         : ----------------------------------------------------------------------------------------------
                         : 
                         : <PlotVariables> Will not produce scatter plots ==> 
                         : |  The number of 77 input variables and 0 target values would require 2926 two-dimensional
                         : |  histograms, which would occupy the computer's memory. Note that this
                         : |  suppression does not have any consequences for your analysis, other
                         : |  than not disposing of these scatter plots. You can modify the maximum
                         : |  number of input variables allowed to generate scatter plots in your
                         : |  script via the command line:
                         : |  "(TMVA::gConfig().GetVariablePlotting()).fMaxNumOfAllowedVariablesForScatterPlots = <some int>;"
                         : 
                         : Some more output
Factory                  : Evaluate classifier: PyKeras
                         : 
TFHandler_PyKeras        :        Variable               Mean               RMS       [        Min               Max ]
                         : ----------------------------------------------------------------------------------------------
                         :           njets:        -0.011258          0.99665   [          -3.1115           5.7307 ]
                         :        nbjets_m:        -0.015387           1.0233   [          -3.0657           4.2816 ]
                         :        ncjets_m:       -0.0016772          0.99785   [          -3.0945           3.9643 ]
                         :         lepDPhi:         0.028971          0.99859   [          -3.3574           3.4740 ]
                         :       missingET:       0.00039341           1.0027   [          -3.1394           5.7307 ]
                         :         bjetmDR:        0.0028293          0.99612   [          -3.2026           5.7307 ]
                         :       bjetmDEta:        0.0035924          0.97653   [          -3.0634           5.7307 ]
                         :       bjetmDPhi:       -0.0060474          0.98842   [          -3.0477           3.4726 ]
                         :     dibjetsMass:        -0.021963          0.98235   [          -3.1289           5.7307 ]
                         : bjetPt_dibjetsm:         0.022305          0.99493   [          -3.0852           3.7967 ]
                         :          cjetPt:        0.0070353          0.99509   [          -3.1735           5.7307 ]
                         :          jet1pt:        -0.018231          0.98638   [          -3.1628           3.6292 ]
                         :          jet2pt:        0.0047770          0.98911   [          -2.9951           3.7631 ]
                         :          jet3pt:        0.0040184          0.98041   [          -3.2687           3.3434 ]
                         :          jet4pt:         0.029177          0.98037   [          -3.0585           3.7048 ]
                         :         jet1eta:         0.017713          0.99217   [          -3.0056           5.7307 ]
                         :         jet2eta:        0.0089540          0.99156   [          -3.0672           3.6603 ]
                         :         jet3eta:         0.016628          0.98095   [          -3.0253           3.7926 ]
                         :         jet4eta:       -0.0087671          0.98997   [          -3.1334           3.6764 ]
                         :           jet1m:        -0.011112          0.98456   [          -3.2374           5.7307 ]
                         :           jet2m:         0.013952          0.98981   [          -3.0755           5.7307 ]
                         :           jet3m:        0.0032744          0.97138   [          -3.3955           3.5499 ]
                         :           jet4m:         0.018161          0.98165   [          -3.0889           5.7307 ]
                         :         jet1csv:        0.0083752          0.96771   [          -3.0214           3.4391 ]
                         :         jet2csv:         0.017523          0.98243   [          -3.0700           3.7218 ]
                         :         jet3csv:         0.013695          0.99446   [          -3.1899           5.7307 ]
                         :         jet4csv:         0.026938          0.98941   [          -3.0416           5.7307 ]
                         :        jet1cvsl:        0.0098753          0.97624   [          -3.1028           3.7914 ]
                         :        jet2cvsl:         0.016190          0.99184   [          -3.1380           5.7307 ]
                         :        jet3cvsl:         0.014948          0.99907   [          -3.0518           3.6595 ]
                         :        jet4cvsl:         0.021539          0.99451   [          -3.0275           5.7307 ]
                         :        jet1cvsb:        -0.037284          0.99462   [          -3.1674           5.7307 ]
                         :        jet2cvsb:        -0.030691           1.0206   [          -3.0147           3.2364 ]
                         :        jet3cvsb:       -0.0079184          0.99516   [          -3.1652           3.2592 ]
                         :        jet4cvsb:        -0.025848          0.99956   [          -3.1182           3.3360 ]
                         :       DRlepWeta:       -0.0014861          0.98179   [          -3.1582           3.3952 ]
                         :         DRlepWm:        0.0064505          0.99427   [          -3.0461           5.7307 ]
                         :        DRjet0pt:        -0.012741          0.98874   [          -3.0677           3.4333 ]
                         :       DRjet0eta:        0.0077872          0.99880   [          -3.2555           5.7307 ]
                         :         DRjet0m:       -0.0075084          0.99160   [          -3.1498           5.7307 ]
                         :       DRjet0csv:        0.0095259          0.98383   [          -3.1273           5.7307 ]
                         :      DRjet0cvsl:      -0.00043050          0.99169   [          -3.0606           3.4599 ]
                         :      DRjet0cvsb:       -0.0062277          0.99847   [          -3.0345           3.5899 ]
                         :        DRjet1pt:        0.0089220          0.97928   [          -3.0932           5.7307 ]
                         :       DRjet1eta:         0.010960          0.97949   [          -3.1325           3.5724 ]
                         :         DRjet1m:        -0.017702          0.98258   [          -3.1428           3.7235 ]
                         :       DRjet1csv:         0.010249          0.96300   [          -3.1438           3.3441 ]
                         :      DRjet1cvsl:         0.015893          0.97733   [          -3.0116           3.9568 ]
                         :      DRjet1cvsb:        -0.018992          0.97556   [          -3.1145           3.2904 ]
                         :        DRjet2pt:         0.016417          0.99272   [          -3.1383           3.5736 ]
                         :       DRjet2eta:        -0.016969          0.98056   [          -3.3405           5.7307 ]
                         :         DRjet2m:       -0.0093451          0.98872   [          -3.0460           3.2300 ]
                         :       DRjet2csv:         0.012845           1.0097   [          -4.0604           5.7307 ]
                         :      DRjet2cvsl:         0.013264          0.97689   [          -3.1289           3.7126 ]
                         :      DRjet2cvsb:        -0.040990           1.0051   [          -3.0642           5.7307 ]
                         :        DRjet3pt:       -0.0041085          0.98013   [          -3.1054           3.5179 ]
                         :       DRjet3eta:         0.014875          0.98421   [          -3.0606           3.6284 ]
                         :         DRjet3m:         0.020284          0.97372   [          -3.0945           3.3222 ]
                         :       DRjet3csv:         0.029976          0.99823   [          -3.1250           3.3574 ]
                         :      DRjet3cvsl:         0.028394           1.0224   [          -3.1300           3.5580 ]
                         :      DRjet3cvsb:        0.0063782           1.0041   [          -3.0516           3.5508 ]
                         :       DRjet12pt:        0.0070641          0.98924   [          -3.0833           5.7307 ]
                         :      DRjet12eta:       0.00094252          0.98008   [          -5.7307           3.3701 ]
                         :        DRjet12m:       -0.0097836          0.98411   [          -3.1849           5.7307 ]
                         :       DRjet12DR:        0.0020171          0.99697   [          -3.4261           3.4188 ]
                         :       DRjet23pt:         0.024262          0.98371   [          -3.0768           5.7307 ]
                         :      DRjet23eta:       -0.0027632          0.98251   [          -3.1090           3.3595 ]
                         :        DRjet23m:       -0.0036007          0.98061   [          -3.1001           3.3143 ]
                         :       DRjet31pt:        0.0081090          0.98290   [          -3.1113           5.7307 ]
                         :      DRjet31eta:      -0.00065378          0.97336   [          -3.0119           5.7307 ]
                         :        DRjet31m:        -0.019433          0.97365   [          -3.0406           3.8629 ]
                         :        DRlepTpt:         0.013991          0.99633   [          -3.1840           3.5260 ]
                         :       DRlepTeta:        0.0049592          0.97876   [          -3.2367           3.5424 ]
                         :         DRlepTm:       -0.0073313          0.97897   [          -3.7019           3.4402 ]
                         :        DRhadTpt:       -0.0044351           1.0001   [          -3.3269           3.6503 ]
                         :       DRhadTeta:       0.00060764          0.99345   [          -3.4175           5.7307 ]
                         :         DRhadTm:        -0.031700          0.99335   [          -3.6240           3.5684 ]
                         : ----------------------------------------------------------------------------------------------
PyKeras                  : [keras_Hct1] : Loop over test events and fill histograms with classifier response...
                         : 
TFHandler_PyKeras        :        Variable               Mean               RMS       [        Min               Max ]
                         : ----------------------------------------------------------------------------------------------
                         :           njets:        -0.011258          0.99665   [          -3.1115           5.7307 ]
                         :        nbjets_m:        -0.015387           1.0233   [          -3.0657           4.2816 ]
                         :        ncjets_m:       -0.0016772          0.99785   [          -3.0945           3.9643 ]
                         :         lepDPhi:         0.028971          0.99859   [          -3.3574           3.4740 ]
                         :       missingET:       0.00039341           1.0027   [          -3.1394           5.7307 ]
                         :         bjetmDR:        0.0028293          0.99612   [          -3.2026           5.7307 ]
                         :       bjetmDEta:        0.0035924          0.97653   [          -3.0634           5.7307 ]
                         :       bjetmDPhi:       -0.0060474          0.98842   [          -3.0477           3.4726 ]
                         :     dibjetsMass:        -0.021963          0.98235   [          -3.1289           5.7307 ]
                         : bjetPt_dibjetsm:         0.022305          0.99493   [          -3.0852           3.7967 ]
                         :          cjetPt:        0.0070353          0.99509   [          -3.1735           5.7307 ]
                         :          jet1pt:        -0.018231          0.98638   [          -3.1628           3.6292 ]
                         :          jet2pt:        0.0047770          0.98911   [          -2.9951           3.7631 ]
                         :          jet3pt:        0.0040184          0.98041   [          -3.2687           3.3434 ]
                         :          jet4pt:         0.029177          0.98037   [          -3.0585           3.7048 ]
                         :         jet1eta:         0.017713          0.99217   [          -3.0056           5.7307 ]
                         :         jet2eta:        0.0089540          0.99156   [          -3.0672           3.6603 ]
                         :         jet3eta:         0.016628          0.98095   [          -3.0253           3.7926 ]
                         :         jet4eta:       -0.0087671          0.98997   [          -3.1334           3.6764 ]
                         :           jet1m:        -0.011112          0.98456   [          -3.2374           5.7307 ]
                         :           jet2m:         0.013952          0.98981   [          -3.0755           5.7307 ]
                         :           jet3m:        0.0032744          0.97138   [          -3.3955           3.5499 ]
                         :           jet4m:         0.018161          0.98165   [          -3.0889           5.7307 ]
                         :         jet1csv:        0.0083752          0.96771   [          -3.0214           3.4391 ]
                         :         jet2csv:         0.017523          0.98243   [          -3.0700           3.7218 ]
                         :         jet3csv:         0.013695          0.99446   [          -3.1899           5.7307 ]
                         :         jet4csv:         0.026938          0.98941   [          -3.0416           5.7307 ]
                         :        jet1cvsl:        0.0098753          0.97624   [          -3.1028           3.7914 ]
                         :        jet2cvsl:         0.016190          0.99184   [          -3.1380           5.7307 ]
                         :        jet3cvsl:         0.014948          0.99907   [          -3.0518           3.6595 ]
                         :        jet4cvsl:         0.021539          0.99451   [          -3.0275           5.7307 ]
                         :        jet1cvsb:        -0.037284          0.99462   [          -3.1674           5.7307 ]
                         :        jet2cvsb:        -0.030691           1.0206   [          -3.0147           3.2364 ]
                         :        jet3cvsb:       -0.0079184          0.99516   [          -3.1652           3.2592 ]
                         :        jet4cvsb:        -0.025848          0.99956   [          -3.1182           3.3360 ]
                         :       DRlepWeta:       -0.0014861          0.98179   [          -3.1582           3.3952 ]
                         :         DRlepWm:        0.0064505          0.99427   [          -3.0461           5.7307 ]
                         :        DRjet0pt:        -0.012741          0.98874   [          -3.0677           3.4333 ]
                         :       DRjet0eta:        0.0077872          0.99880   [          -3.2555           5.7307 ]
                         :         DRjet0m:       -0.0075084          0.99160   [          -3.1498           5.7307 ]
                         :       DRjet0csv:        0.0095259          0.98383   [          -3.1273           5.7307 ]
                         :      DRjet0cvsl:      -0.00043050          0.99169   [          -3.0606           3.4599 ]
                         :      DRjet0cvsb:       -0.0062277          0.99847   [          -3.0345           3.5899 ]
                         :        DRjet1pt:        0.0089220          0.97928   [          -3.0932           5.7307 ]
                         :       DRjet1eta:         0.010960          0.97949   [          -3.1325           3.5724 ]
                         :         DRjet1m:        -0.017702          0.98258   [          -3.1428           3.7235 ]
                         :       DRjet1csv:         0.010249          0.96300   [          -3.1438           3.3441 ]
                         :      DRjet1cvsl:         0.015893          0.97733   [          -3.0116           3.9568 ]
                         :      DRjet1cvsb:        -0.018992          0.97556   [          -3.1145           3.2904 ]
                         :        DRjet2pt:         0.016417          0.99272   [          -3.1383           3.5736 ]
                         :       DRjet2eta:        -0.016969          0.98056   [          -3.3405           5.7307 ]
                         :         DRjet2m:       -0.0093451          0.98872   [          -3.0460           3.2300 ]
                         :       DRjet2csv:         0.012845           1.0097   [          -4.0604           5.7307 ]
                         :      DRjet2cvsl:         0.013264          0.97689   [          -3.1289           3.7126 ]
                         :      DRjet2cvsb:        -0.040990           1.0051   [          -3.0642           5.7307 ]
                         :        DRjet3pt:       -0.0041085          0.98013   [          -3.1054           3.5179 ]
                         :       DRjet3eta:         0.014875          0.98421   [          -3.0606           3.6284 ]
                         :         DRjet3m:         0.020284          0.97372   [          -3.0945           3.3222 ]
                         :       DRjet3csv:         0.029976          0.99823   [          -3.1250           3.3574 ]
                         :      DRjet3cvsl:         0.028394           1.0224   [          -3.1300           3.5580 ]
                         :      DRjet3cvsb:        0.0063782           1.0041   [          -3.0516           3.5508 ]
                         :       DRjet12pt:        0.0070641          0.98924   [          -3.0833           5.7307 ]
                         :      DRjet12eta:       0.00094252          0.98008   [          -5.7307           3.3701 ]
                         :        DRjet12m:       -0.0097836          0.98411   [          -3.1849           5.7307 ]
                         :       DRjet12DR:        0.0020171          0.99697   [          -3.4261           3.4188 ]
                         :       DRjet23pt:         0.024262          0.98371   [          -3.0768           5.7307 ]
                         :      DRjet23eta:       -0.0027632          0.98251   [          -3.1090           3.3595 ]
                         :        DRjet23m:       -0.0036007          0.98061   [          -3.1001           3.3143 ]
                         :       DRjet31pt:        0.0081090          0.98290   [          -3.1113           5.7307 ]
                         :      DRjet31eta:      -0.00065378          0.97336   [          -3.0119           5.7307 ]
                         :        DRjet31m:        -0.019433          0.97365   [          -3.0406           3.8629 ]
                         :        DRlepTpt:         0.013991          0.99633   [          -3.1840           3.5260 ]
                         :       DRlepTeta:        0.0049592          0.97876   [          -3.2367           3.5424 ]
                         :         DRlepTm:       -0.0073313          0.97897   [          -3.7019           3.4402 ]
                         :        DRhadTpt:       -0.0044351           1.0001   [          -3.3269           3.6503 ]
                         :       DRhadTeta:       0.00060764          0.99345   [          -3.4175           5.7307 ]
                         :         DRhadTm:        -0.031700          0.99335   [          -3.6240           3.5684 ]
                         : ----------------------------------------------------------------------------------------------
                         : 
                         : <PlotVariables> Will not produce scatter plots ==> 
                         : |  The number of 77 input variables and 0 target values would require 2926 two-dimensional
                         : |  histograms, which would occupy the computer's memory. Note that this
                         : |  suppression does not have any consequences for your analysis, other
                         : |  than not disposing of these scatter plots. You can modify the maximum
                         : |  number of input variables allowed to generate scatter plots in your
                         : |  script via the command line:
                         : |  "(TMVA::gConfig().GetVariablePlotting()).fMaxNumOfAllowedVariablesForScatterPlots = <some int>;"
                         : 
                         : Some more output
                         : 
                         : Evaluation results ranked by best signal efficiency and purity (area)
                         : -------------------------------------------------------------------------------------------------------------------
                         : DataSet       MVA                       
                         : Name:         Method:          ROC-integ
                         : keras_Hct1    BDT            : 0.744
                         : keras_Hct1    PyKeras        : 0.734
                         : -------------------------------------------------------------------------------------------------------------------
                         : 
                         : Testing efficiency compared to training efficiency (overtraining check)
                         : -------------------------------------------------------------------------------------------------------------------
                         : DataSet              MVA              Signal efficiency: from test sample (from training sample) 
                         : Name:                Method:          @B=0.01             @B=0.10            @B=0.30   
                         : -------------------------------------------------------------------------------------------------------------------
                         : keras_Hct1           BDT            : 0.099 (0.129)       0.370 (0.417)      0.656 (0.679)
                         : keras_Hct1           PyKeras        : 0.097 (0.175)       0.366 (0.458)      0.633 (0.702)
                         : -------------------------------------------------------------------------------------------------------------------
                         : 
Dataset:keras_Hct1       : Created tree 'TestTree' with 10000 events
                         : 
Dataset:keras_Hct1       : Created tree 'TrainTree' with 70000 events
                         : 
Factory                  : Thank you for using TMVA!
                         : For citation information, please visit: http://tmva.sf.net/citeTMVA.html

